[26-Apr-2024 01:25:20 UTC] email.ERROR: Failed to send email via sendmail with the exception Symfony\Component\Mailer\Exception\TransportException: Connection to "process /usr/sbin/sendmail -bs" has been closed unexpectedly. in /var/www/vendor/symfony/mailer/Transport/Smtp/Stream/AbstractStream.php:88
Stack trace:
#0 /var/www/vendor/symfony/mailer/Transport/Smtp/SmtpTransport.php(346): Symfony\Component\Mailer\Transport\Smtp\Stream\AbstractStream->readLine()
#1 /var/www/vendor/symfony/mailer/Transport/Smtp/SmtpTransport.php(276): Symfony\Component\Mailer\Transport\Smtp\SmtpTransport->getFullResponse()
#2 /var/www/vendor/symfony/mailer/Transport/Smtp/SmtpTransport.php(209): Symfony\Component\Mailer\Transport\Smtp\SmtpTransport->start()
#3 /var/www/vendor/symfony/mailer/Transport/AbstractTransport.php(69): Symfony\Component\Mailer\Transport\Smtp\SmtpTransport->doSend()
#4 /var/www/vendor/symfony/mailer/Transport/Smtp/SmtpTransport.php(137): Symfony\Component\Mailer\Transport\AbstractTransport->send()
#5 /var/www/vendor/symfony/mailer/Transport/SendmailTransport.php(74): Symfony\Component\Mailer\Transport\Smtp\SmtpTransport->send()
#6 /var/www/vendor/symfony/mailer/Mailer.php(42): Symfony\Component\Mailer\Transport\SendmailTransport->send()
#7 /var/www/library/FOSSBilling/Mail.php(177): Symfony\Component\Mailer\Mailer->send()
#8 /var/www/modules/Email/Service.php(639): FOSSBilling\Mail->send()
#9 /var/www/modules/Email/Service.php(598): Box\Mod\Email\Service->_sendFromQueue()
#10 /var/www/modules/Email/Api/Admin.php(358): Box\Mod\Email\Service->batchSend()
#11 /var/www/library/Api/Handler.php(103): Box\Mod\Email\Api\Admin->batch_sendmail()
#12 /var/www/modules/Cron/Service.php(91): Api_Handler->__call()
#13 /var/www/modules/Cron/Service.php(70): Box\Mod\Cron\Service->_exec()
#14 /var/www/modules/System/Service.php(296): Box\Mod\Cron\Service->runCrons()
#15 /var/www/vendor/symfony/cache/LockRegistry.php(111): Box\Mod\System\Service->Box\Mod\System\{closure}()
#16 /var/www/vendor/symfony/cache/Traits/ContractsTrait.php(102): Symfony\Component\Cache\LockRegistry::compute()
#17 /var/www/vendor/symfony/cache-contracts/CacheTrait.php(64): Symfony\Component\Cache\Adapter\AbstractAdapter->Symfony\Component\Cache\Traits\{closure}()
#18 /var/www/vendor/symfony/cache/Traits/ContractsTrait.php(85): Symfony\Component\Cache\Adapter\AbstractAdapter->contractsGet()
#19 /var/www/vendor/symfony/cache-contracts/CacheTrait.php(30): Symfony\Component\Cache\Adapter\AbstractAdapter->doGet()
#20 /var/www/modules/System/Service.php(290): Symfony\Component\Cache\Adapter\AbstractAdapter->get()
#21 /var/www/modules/System/Api/Admin.php(53): Box\Mod\System\Service->getMessages()
#22 /var/www/library/Api/Handler.php(103): Box\Mod\System\Api\Admin->messages()
#23 /var/www/vendor/twig/twig/src/Extension/CoreExtension.php(1635): Api_Handler->__call()
#24 /var/www/data/cache/05/051c2056f1fbdbc131ab016ff8fa9813.php(124): twig_get_attribute()
#25 /var/www/vendor/twig/twig/src/Template.php(171): __TwigTemplate_4347f61ad47cff1bf4e1866f261c285a->block_content()
#26 /var/www/data/cache/32/32e2b51f5cdd1f922a06f2565797b188.php(440): Twig\Template->displayBlock()
#27 /var/www/vendor/twig/twig/src/Template.php(394): __TwigTemplate_c1bc90363b97e67bbd06f03d6c8f5864->doDisplay()
#28 /var/www/vendor/twig/twig/src/Template.php(367): Twig\Template->displayWithErrorHandling()
#29 /var/www/data/cache/05/051c2056f1fbdbc131ab016ff8fa9813.php(47): Twig\Template->display()
#30 /var/www/vendor/twig/twig/src/Template.php(394): __TwigTemplate_4347f61ad47cff1bf4e1866f261c285a->doDisplay()
#31 /var/www/vendor/twig/twig/src/Template.php(367): Twig\Template->displayWithErrorHandling()
#32 /var/www/vendor/twig/twig/src/Template.php(379): Twig\Template->display()
#33 /var/www/vendor/twig/twig/src/TemplateWrapper.php(38): Twig\Template->render()
#34 /var/www/library/Box/AppAdmin.php(45): Twig\TemplateWrapper->render()
#35 /var/www/modules/Index/Controller/Admin.php(40): Box_AppAdmin->render()
#36 [internal function]: Box\Mod\Index\Controller\Admin->get_index()
#37 /var/www/library/Box/App.php(187): ReflectionMethod->invokeArgs()
#38 /var/www/library/Box/App.php(318): Box_App->executeShared()
#39 /var/www/library/Box/App.php(129): Box_App->processRequest()
#40 /var/www/index.php(94): Box_App->run()
#41 {main}  
[26-Apr-2024 01:25:20 UTC] email.ERROR: Failed to send email via sendmail with the exception Symfony\Component\Mailer\Exception\TransportException: Connection to "process /usr/sbin/sendmail -bs" has been closed unexpectedly. in /var/www/vendor/symfony/mailer/Transport/Smtp/Stream/AbstractStream.php:88
Stack trace:
#0 /var/www/vendor/symfony/mailer/Transport/Smtp/SmtpTransport.php(346): Symfony\Component\Mailer\Transport\Smtp\Stream\AbstractStream->readLine()
#1 /var/www/vendor/symfony/mailer/Transport/Smtp/SmtpTransport.php(276): Symfony\Component\Mailer\Transport\Smtp\SmtpTransport->getFullResponse()
#2 /var/www/vendor/symfony/mailer/Transport/Smtp/SmtpTransport.php(209): Symfony\Component\Mailer\Transport\Smtp\SmtpTransport->start()
#3 /var/www/vendor/symfony/mailer/Transport/AbstractTransport.php(69): Symfony\Component\Mailer\Transport\Smtp\SmtpTransport->doSend()
#4 /var/www/vendor/symfony/mailer/Transport/Smtp/SmtpTransport.php(137): Symfony\Component\Mailer\Transport\AbstractTransport->send()
#5 /var/www/vendor/symfony/mailer/Transport/SendmailTransport.php(74): Symfony\Component\Mailer\Transport\Smtp\SmtpTransport->send()
#6 /var/www/vendor/symfony/mailer/Mailer.php(42): Symfony\Component\Mailer\Transport\SendmailTransport->send()
#7 /var/www/library/FOSSBilling/Mail.php(177): Symfony\Component\Mailer\Mailer->send()
#8 /var/www/modules/Email/Service.php(639): FOSSBilling\Mail->send()
#9 /var/www/modules/Email/Service.php(598): Box\Mod\Email\Service->_sendFromQueue()
#10 /var/www/modules/Email/Api/Admin.php(358): Box\Mod\Email\Service->batchSend()
#11 /var/www/library/Api/Handler.php(103): Box\Mod\Email\Api\Admin->batch_sendmail()
#12 /var/www/modules/Cron/Service.php(91): Api_Handler->__call()
#13 /var/www/modules/Cron/Service.php(70): Box\Mod\Cron\Service->_exec()
#14 /var/www/modules/System/Service.php(296): Box\Mod\Cron\Service->runCrons()
#15 /var/www/vendor/symfony/cache/LockRegistry.php(111): Box\Mod\System\Service->Box\Mod\System\{closure}()
#16 /var/www/vendor/symfony/cache/Traits/ContractsTrait.php(102): Symfony\Component\Cache\LockRegistry::compute()
#17 /var/www/vendor/symfony/cache-contracts/CacheTrait.php(64): Symfony\Component\Cache\Adapter\AbstractAdapter->Symfony\Component\Cache\Traits\{closure}()
#18 /var/www/vendor/symfony/cache/Traits/ContractsTrait.php(85): Symfony\Component\Cache\Adapter\AbstractAdapter->contractsGet()
#19 /var/www/vendor/symfony/cache-contracts/CacheTrait.php(30): Symfony\Component\Cache\Adapter\AbstractAdapter->doGet()
#20 /var/www/modules/System/Service.php(290): Symfony\Component\Cache\Adapter\AbstractAdapter->get()
#21 /var/www/modules/System/Api/Admin.php(53): Box\Mod\System\Service->getMessages()
#22 /var/www/library/Api/Handler.php(103): Box\Mod\System\Api\Admin->messages()
#23 /var/www/vendor/twig/twig/src/Extension/CoreExtension.php(1635): Api_Handler->__call()
#24 /var/www/data/cache/05/051c2056f1fbdbc131ab016ff8fa9813.php(124): twig_get_attribute()
#25 /var/www/vendor/twig/twig/src/Template.php(171): __TwigTemplate_4347f61ad47cff1bf4e1866f261c285a->block_content()
#26 /var/www/data/cache/32/32e2b51f5cdd1f922a06f2565797b188.php(440): Twig\Template->displayBlock()
#27 /var/www/vendor/twig/twig/src/Template.php(394): __TwigTemplate_c1bc90363b97e67bbd06f03d6c8f5864->doDisplay()
#28 /var/www/vendor/twig/twig/src/Template.php(367): Twig\Template->displayWithErrorHandling()
#29 /var/www/data/cache/05/051c2056f1fbdbc131ab016ff8fa9813.php(47): Twig\Template->display()
#30 /var/www/vendor/twig/twig/src/Template.php(394): __TwigTemplate_4347f61ad47cff1bf4e1866f261c285a->doDisplay()
#31 /var/www/vendor/twig/twig/src/Template.php(367): Twig\Template->displayWithErrorHandling()
#32 /var/www/vendor/twig/twig/src/Template.php(379): Twig\Template->display()
#33 /var/www/vendor/twig/twig/src/TemplateWrapper.php(38): Twig\Template->render()
#34 /var/www/library/Box/AppAdmin.php(45): Twig\TemplateWrapper->render()
#35 /var/www/modules/Index/Controller/Admin.php(40): Box_AppAdmin->render()
#36 [internal function]: Box\Mod\Index\Controller\Admin->get_index()
#37 /var/www/library/Box/App.php(187): ReflectionMethod->invokeArgs()
#38 /var/www/library/Box/App.php(318): Box_App->executeShared()
#39 /var/www/library/Box/App.php(129): Box_App->processRequest()
#40 /var/www/index.php(94): Box_App->run()
#41 {main}  
[26-Apr-2024 15:22:37 UTC] email.ERROR: Failed to send email via sendmail with the exception Symfony\Component\Mailer\Exception\TransportException: Connection to "process /usr/sbin/sendmail -bs" has been closed unexpectedly. in /var/www/vendor/symfony/mailer/Transport/Smtp/Stream/AbstractStream.php:88
Stack trace:
#0 /var/www/vendor/symfony/mailer/Transport/Smtp/SmtpTransport.php(346): Symfony\Component\Mailer\Transport\Smtp\Stream\AbstractStream->readLine()
#1 /var/www/vendor/symfony/mailer/Transport/Smtp/SmtpTransport.php(276): Symfony\Component\Mailer\Transport\Smtp\SmtpTransport->getFullResponse()
#2 /var/www/vendor/symfony/mailer/Transport/Smtp/SmtpTransport.php(209): Symfony\Component\Mailer\Transport\Smtp\SmtpTransport->start()
#3 /var/www/vendor/symfony/mailer/Transport/AbstractTransport.php(69): Symfony\Component\Mailer\Transport\Smtp\SmtpTransport->doSend()
#4 /var/www/vendor/symfony/mailer/Transport/Smtp/SmtpTransport.php(137): Symfony\Component\Mailer\Transport\AbstractTransport->send()
#5 /var/www/vendor/symfony/mailer/Transport/SendmailTransport.php(74): Symfony\Component\Mailer\Transport\Smtp\SmtpTransport->send()
#6 /var/www/vendor/symfony/mailer/Mailer.php(42): Symfony\Component\Mailer\Transport\SendmailTransport->send()
#7 /var/www/library/FOSSBilling/Mail.php(177): Symfony\Component\Mailer\Mailer->send()
#8 /var/www/modules/Email/Service.php(639): FOSSBilling\Mail->send()
#9 /var/www/modules/Email/Service.php(598): Box\Mod\Email\Service->_sendFromQueue()
#10 /var/www/modules/Email/Api/Admin.php(358): Box\Mod\Email\Service->batchSend()
#11 /var/www/library/Api/Handler.php(103): Box\Mod\Email\Api\Admin->batch_sendmail()
#12 /var/www/modules/Cron/Service.php(91): Api_Handler->__call()
#13 /var/www/modules/Cron/Service.php(70): Box\Mod\Cron\Service->_exec()
#14 /var/www/modules/System/Service.php(296): Box\Mod\Cron\Service->runCrons()
#15 /var/www/vendor/symfony/cache/LockRegistry.php(111): Box\Mod\System\Service->Box\Mod\System\{closure}()
#16 /var/www/vendor/symfony/cache/Traits/ContractsTrait.php(102): Symfony\Component\Cache\LockRegistry::compute()
#17 /var/www/vendor/symfony/cache-contracts/CacheTrait.php(64): Symfony\Component\Cache\Adapter\AbstractAdapter->Symfony\Component\Cache\Traits\{closure}()
#18 /var/www/vendor/symfony/cache/Traits/ContractsTrait.php(85): Symfony\Component\Cache\Adapter\AbstractAdapter->contractsGet()
#19 /var/www/vendor/symfony/cache-contracts/CacheTrait.php(30): Symfony\Component\Cache\Adapter\AbstractAdapter->doGet()
#20 /var/www/modules/System/Service.php(290): Symfony\Component\Cache\Adapter\AbstractAdapter->get()
#21 /var/www/modules/System/Api/Admin.php(53): Box\Mod\System\Service->getMessages()
#22 /var/www/library/Api/Handler.php(103): Box\Mod\System\Api\Admin->messages()
#23 /var/www/vendor/twig/twig/src/Extension/CoreExtension.php(1635): Api_Handler->__call()
#24 /var/www/data/cache/05/051c2056f1fbdbc131ab016ff8fa9813.php(124): twig_get_attribute()
#25 /var/www/vendor/twig/twig/src/Template.php(171): __TwigTemplate_4347f61ad47cff1bf4e1866f261c285a->block_content()
#26 /var/www/data/cache/32/32e2b51f5cdd1f922a06f2565797b188.php(440): Twig\Template->displayBlock()
#27 /var/www/vendor/twig/twig/src/Template.php(394): __TwigTemplate_c1bc90363b97e67bbd06f03d6c8f5864->doDisplay()
#28 /var/www/vendor/twig/twig/src/Template.php(367): Twig\Template->displayWithErrorHandling()
#29 /var/www/data/cache/05/051c2056f1fbdbc131ab016ff8fa9813.php(47): Twig\Template->display()
#30 /var/www/vendor/twig/twig/src/Template.php(394): __TwigTemplate_4347f61ad47cff1bf4e1866f261c285a->doDisplay()
#31 /var/www/vendor/twig/twig/src/Template.php(367): Twig\Template->displayWithErrorHandling()
#32 /var/www/vendor/twig/twig/src/Template.php(379): Twig\Template->display()
#33 /var/www/vendor/twig/twig/src/TemplateWrapper.php(38): Twig\Template->render()
#34 /var/www/library/Box/AppAdmin.php(45): Twig\TemplateWrapper->render()
#35 /var/www/modules/Index/Controller/Admin.php(40): Box_AppAdmin->render()
#36 [internal function]: Box\Mod\Index\Controller\Admin->get_index()
#37 /var/www/library/Box/App.php(187): ReflectionMethod->invokeArgs()
#38 /var/www/library/Box/App.php(318): Box_App->executeShared()
#39 /var/www/library/Box/App.php(129): Box_App->processRequest()
#40 /var/www/index.php(94): Box_App->run()
#41 {main}  
[26-Apr-2024 15:22:37 UTC] email.ERROR: Failed to send email via sendmail with the exception Symfony\Component\Mailer\Exception\TransportException: Connection to "process /usr/sbin/sendmail -bs" has been closed unexpectedly. in /var/www/vendor/symfony/mailer/Transport/Smtp/Stream/AbstractStream.php:88
Stack trace:
#0 /var/www/vendor/symfony/mailer/Transport/Smtp/SmtpTransport.php(346): Symfony\Component\Mailer\Transport\Smtp\Stream\AbstractStream->readLine()
#1 /var/www/vendor/symfony/mailer/Transport/Smtp/SmtpTransport.php(276): Symfony\Component\Mailer\Transport\Smtp\SmtpTransport->getFullResponse()
#2 /var/www/vendor/symfony/mailer/Transport/Smtp/SmtpTransport.php(209): Symfony\Component\Mailer\Transport\Smtp\SmtpTransport->start()
#3 /var/www/vendor/symfony/mailer/Transport/AbstractTransport.php(69): Symfony\Component\Mailer\Transport\Smtp\SmtpTransport->doSend()
#4 /var/www/vendor/symfony/mailer/Transport/Smtp/SmtpTransport.php(137): Symfony\Component\Mailer\Transport\AbstractTransport->send()
#5 /var/www/vendor/symfony/mailer/Transport/SendmailTransport.php(74): Symfony\Component\Mailer\Transport\Smtp\SmtpTransport->send()
#6 /var/www/vendor/symfony/mailer/Mailer.php(42): Symfony\Component\Mailer\Transport\SendmailTransport->send()
#7 /var/www/library/FOSSBilling/Mail.php(177): Symfony\Component\Mailer\Mailer->send()
#8 /var/www/modules/Email/Service.php(639): FOSSBilling\Mail->send()
#9 /var/www/modules/Email/Service.php(598): Box\Mod\Email\Service->_sendFromQueue()
#10 /var/www/modules/Email/Api/Admin.php(358): Box\Mod\Email\Service->batchSend()
#11 /var/www/library/Api/Handler.php(103): Box\Mod\Email\Api\Admin->batch_sendmail()
#12 /var/www/modules/Cron/Service.php(91): Api_Handler->__call()
#13 /var/www/modules/Cron/Service.php(70): Box\Mod\Cron\Service->_exec()
#14 /var/www/modules/System/Service.php(296): Box\Mod\Cron\Service->runCrons()
#15 /var/www/vendor/symfony/cache/LockRegistry.php(111): Box\Mod\System\Service->Box\Mod\System\{closure}()
#16 /var/www/vendor/symfony/cache/Traits/ContractsTrait.php(102): Symfony\Component\Cache\LockRegistry::compute()
#17 /var/www/vendor/symfony/cache-contracts/CacheTrait.php(64): Symfony\Component\Cache\Adapter\AbstractAdapter->Symfony\Component\Cache\Traits\{closure}()
#18 /var/www/vendor/symfony/cache/Traits/ContractsTrait.php(85): Symfony\Component\Cache\Adapter\AbstractAdapter->contractsGet()
#19 /var/www/vendor/symfony/cache-contracts/CacheTrait.php(30): Symfony\Component\Cache\Adapter\AbstractAdapter->doGet()
#20 /var/www/modules/System/Service.php(290): Symfony\Component\Cache\Adapter\AbstractAdapter->get()
#21 /var/www/modules/System/Api/Admin.php(53): Box\Mod\System\Service->getMessages()
#22 /var/www/library/Api/Handler.php(103): Box\Mod\System\Api\Admin->messages()
#23 /var/www/vendor/twig/twig/src/Extension/CoreExtension.php(1635): Api_Handler->__call()
#24 /var/www/data/cache/05/051c2056f1fbdbc131ab016ff8fa9813.php(124): twig_get_attribute()
#25 /var/www/vendor/twig/twig/src/Template.php(171): __TwigTemplate_4347f61ad47cff1bf4e1866f261c285a->block_content()
#26 /var/www/data/cache/32/32e2b51f5cdd1f922a06f2565797b188.php(440): Twig\Template->displayBlock()
#27 /var/www/vendor/twig/twig/src/Template.php(394): __TwigTemplate_c1bc90363b97e67bbd06f03d6c8f5864->doDisplay()
#28 /var/www/vendor/twig/twig/src/Template.php(367): Twig\Template->displayWithErrorHandling()
#29 /var/www/data/cache/05/051c2056f1fbdbc131ab016ff8fa9813.php(47): Twig\Template->display()
#30 /var/www/vendor/twig/twig/src/Template.php(394): __TwigTemplate_4347f61ad47cff1bf4e1866f261c285a->doDisplay()
#31 /var/www/vendor/twig/twig/src/Template.php(367): Twig\Template->displayWithErrorHandling()
#32 /var/www/vendor/twig/twig/src/Template.php(379): Twig\Template->display()
#33 /var/www/vendor/twig/twig/src/TemplateWrapper.php(38): Twig\Template->render()
#34 /var/www/library/Box/AppAdmin.php(45): Twig\TemplateWrapper->render()
#35 /var/www/modules/Index/Controller/Admin.php(40): Box_AppAdmin->render()
#36 [internal function]: Box\Mod\Index\Controller\Admin->get_index()
#37 /var/www/library/Box/App.php(187): ReflectionMethod->invokeArgs()
#38 /var/www/library/Box/App.php(318): Box_App->executeShared()
#39 /var/www/library/Box/App.php(129): Box_App->processRequest()
#40 /var/www/index.php(94): Box_App->run()
#41 {main}  
[26-Apr-2024 16:21:45 UTC] email.ERROR: Failed to send email via sendmail with the exception Symfony\Component\Mailer\Exception\TransportException: Connection to "process /usr/sbin/sendmail -bs" has been closed unexpectedly. in /var/www/vendor/symfony/mailer/Transport/Smtp/Stream/AbstractStream.php:88
Stack trace:
#0 /var/www/vendor/symfony/mailer/Transport/Smtp/SmtpTransport.php(346): Symfony\Component\Mailer\Transport\Smtp\Stream\AbstractStream->readLine()
#1 /var/www/vendor/symfony/mailer/Transport/Smtp/SmtpTransport.php(276): Symfony\Component\Mailer\Transport\Smtp\SmtpTransport->getFullResponse()
#2 /var/www/vendor/symfony/mailer/Transport/Smtp/SmtpTransport.php(209): Symfony\Component\Mailer\Transport\Smtp\SmtpTransport->start()
#3 /var/www/vendor/symfony/mailer/Transport/AbstractTransport.php(69): Symfony\Component\Mailer\Transport\Smtp\SmtpTransport->doSend()
#4 /var/www/vendor/symfony/mailer/Transport/Smtp/SmtpTransport.php(137): Symfony\Component\Mailer\Transport\AbstractTransport->send()
#5 /var/www/vendor/symfony/mailer/Transport/SendmailTransport.php(74): Symfony\Component\Mailer\Transport\Smtp\SmtpTransport->send()
#6 /var/www/vendor/symfony/mailer/Mailer.php(42): Symfony\Component\Mailer\Transport\SendmailTransport->send()
#7 /var/www/library/FOSSBilling/Mail.php(177): Symfony\Component\Mailer\Mailer->send()
#8 /var/www/modules/Email/Service.php(639): FOSSBilling\Mail->send()
#9 /var/www/modules/Email/Service.php(598): Box\Mod\Email\Service->_sendFromQueue()
#10 /var/www/modules/Email/Api/Admin.php(358): Box\Mod\Email\Service->batchSend()
#11 /var/www/library/Api/Handler.php(103): Box\Mod\Email\Api\Admin->batch_sendmail()
#12 /var/www/modules/Cron/Service.php(91): Api_Handler->__call()
#13 /var/www/modules/Cron/Service.php(70): Box\Mod\Cron\Service->_exec()
#14 /var/www/modules/System/Service.php(296): Box\Mod\Cron\Service->runCrons()
#15 /var/www/vendor/symfony/cache/LockRegistry.php(111): Box\Mod\System\Service->Box\Mod\System\{closure}()
#16 /var/www/vendor/symfony/cache/Traits/ContractsTrait.php(102): Symfony\Component\Cache\LockRegistry::compute()
#17 /var/www/vendor/symfony/cache-contracts/CacheTrait.php(64): Symfony\Component\Cache\Adapter\AbstractAdapter->Symfony\Component\Cache\Traits\{closure}()
#18 /var/www/vendor/symfony/cache/Traits/ContractsTrait.php(85): Symfony\Component\Cache\Adapter\AbstractAdapter->contractsGet()
#19 /var/www/vendor/symfony/cache-contracts/CacheTrait.php(30): Symfony\Component\Cache\Adapter\AbstractAdapter->doGet()
#20 /var/www/modules/System/Service.php(290): Symfony\Component\Cache\Adapter\AbstractAdapter->get()
#21 /var/www/modules/System/Api/Admin.php(53): Box\Mod\System\Service->getMessages()
#22 /var/www/library/Api/Handler.php(103): Box\Mod\System\Api\Admin->messages()
#23 /var/www/vendor/twig/twig/src/Extension/CoreExtension.php(1635): Api_Handler->__call()
#24 /var/www/data/cache/05/051c2056f1fbdbc131ab016ff8fa9813.php(124): twig_get_attribute()
#25 /var/www/vendor/twig/twig/src/Template.php(171): __TwigTemplate_4347f61ad47cff1bf4e1866f261c285a->block_content()
#26 /var/www/data/cache/32/32e2b51f5cdd1f922a06f2565797b188.php(440): Twig\Template->displayBlock()
#27 /var/www/vendor/twig/twig/src/Template.php(394): __TwigTemplate_c1bc90363b97e67bbd06f03d6c8f5864->doDisplay()
#28 /var/www/vendor/twig/twig/src/Template.php(367): Twig\Template->displayWithErrorHandling()
#29 /var/www/data/cache/05/051c2056f1fbdbc131ab016ff8fa9813.php(47): Twig\Template->display()
#30 /var/www/vendor/twig/twig/src/Template.php(394): __TwigTemplate_4347f61ad47cff1bf4e1866f261c285a->doDisplay()
#31 /var/www/vendor/twig/twig/src/Template.php(367): Twig\Template->displayWithErrorHandling()
#32 /var/www/vendor/twig/twig/src/Template.php(379): Twig\Template->display()
#33 /var/www/vendor/twig/twig/src/TemplateWrapper.php(38): Twig\Template->render()
#34 /var/www/library/Box/AppAdmin.php(45): Twig\TemplateWrapper->render()
#35 /var/www/modules/Index/Controller/Admin.php(40): Box_AppAdmin->render()
#36 [internal function]: Box\Mod\Index\Controller\Admin->get_index()
#37 /var/www/library/Box/App.php(187): ReflectionMethod->invokeArgs()
#38 /var/www/library/Box/App.php(318): Box_App->executeShared()
#39 /var/www/library/Box/App.php(129): Box_App->processRequest()
#40 /var/www/index.php(94): Box_App->run()
#41 {main}  
[26-Apr-2024 16:21:45 UTC] email.ERROR: Failed to send email via sendmail with the exception Symfony\Component\Mailer\Exception\TransportException: Connection to "process /usr/sbin/sendmail -bs" has been closed unexpectedly. in /var/www/vendor/symfony/mailer/Transport/Smtp/Stream/AbstractStream.php:88
Stack trace:
#0 /var/www/vendor/symfony/mailer/Transport/Smtp/SmtpTransport.php(346): Symfony\Component\Mailer\Transport\Smtp\Stream\AbstractStream->readLine()
#1 /var/www/vendor/symfony/mailer/Transport/Smtp/SmtpTransport.php(276): Symfony\Component\Mailer\Transport\Smtp\SmtpTransport->getFullResponse()
#2 /var/www/vendor/symfony/mailer/Transport/Smtp/SmtpTransport.php(209): Symfony\Component\Mailer\Transport\Smtp\SmtpTransport->start()
#3 /var/www/vendor/symfony/mailer/Transport/AbstractTransport.php(69): Symfony\Component\Mailer\Transport\Smtp\SmtpTransport->doSend()
#4 /var/www/vendor/symfony/mailer/Transport/Smtp/SmtpTransport.php(137): Symfony\Component\Mailer\Transport\AbstractTransport->send()
#5 /var/www/vendor/symfony/mailer/Transport/SendmailTransport.php(74): Symfony\Component\Mailer\Transport\Smtp\SmtpTransport->send()
#6 /var/www/vendor/symfony/mailer/Mailer.php(42): Symfony\Component\Mailer\Transport\SendmailTransport->send()
#7 /var/www/library/FOSSBilling/Mail.php(177): Symfony\Component\Mailer\Mailer->send()
#8 /var/www/modules/Email/Service.php(639): FOSSBilling\Mail->send()
#9 /var/www/modules/Email/Service.php(598): Box\Mod\Email\Service->_sendFromQueue()
#10 /var/www/modules/Email/Api/Admin.php(358): Box\Mod\Email\Service->batchSend()
#11 /var/www/library/Api/Handler.php(103): Box\Mod\Email\Api\Admin->batch_sendmail()
#12 /var/www/modules/Cron/Service.php(91): Api_Handler->__call()
#13 /var/www/modules/Cron/Service.php(70): Box\Mod\Cron\Service->_exec()
#14 /var/www/modules/System/Service.php(296): Box\Mod\Cron\Service->runCrons()
#15 /var/www/vendor/symfony/cache/LockRegistry.php(111): Box\Mod\System\Service->Box\Mod\System\{closure}()
#16 /var/www/vendor/symfony/cache/Traits/ContractsTrait.php(102): Symfony\Component\Cache\LockRegistry::compute()
#17 /var/www/vendor/symfony/cache-contracts/CacheTrait.php(64): Symfony\Component\Cache\Adapter\AbstractAdapter->Symfony\Component\Cache\Traits\{closure}()
#18 /var/www/vendor/symfony/cache/Traits/ContractsTrait.php(85): Symfony\Component\Cache\Adapter\AbstractAdapter->contractsGet()
#19 /var/www/vendor/symfony/cache-contracts/CacheTrait.php(30): Symfony\Component\Cache\Adapter\AbstractAdapter->doGet()
#20 /var/www/modules/System/Service.php(290): Symfony\Component\Cache\Adapter\AbstractAdapter->get()
#21 /var/www/modules/System/Api/Admin.php(53): Box\Mod\System\Service->getMessages()
#22 /var/www/library/Api/Handler.php(103): Box\Mod\System\Api\Admin->messages()
#23 /var/www/vendor/twig/twig/src/Extension/CoreExtension.php(1635): Api_Handler->__call()
#24 /var/www/data/cache/05/051c2056f1fbdbc131ab016ff8fa9813.php(124): twig_get_attribute()
#25 /var/www/vendor/twig/twig/src/Template.php(171): __TwigTemplate_4347f61ad47cff1bf4e1866f261c285a->block_content()
#26 /var/www/data/cache/32/32e2b51f5cdd1f922a06f2565797b188.php(440): Twig\Template->displayBlock()
#27 /var/www/vendor/twig/twig/src/Template.php(394): __TwigTemplate_c1bc90363b97e67bbd06f03d6c8f5864->doDisplay()
#28 /var/www/vendor/twig/twig/src/Template.php(367): Twig\Template->displayWithErrorHandling()
#29 /var/www/data/cache/05/051c2056f1fbdbc131ab016ff8fa9813.php(47): Twig\Template->display()
#30 /var/www/vendor/twig/twig/src/Template.php(394): __TwigTemplate_4347f61ad47cff1bf4e1866f261c285a->doDisplay()
#31 /var/www/vendor/twig/twig/src/Template.php(367): Twig\Template->displayWithErrorHandling()
#32 /var/www/vendor/twig/twig/src/Template.php(379): Twig\Template->display()
#33 /var/www/vendor/twig/twig/src/TemplateWrapper.php(38): Twig\Template->render()
#34 /var/www/library/Box/AppAdmin.php(45): Twig\TemplateWrapper->render()
#35 /var/www/modules/Index/Controller/Admin.php(40): Box_AppAdmin->render()
#36 [internal function]: Box\Mod\Index\Controller\Admin->get_index()
#37 /var/www/library/Box/App.php(187): ReflectionMethod->invokeArgs()
#38 /var/www/library/Box/App.php(318): Box_App->executeShared()
#39 /var/www/library/Box/App.php(129): Box_App->processRequest()
#40 /var/www/index.php(94): Box_App->run()
#41 {main}  
[26-Apr-2024 16:46:25 UTC] email.ERROR: Failed to send email via sendmail with the exception Symfony\Component\Mailer\Exception\TransportException: Connection to "process /usr/sbin/sendmail -bs" has been closed unexpectedly. in /var/www/vendor/symfony/mailer/Transport/Smtp/Stream/AbstractStream.php:88
Stack trace:
#0 /var/www/vendor/symfony/mailer/Transport/Smtp/SmtpTransport.php(346): Symfony\Component\Mailer\Transport\Smtp\Stream\AbstractStream->readLine()
#1 /var/www/vendor/symfony/mailer/Transport/Smtp/SmtpTransport.php(276): Symfony\Component\Mailer\Transport\Smtp\SmtpTransport->getFullResponse()
#2 /var/www/vendor/symfony/mailer/Transport/Smtp/SmtpTransport.php(209): Symfony\Component\Mailer\Transport\Smtp\SmtpTransport->start()
#3 /var/www/vendor/symfony/mailer/Transport/AbstractTransport.php(69): Symfony\Component\Mailer\Transport\Smtp\SmtpTransport->doSend()
#4 /var/www/vendor/symfony/mailer/Transport/Smtp/SmtpTransport.php(137): Symfony\Component\Mailer\Transport\AbstractTransport->send()
#5 /var/www/vendor/symfony/mailer/Transport/SendmailTransport.php(74): Symfony\Component\Mailer\Transport\Smtp\SmtpTransport->send()
#6 /var/www/vendor/symfony/mailer/Mailer.php(42): Symfony\Component\Mailer\Transport\SendmailTransport->send()
#7 /var/www/library/FOSSBilling/Mail.php(177): Symfony\Component\Mailer\Mailer->send()
#8 /var/www/modules/Email/Service.php(639): FOSSBilling\Mail->send()
#9 /var/www/modules/Email/Service.php(598): Box\Mod\Email\Service->_sendFromQueue()
#10 /var/www/modules/Email/Api/Admin.php(358): Box\Mod\Email\Service->batchSend()
#11 /var/www/library/Api/Handler.php(103): Box\Mod\Email\Api\Admin->batch_sendmail()
#12 /var/www/modules/Cron/Service.php(91): Api_Handler->__call()
#13 /var/www/modules/Cron/Service.php(70): Box\Mod\Cron\Service->_exec()
#14 /var/www/modules/System/Service.php(296): Box\Mod\Cron\Service->runCrons()
#15 /var/www/vendor/symfony/cache/LockRegistry.php(111): Box\Mod\System\Service->Box\Mod\System\{closure}()
#16 /var/www/vendor/symfony/cache/Traits/ContractsTrait.php(102): Symfony\Component\Cache\LockRegistry::compute()
#17 /var/www/vendor/symfony/cache-contracts/CacheTrait.php(64): Symfony\Component\Cache\Adapter\AbstractAdapter->Symfony\Component\Cache\Traits\{closure}()
#18 /var/www/vendor/symfony/cache/Traits/ContractsTrait.php(85): Symfony\Component\Cache\Adapter\AbstractAdapter->contractsGet()
#19 /var/www/vendor/symfony/cache-contracts/CacheTrait.php(30): Symfony\Component\Cache\Adapter\AbstractAdapter->doGet()
#20 /var/www/modules/System/Service.php(290): Symfony\Component\Cache\Adapter\AbstractAdapter->get()
#21 /var/www/modules/System/Api/Admin.php(53): Box\Mod\System\Service->getMessages()
#22 /var/www/library/Api/Handler.php(103): Box\Mod\System\Api\Admin->messages()
#23 /var/www/vendor/twig/twig/src/Extension/CoreExtension.php(1635): Api_Handler->__call()
#24 /var/www/data/cache/05/051c2056f1fbdbc131ab016ff8fa9813.php(124): twig_get_attribute()
#25 /var/www/vendor/twig/twig/src/Template.php(171): __TwigTemplate_4347f61ad47cff1bf4e1866f261c285a->block_content()
#26 /var/www/data/cache/32/32e2b51f5cdd1f922a06f2565797b188.php(440): Twig\Template->displayBlock()
#27 /var/www/vendor/twig/twig/src/Template.php(394): __TwigTemplate_c1bc90363b97e67bbd06f03d6c8f5864->doDisplay()
#28 /var/www/vendor/twig/twig/src/Template.php(367): Twig\Template->displayWithErrorHandling()
#29 /var/www/data/cache/05/051c2056f1fbdbc131ab016ff8fa9813.php(47): Twig\Template->display()
#30 /var/www/vendor/twig/twig/src/Template.php(394): __TwigTemplate_4347f61ad47cff1bf4e1866f261c285a->doDisplay()
#31 /var/www/vendor/twig/twig/src/Template.php(367): Twig\Template->displayWithErrorHandling()
#32 /var/www/vendor/twig/twig/src/Template.php(379): Twig\Template->display()
#33 /var/www/vendor/twig/twig/src/TemplateWrapper.php(38): Twig\Template->render()
#34 /var/www/library/Box/AppAdmin.php(45): Twig\TemplateWrapper->render()
#35 /var/www/modules/Index/Controller/Admin.php(40): Box_AppAdmin->render()
#36 [internal function]: Box\Mod\Index\Controller\Admin->get_index()
#37 /var/www/library/Box/App.php(187): ReflectionMethod->invokeArgs()
#38 /var/www/library/Box/App.php(318): Box_App->executeShared()
#39 /var/www/library/Box/App.php(129): Box_App->processRequest()
#40 /var/www/index.php(94): Box_App->run()
#41 {main}  
[26-Apr-2024 16:46:25 UTC] email.ERROR: Failed to send email via sendmail with the exception Symfony\Component\Mailer\Exception\TransportException: Connection to "process /usr/sbin/sendmail -bs" has been closed unexpectedly. in /var/www/vendor/symfony/mailer/Transport/Smtp/Stream/AbstractStream.php:88
Stack trace:
#0 /var/www/vendor/symfony/mailer/Transport/Smtp/SmtpTransport.php(346): Symfony\Component\Mailer\Transport\Smtp\Stream\AbstractStream->readLine()
#1 /var/www/vendor/symfony/mailer/Transport/Smtp/SmtpTransport.php(276): Symfony\Component\Mailer\Transport\Smtp\SmtpTransport->getFullResponse()
#2 /var/www/vendor/symfony/mailer/Transport/Smtp/SmtpTransport.php(209): Symfony\Component\Mailer\Transport\Smtp\SmtpTransport->start()
#3 /var/www/vendor/symfony/mailer/Transport/AbstractTransport.php(69): Symfony\Component\Mailer\Transport\Smtp\SmtpTransport->doSend()
#4 /var/www/vendor/symfony/mailer/Transport/Smtp/SmtpTransport.php(137): Symfony\Component\Mailer\Transport\AbstractTransport->send()
#5 /var/www/vendor/symfony/mailer/Transport/SendmailTransport.php(74): Symfony\Component\Mailer\Transport\Smtp\SmtpTransport->send()
#6 /var/www/vendor/symfony/mailer/Mailer.php(42): Symfony\Component\Mailer\Transport\SendmailTransport->send()
#7 /var/www/library/FOSSBilling/Mail.php(177): Symfony\Component\Mailer\Mailer->send()
#8 /var/www/modules/Email/Service.php(639): FOSSBilling\Mail->send()
#9 /var/www/modules/Email/Service.php(598): Box\Mod\Email\Service->_sendFromQueue()
#10 /var/www/modules/Email/Api/Admin.php(358): Box\Mod\Email\Service->batchSend()
#11 /var/www/library/Api/Handler.php(103): Box\Mod\Email\Api\Admin->batch_sendmail()
#12 /var/www/modules/Cron/Service.php(91): Api_Handler->__call()
#13 /var/www/modules/Cron/Service.php(70): Box\Mod\Cron\Service->_exec()
#14 /var/www/modules/System/Service.php(296): Box\Mod\Cron\Service->runCrons()
#15 /var/www/vendor/symfony/cache/LockRegistry.php(111): Box\Mod\System\Service->Box\Mod\System\{closure}()
#16 /var/www/vendor/symfony/cache/Traits/ContractsTrait.php(102): Symfony\Component\Cache\LockRegistry::compute()
#17 /var/www/vendor/symfony/cache-contracts/CacheTrait.php(64): Symfony\Component\Cache\Adapter\AbstractAdapter->Symfony\Component\Cache\Traits\{closure}()
#18 /var/www/vendor/symfony/cache/Traits/ContractsTrait.php(85): Symfony\Component\Cache\Adapter\AbstractAdapter->contractsGet()
#19 /var/www/vendor/symfony/cache-contracts/CacheTrait.php(30): Symfony\Component\Cache\Adapter\AbstractAdapter->doGet()
#20 /var/www/modules/System/Service.php(290): Symfony\Component\Cache\Adapter\AbstractAdapter->get()
#21 /var/www/modules/System/Api/Admin.php(53): Box\Mod\System\Service->getMessages()
#22 /var/www/library/Api/Handler.php(103): Box\Mod\System\Api\Admin->messages()
#23 /var/www/vendor/twig/twig/src/Extension/CoreExtension.php(1635): Api_Handler->__call()
#24 /var/www/data/cache/05/051c2056f1fbdbc131ab016ff8fa9813.php(124): twig_get_attribute()
#25 /var/www/vendor/twig/twig/src/Template.php(171): __TwigTemplate_4347f61ad47cff1bf4e1866f261c285a->block_content()
#26 /var/www/data/cache/32/32e2b51f5cdd1f922a06f2565797b188.php(440): Twig\Template->displayBlock()
#27 /var/www/vendor/twig/twig/src/Template.php(394): __TwigTemplate_c1bc90363b97e67bbd06f03d6c8f5864->doDisplay()
#28 /var/www/vendor/twig/twig/src/Template.php(367): Twig\Template->displayWithErrorHandling()
#29 /var/www/data/cache/05/051c2056f1fbdbc131ab016ff8fa9813.php(47): Twig\Template->display()
#30 /var/www/vendor/twig/twig/src/Template.php(394): __TwigTemplate_4347f61ad47cff1bf4e1866f261c285a->doDisplay()
#31 /var/www/vendor/twig/twig/src/Template.php(367): Twig\Template->displayWithErrorHandling()
#32 /var/www/vendor/twig/twig/src/Template.php(379): Twig\Template->display()
#33 /var/www/vendor/twig/twig/src/TemplateWrapper.php(38): Twig\Template->render()
#34 /var/www/library/Box/AppAdmin.php(45): Twig\TemplateWrapper->render()
#35 /var/www/modules/Index/Controller/Admin.php(40): Box_AppAdmin->render()
#36 [internal function]: Box\Mod\Index\Controller\Admin->get_index()
#37 /var/www/library/Box/App.php(187): ReflectionMethod->invokeArgs()
#38 /var/www/library/Box/App.php(318): Box_App->executeShared()
#39 /var/www/library/Box/App.php(129): Box_App->processRequest()
#40 /var/www/index.php(94): Box_App->run()
#41 {main}  
[26-Apr-2024 16:50:02 UTC] email.ERROR: Failed to send email via sendmail with the exception Symfony\Component\Mailer\Exception\TransportException: Connection to "process /usr/sbin/sendmail -bs" has been closed unexpectedly. in /var/www/vendor/symfony/mailer/Transport/Smtp/Stream/AbstractStream.php:88
Stack trace:
#0 /var/www/vendor/symfony/mailer/Transport/Smtp/SmtpTransport.php(346): Symfony\Component\Mailer\Transport\Smtp\Stream\AbstractStream->readLine()
#1 /var/www/vendor/symfony/mailer/Transport/Smtp/SmtpTransport.php(276): Symfony\Component\Mailer\Transport\Smtp\SmtpTransport->getFullResponse()
#2 /var/www/vendor/symfony/mailer/Transport/Smtp/SmtpTransport.php(209): Symfony\Component\Mailer\Transport\Smtp\SmtpTransport->start()
#3 /var/www/vendor/symfony/mailer/Transport/AbstractTransport.php(69): Symfony\Component\Mailer\Transport\Smtp\SmtpTransport->doSend()
#4 /var/www/vendor/symfony/mailer/Transport/Smtp/SmtpTransport.php(137): Symfony\Component\Mailer\Transport\AbstractTransport->send()
#5 /var/www/vendor/symfony/mailer/Transport/SendmailTransport.php(74): Symfony\Component\Mailer\Transport\Smtp\SmtpTransport->send()
#6 /var/www/vendor/symfony/mailer/Mailer.php(42): Symfony\Component\Mailer\Transport\SendmailTransport->send()
#7 /var/www/library/FOSSBilling/Mail.php(177): Symfony\Component\Mailer\Mailer->send()
#8 /var/www/modules/Email/Service.php(639): FOSSBilling\Mail->send()
#9 /var/www/modules/Email/Service.php(598): Box\Mod\Email\Service->_sendFromQueue()
#10 /var/www/modules/Email/Api/Admin.php(358): Box\Mod\Email\Service->batchSend()
#11 /var/www/library/Api/Handler.php(103): Box\Mod\Email\Api\Admin->batch_sendmail()
#12 /var/www/modules/Cron/Service.php(91): Api_Handler->__call()
#13 /var/www/modules/Cron/Service.php(70): Box\Mod\Cron\Service->_exec()
#14 /var/www/cron.php(26): Box\Mod\Cron\Service->runCrons()
#15 {main}  
[26-Apr-2024 16:50:02 UTC] email.ERROR: Failed to send email via sendmail with the exception Symfony\Component\Mailer\Exception\TransportException: Connection to "process /usr/sbin/sendmail -bs" has been closed unexpectedly. in /var/www/vendor/symfony/mailer/Transport/Smtp/Stream/AbstractStream.php:88
Stack trace:
#0 /var/www/vendor/symfony/mailer/Transport/Smtp/SmtpTransport.php(346): Symfony\Component\Mailer\Transport\Smtp\Stream\AbstractStream->readLine()
#1 /var/www/vendor/symfony/mailer/Transport/Smtp/SmtpTransport.php(276): Symfony\Component\Mailer\Transport\Smtp\SmtpTransport->getFullResponse()
#2 /var/www/vendor/symfony/mailer/Transport/Smtp/SmtpTransport.php(209): Symfony\Component\Mailer\Transport\Smtp\SmtpTransport->start()
#3 /var/www/vendor/symfony/mailer/Transport/AbstractTransport.php(69): Symfony\Component\Mailer\Transport\Smtp\SmtpTransport->doSend()
#4 /var/www/vendor/symfony/mailer/Transport/Smtp/SmtpTransport.php(137): Symfony\Component\Mailer\Transport\AbstractTransport->send()
#5 /var/www/vendor/symfony/mailer/Transport/SendmailTransport.php(74): Symfony\Component\Mailer\Transport\Smtp\SmtpTransport->send()
#6 /var/www/vendor/symfony/mailer/Mailer.php(42): Symfony\Component\Mailer\Transport\SendmailTransport->send()
#7 /var/www/library/FOSSBilling/Mail.php(177): Symfony\Component\Mailer\Mailer->send()
#8 /var/www/modules/Email/Service.php(639): FOSSBilling\Mail->send()
#9 /var/www/modules/Email/Service.php(598): Box\Mod\Email\Service->_sendFromQueue()
#10 /var/www/modules/Email/Api/Admin.php(358): Box\Mod\Email\Service->batchSend()
#11 /var/www/library/Api/Handler.php(103): Box\Mod\Email\Api\Admin->batch_sendmail()
#12 /var/www/modules/Cron/Service.php(91): Api_Handler->__call()
#13 /var/www/modules/Cron/Service.php(70): Box\Mod\Cron\Service->_exec()
#14 /var/www/cron.php(26): Box\Mod\Cron\Service->runCrons()
#15 {main}  
[26-Apr-2024 16:55:01 UTC] email.ERROR: Failed to send email via sendmail with the exception Symfony\Component\Mailer\Exception\TransportException: Connection to "process /usr/sbin/sendmail -bs" has been closed unexpectedly. in /var/www/vendor/symfony/mailer/Transport/Smtp/Stream/AbstractStream.php:88
Stack trace:
#0 /var/www/vendor/symfony/mailer/Transport/Smtp/SmtpTransport.php(346): Symfony\Component\Mailer\Transport\Smtp\Stream\AbstractStream->readLine()
#1 /var/www/vendor/symfony/mailer/Transport/Smtp/SmtpTransport.php(276): Symfony\Component\Mailer\Transport\Smtp\SmtpTransport->getFullResponse()
#2 /var/www/vendor/symfony/mailer/Transport/Smtp/SmtpTransport.php(209): Symfony\Component\Mailer\Transport\Smtp\SmtpTransport->start()
#3 /var/www/vendor/symfony/mailer/Transport/AbstractTransport.php(69): Symfony\Component\Mailer\Transport\Smtp\SmtpTransport->doSend()
#4 /var/www/vendor/symfony/mailer/Transport/Smtp/SmtpTransport.php(137): Symfony\Component\Mailer\Transport\AbstractTransport->send()
#5 /var/www/vendor/symfony/mailer/Transport/SendmailTransport.php(74): Symfony\Component\Mailer\Transport\Smtp\SmtpTransport->send()
#6 /var/www/vendor/symfony/mailer/Mailer.php(42): Symfony\Component\Mailer\Transport\SendmailTransport->send()
#7 /var/www/library/FOSSBilling/Mail.php(177): Symfony\Component\Mailer\Mailer->send()
#8 /var/www/modules/Email/Service.php(639): FOSSBilling\Mail->send()
#9 /var/www/modules/Email/Service.php(598): Box\Mod\Email\Service->_sendFromQueue()
#10 /var/www/modules/Email/Api/Admin.php(358): Box\Mod\Email\Service->batchSend()
#11 /var/www/library/Api/Handler.php(103): Box\Mod\Email\Api\Admin->batch_sendmail()
#12 /var/www/modules/Cron/Service.php(91): Api_Handler->__call()
#13 /var/www/modules/Cron/Service.php(70): Box\Mod\Cron\Service->_exec()
#14 /var/www/cron.php(26): Box\Mod\Cron\Service->runCrons()
#15 {main}  
[26-Apr-2024 16:55:01 UTC] email.ERROR: Failed to send email via sendmail with the exception Symfony\Component\Mailer\Exception\TransportException: Connection to "process /usr/sbin/sendmail -bs" has been closed unexpectedly. in /var/www/vendor/symfony/mailer/Transport/Smtp/Stream/AbstractStream.php:88
Stack trace:
#0 /var/www/vendor/symfony/mailer/Transport/Smtp/SmtpTransport.php(346): Symfony\Component\Mailer\Transport\Smtp\Stream\AbstractStream->readLine()
#1 /var/www/vendor/symfony/mailer/Transport/Smtp/SmtpTransport.php(276): Symfony\Component\Mailer\Transport\Smtp\SmtpTransport->getFullResponse()
#2 /var/www/vendor/symfony/mailer/Transport/Smtp/SmtpTransport.php(209): Symfony\Component\Mailer\Transport\Smtp\SmtpTransport->start()
#3 /var/www/vendor/symfony/mailer/Transport/AbstractTransport.php(69): Symfony\Component\Mailer\Transport\Smtp\SmtpTransport->doSend()
#4 /var/www/vendor/symfony/mailer/Transport/Smtp/SmtpTransport.php(137): Symfony\Component\Mailer\Transport\AbstractTransport->send()
#5 /var/www/vendor/symfony/mailer/Transport/SendmailTransport.php(74): Symfony\Component\Mailer\Transport\Smtp\SmtpTransport->send()
#6 /var/www/vendor/symfony/mailer/Mailer.php(42): Symfony\Component\Mailer\Transport\SendmailTransport->send()
#7 /var/www/library/FOSSBilling/Mail.php(177): Symfony\Component\Mailer\Mailer->send()
#8 /var/www/modules/Email/Service.php(639): FOSSBilling\Mail->send()
#9 /var/www/modules/Email/Service.php(598): Box\Mod\Email\Service->_sendFromQueue()
#10 /var/www/modules/Email/Api/Admin.php(358): Box\Mod\Email\Service->batchSend()
#11 /var/www/library/Api/Handler.php(103): Box\Mod\Email\Api\Admin->batch_sendmail()
#12 /var/www/modules/Cron/Service.php(91): Api_Handler->__call()
#13 /var/www/modules/Cron/Service.php(70): Box\Mod\Cron\Service->_exec()
#14 /var/www/cron.php(26): Box\Mod\Cron\Service->runCrons()
#15 {main}  
