[27-Apr-2024 12:30:01 UTC] email.ERROR: Failed to send email via sendmail with the exception Symfony\Component\Mailer\Exception\TransportException: Connection to "process /usr/sbin/sendmail -bs" has been closed unexpectedly. in /var/www/vendor/symfony/mailer/Transport/Smtp/Stream/AbstractStream.php:88
Stack trace:
#0 /var/www/vendor/symfony/mailer/Transport/Smtp/SmtpTransport.php(346): Symfony\Component\Mailer\Transport\Smtp\Stream\AbstractStream->readLine()
#1 /var/www/vendor/symfony/mailer/Transport/Smtp/SmtpTransport.php(276): Symfony\Component\Mailer\Transport\Smtp\SmtpTransport->getFullResponse()
#2 /var/www/vendor/symfony/mailer/Transport/Smtp/SmtpTransport.php(209): Symfony\Component\Mailer\Transport\Smtp\SmtpTransport->start()
#3 /var/www/vendor/symfony/mailer/Transport/AbstractTransport.php(69): Symfony\Component\Mailer\Transport\Smtp\SmtpTransport->doSend()
#4 /var/www/vendor/symfony/mailer/Transport/Smtp/SmtpTransport.php(137): Symfony\Component\Mailer\Transport\AbstractTransport->send()
#5 /var/www/vendor/symfony/mailer/Transport/SendmailTransport.php(74): Symfony\Component\Mailer\Transport\Smtp\SmtpTransport->send()
#6 /var/www/vendor/symfony/mailer/Mailer.php(42): Symfony\Component\Mailer\Transport\SendmailTransport->send()
#7 /var/www/library/FOSSBilling/Mail.php(177): Symfony\Component\Mailer\Mailer->send()
#8 /var/www/modules/Email/Service.php(639): FOSSBilling\Mail->send()
#9 /var/www/modules/Email/Service.php(598): Box\Mod\Email\Service->_sendFromQueue()
#10 /var/www/modules/Email/Api/Admin.php(358): Box\Mod\Email\Service->batchSend()
#11 /var/www/library/Api/Handler.php(103): Box\Mod\Email\Api\Admin->batch_sendmail()
#12 /var/www/modules/Cron/Service.php(91): Api_Handler->__call()
#13 /var/www/modules/Cron/Service.php(70): Box\Mod\Cron\Service->_exec()
#14 /var/www/cron.php(26): Box\Mod\Cron\Service->runCrons()
#15 {main}  
[27-Apr-2024 12:30:01 UTC] email.ERROR: Failed to send email via sendmail with the exception Symfony\Component\Mailer\Exception\TransportException: Connection to "process /usr/sbin/sendmail -bs" has been closed unexpectedly. in /var/www/vendor/symfony/mailer/Transport/Smtp/Stream/AbstractStream.php:88
Stack trace:
#0 /var/www/vendor/symfony/mailer/Transport/Smtp/SmtpTransport.php(346): Symfony\Component\Mailer\Transport\Smtp\Stream\AbstractStream->readLine()
#1 /var/www/vendor/symfony/mailer/Transport/Smtp/SmtpTransport.php(276): Symfony\Component\Mailer\Transport\Smtp\SmtpTransport->getFullResponse()
#2 /var/www/vendor/symfony/mailer/Transport/Smtp/SmtpTransport.php(209): Symfony\Component\Mailer\Transport\Smtp\SmtpTransport->start()
#3 /var/www/vendor/symfony/mailer/Transport/AbstractTransport.php(69): Symfony\Component\Mailer\Transport\Smtp\SmtpTransport->doSend()
#4 /var/www/vendor/symfony/mailer/Transport/Smtp/SmtpTransport.php(137): Symfony\Component\Mailer\Transport\AbstractTransport->send()
#5 /var/www/vendor/symfony/mailer/Transport/SendmailTransport.php(74): Symfony\Component\Mailer\Transport\Smtp\SmtpTransport->send()
#6 /var/www/vendor/symfony/mailer/Mailer.php(42): Symfony\Component\Mailer\Transport\SendmailTransport->send()
#7 /var/www/library/FOSSBilling/Mail.php(177): Symfony\Component\Mailer\Mailer->send()
#8 /var/www/modules/Email/Service.php(639): FOSSBilling\Mail->send()
#9 /var/www/modules/Email/Service.php(598): Box\Mod\Email\Service->_sendFromQueue()
#10 /var/www/modules/Email/Api/Admin.php(358): Box\Mod\Email\Service->batchSend()
#11 /var/www/library/Api/Handler.php(103): Box\Mod\Email\Api\Admin->batch_sendmail()
#12 /var/www/modules/Cron/Service.php(91): Api_Handler->__call()
#13 /var/www/modules/Cron/Service.php(70): Box\Mod\Cron\Service->_exec()
#14 /var/www/cron.php(26): Box\Mod\Cron\Service->runCrons()
#15 {main}  
[27-Apr-2024 12:30:01 UTC] email.ERROR: Failed to send email via sendmail with the exception Symfony\Component\Mailer\Exception\TransportException: Connection to "process /usr/sbin/sendmail -bs" has been closed unexpectedly. in /var/www/vendor/symfony/mailer/Transport/Smtp/Stream/AbstractStream.php:88
Stack trace:
#0 /var/www/vendor/symfony/mailer/Transport/Smtp/SmtpTransport.php(346): Symfony\Component\Mailer\Transport\Smtp\Stream\AbstractStream->readLine()
#1 /var/www/vendor/symfony/mailer/Transport/Smtp/SmtpTransport.php(276): Symfony\Component\Mailer\Transport\Smtp\SmtpTransport->getFullResponse()
#2 /var/www/vendor/symfony/mailer/Transport/Smtp/SmtpTransport.php(209): Symfony\Component\Mailer\Transport\Smtp\SmtpTransport->start()
#3 /var/www/vendor/symfony/mailer/Transport/AbstractTransport.php(69): Symfony\Component\Mailer\Transport\Smtp\SmtpTransport->doSend()
#4 /var/www/vendor/symfony/mailer/Transport/Smtp/SmtpTransport.php(137): Symfony\Component\Mailer\Transport\AbstractTransport->send()
#5 /var/www/vendor/symfony/mailer/Transport/SendmailTransport.php(74): Symfony\Component\Mailer\Transport\Smtp\SmtpTransport->send()
#6 /var/www/vendor/symfony/mailer/Mailer.php(42): Symfony\Component\Mailer\Transport\SendmailTransport->send()
#7 /var/www/library/FOSSBilling/Mail.php(177): Symfony\Component\Mailer\Mailer->send()
#8 /var/www/modules/Email/Service.php(639): FOSSBilling\Mail->send()
#9 /var/www/modules/Email/Service.php(598): Box\Mod\Email\Service->_sendFromQueue()
#10 /var/www/modules/Email/Api/Admin.php(358): Box\Mod\Email\Service->batchSend()
#11 /var/www/library/Api/Handler.php(103): Box\Mod\Email\Api\Admin->batch_sendmail()
#12 /var/www/modules/Cron/Service.php(91): Api_Handler->__call()
#13 /var/www/modules/Cron/Service.php(70): Box\Mod\Cron\Service->_exec()
#14 /var/www/cron.php(26): Box\Mod\Cron\Service->runCrons()
#15 {main}  
[27-Apr-2024 12:30:01 UTC] email.ERROR: Failed to send email via sendmail with the exception Symfony\Component\Mailer\Exception\TransportException: Connection to "process /usr/sbin/sendmail -bs" has been closed unexpectedly. in /var/www/vendor/symfony/mailer/Transport/Smtp/Stream/AbstractStream.php:88
Stack trace:
#0 /var/www/vendor/symfony/mailer/Transport/Smtp/SmtpTransport.php(346): Symfony\Component\Mailer\Transport\Smtp\Stream\AbstractStream->readLine()
#1 /var/www/vendor/symfony/mailer/Transport/Smtp/SmtpTransport.php(276): Symfony\Component\Mailer\Transport\Smtp\SmtpTransport->getFullResponse()
#2 /var/www/vendor/symfony/mailer/Transport/Smtp/SmtpTransport.php(209): Symfony\Component\Mailer\Transport\Smtp\SmtpTransport->start()
#3 /var/www/vendor/symfony/mailer/Transport/AbstractTransport.php(69): Symfony\Component\Mailer\Transport\Smtp\SmtpTransport->doSend()
#4 /var/www/vendor/symfony/mailer/Transport/Smtp/SmtpTransport.php(137): Symfony\Component\Mailer\Transport\AbstractTransport->send()
#5 /var/www/vendor/symfony/mailer/Transport/SendmailTransport.php(74): Symfony\Component\Mailer\Transport\Smtp\SmtpTransport->send()
#6 /var/www/vendor/symfony/mailer/Mailer.php(42): Symfony\Component\Mailer\Transport\SendmailTransport->send()
#7 /var/www/library/FOSSBilling/Mail.php(177): Symfony\Component\Mailer\Mailer->send()
#8 /var/www/modules/Email/Service.php(639): FOSSBilling\Mail->send()
#9 /var/www/modules/Email/Service.php(598): Box\Mod\Email\Service->_sendFromQueue()
#10 /var/www/modules/Email/Api/Admin.php(358): Box\Mod\Email\Service->batchSend()
#11 /var/www/library/Api/Handler.php(103): Box\Mod\Email\Api\Admin->batch_sendmail()
#12 /var/www/modules/Cron/Service.php(91): Api_Handler->__call()
#13 /var/www/modules/Cron/Service.php(70): Box\Mod\Cron\Service->_exec()
#14 /var/www/cron.php(26): Box\Mod\Cron\Service->runCrons()
#15 {main}  
[27-Apr-2024 12:35:02 UTC] email.ERROR: Failed to send email via sendmail with the exception Symfony\Component\Mailer\Exception\TransportException: Connection to "process /usr/sbin/sendmail -bs" has been closed unexpectedly. in /var/www/vendor/symfony/mailer/Transport/Smtp/Stream/AbstractStream.php:88
Stack trace:
#0 /var/www/vendor/symfony/mailer/Transport/Smtp/SmtpTransport.php(346): Symfony\Component\Mailer\Transport\Smtp\Stream\AbstractStream->readLine()
#1 /var/www/vendor/symfony/mailer/Transport/Smtp/SmtpTransport.php(276): Symfony\Component\Mailer\Transport\Smtp\SmtpTransport->getFullResponse()
#2 /var/www/vendor/symfony/mailer/Transport/Smtp/SmtpTransport.php(209): Symfony\Component\Mailer\Transport\Smtp\SmtpTransport->start()
#3 /var/www/vendor/symfony/mailer/Transport/AbstractTransport.php(69): Symfony\Component\Mailer\Transport\Smtp\SmtpTransport->doSend()
#4 /var/www/vendor/symfony/mailer/Transport/Smtp/SmtpTransport.php(137): Symfony\Component\Mailer\Transport\AbstractTransport->send()
#5 /var/www/vendor/symfony/mailer/Transport/SendmailTransport.php(74): Symfony\Component\Mailer\Transport\Smtp\SmtpTransport->send()
#6 /var/www/vendor/symfony/mailer/Mailer.php(42): Symfony\Component\Mailer\Transport\SendmailTransport->send()
#7 /var/www/library/FOSSBilling/Mail.php(177): Symfony\Component\Mailer\Mailer->send()
#8 /var/www/modules/Email/Service.php(639): FOSSBilling\Mail->send()
#9 /var/www/modules/Email/Service.php(598): Box\Mod\Email\Service->_sendFromQueue()
#10 /var/www/modules/Email/Api/Admin.php(358): Box\Mod\Email\Service->batchSend()
#11 /var/www/library/Api/Handler.php(103): Box\Mod\Email\Api\Admin->batch_sendmail()
#12 /var/www/modules/Cron/Service.php(91): Api_Handler->__call()
#13 /var/www/modules/Cron/Service.php(70): Box\Mod\Cron\Service->_exec()
#14 /var/www/cron.php(26): Box\Mod\Cron\Service->runCrons()
#15 {main}  
[27-Apr-2024 12:35:02 UTC] email.ERROR: Failed to send email via sendmail with the exception Symfony\Component\Mailer\Exception\TransportException: Connection to "process /usr/sbin/sendmail -bs" has been closed unexpectedly. in /var/www/vendor/symfony/mailer/Transport/Smtp/Stream/AbstractStream.php:88
Stack trace:
#0 /var/www/vendor/symfony/mailer/Transport/Smtp/SmtpTransport.php(346): Symfony\Component\Mailer\Transport\Smtp\Stream\AbstractStream->readLine()
#1 /var/www/vendor/symfony/mailer/Transport/Smtp/SmtpTransport.php(276): Symfony\Component\Mailer\Transport\Smtp\SmtpTransport->getFullResponse()
#2 /var/www/vendor/symfony/mailer/Transport/Smtp/SmtpTransport.php(209): Symfony\Component\Mailer\Transport\Smtp\SmtpTransport->start()
#3 /var/www/vendor/symfony/mailer/Transport/AbstractTransport.php(69): Symfony\Component\Mailer\Transport\Smtp\SmtpTransport->doSend()
#4 /var/www/vendor/symfony/mailer/Transport/Smtp/SmtpTransport.php(137): Symfony\Component\Mailer\Transport\AbstractTransport->send()
#5 /var/www/vendor/symfony/mailer/Transport/SendmailTransport.php(74): Symfony\Component\Mailer\Transport\Smtp\SmtpTransport->send()
#6 /var/www/vendor/symfony/mailer/Mailer.php(42): Symfony\Component\Mailer\Transport\SendmailTransport->send()
#7 /var/www/library/FOSSBilling/Mail.php(177): Symfony\Component\Mailer\Mailer->send()
#8 /var/www/modules/Email/Service.php(639): FOSSBilling\Mail->send()
#9 /var/www/modules/Email/Service.php(598): Box\Mod\Email\Service->_sendFromQueue()
#10 /var/www/modules/Email/Api/Admin.php(358): Box\Mod\Email\Service->batchSend()
#11 /var/www/library/Api/Handler.php(103): Box\Mod\Email\Api\Admin->batch_sendmail()
#12 /var/www/modules/Cron/Service.php(91): Api_Handler->__call()
#13 /var/www/modules/Cron/Service.php(70): Box\Mod\Cron\Service->_exec()
#14 /var/www/cron.php(26): Box\Mod\Cron\Service->runCrons()
#15 {main}  
[27-Apr-2024 12:35:02 UTC] email.ERROR: Failed to send email via sendmail with the exception Symfony\Component\Mailer\Exception\TransportException: Connection to "process /usr/sbin/sendmail -bs" has been closed unexpectedly. in /var/www/vendor/symfony/mailer/Transport/Smtp/Stream/AbstractStream.php:88
Stack trace:
#0 /var/www/vendor/symfony/mailer/Transport/Smtp/SmtpTransport.php(346): Symfony\Component\Mailer\Transport\Smtp\Stream\AbstractStream->readLine()
#1 /var/www/vendor/symfony/mailer/Transport/Smtp/SmtpTransport.php(276): Symfony\Component\Mailer\Transport\Smtp\SmtpTransport->getFullResponse()
#2 /var/www/vendor/symfony/mailer/Transport/Smtp/SmtpTransport.php(209): Symfony\Component\Mailer\Transport\Smtp\SmtpTransport->start()
#3 /var/www/vendor/symfony/mailer/Transport/AbstractTransport.php(69): Symfony\Component\Mailer\Transport\Smtp\SmtpTransport->doSend()
#4 /var/www/vendor/symfony/mailer/Transport/Smtp/SmtpTransport.php(137): Symfony\Component\Mailer\Transport\AbstractTransport->send()
#5 /var/www/vendor/symfony/mailer/Transport/SendmailTransport.php(74): Symfony\Component\Mailer\Transport\Smtp\SmtpTransport->send()
#6 /var/www/vendor/symfony/mailer/Mailer.php(42): Symfony\Component\Mailer\Transport\SendmailTransport->send()
#7 /var/www/library/FOSSBilling/Mail.php(177): Symfony\Component\Mailer\Mailer->send()
#8 /var/www/modules/Email/Service.php(639): FOSSBilling\Mail->send()
#9 /var/www/modules/Email/Service.php(598): Box\Mod\Email\Service->_sendFromQueue()
#10 /var/www/modules/Email/Api/Admin.php(358): Box\Mod\Email\Service->batchSend()
#11 /var/www/library/Api/Handler.php(103): Box\Mod\Email\Api\Admin->batch_sendmail()
#12 /var/www/modules/Cron/Service.php(91): Api_Handler->__call()
#13 /var/www/modules/Cron/Service.php(70): Box\Mod\Cron\Service->_exec()
#14 /var/www/cron.php(26): Box\Mod\Cron\Service->runCrons()
#15 {main}  
[27-Apr-2024 12:35:02 UTC] email.ERROR: Failed to send email via sendmail with the exception Symfony\Component\Mailer\Exception\TransportException: Connection to "process /usr/sbin/sendmail -bs" has been closed unexpectedly. in /var/www/vendor/symfony/mailer/Transport/Smtp/Stream/AbstractStream.php:88
Stack trace:
#0 /var/www/vendor/symfony/mailer/Transport/Smtp/SmtpTransport.php(346): Symfony\Component\Mailer\Transport\Smtp\Stream\AbstractStream->readLine()
#1 /var/www/vendor/symfony/mailer/Transport/Smtp/SmtpTransport.php(276): Symfony\Component\Mailer\Transport\Smtp\SmtpTransport->getFullResponse()
#2 /var/www/vendor/symfony/mailer/Transport/Smtp/SmtpTransport.php(209): Symfony\Component\Mailer\Transport\Smtp\SmtpTransport->start()
#3 /var/www/vendor/symfony/mailer/Transport/AbstractTransport.php(69): Symfony\Component\Mailer\Transport\Smtp\SmtpTransport->doSend()
#4 /var/www/vendor/symfony/mailer/Transport/Smtp/SmtpTransport.php(137): Symfony\Component\Mailer\Transport\AbstractTransport->send()
#5 /var/www/vendor/symfony/mailer/Transport/SendmailTransport.php(74): Symfony\Component\Mailer\Transport\Smtp\SmtpTransport->send()
#6 /var/www/vendor/symfony/mailer/Mailer.php(42): Symfony\Component\Mailer\Transport\SendmailTransport->send()
#7 /var/www/library/FOSSBilling/Mail.php(177): Symfony\Component\Mailer\Mailer->send()
#8 /var/www/modules/Email/Service.php(639): FOSSBilling\Mail->send()
#9 /var/www/modules/Email/Service.php(598): Box\Mod\Email\Service->_sendFromQueue()
#10 /var/www/modules/Email/Api/Admin.php(358): Box\Mod\Email\Service->batchSend()
#11 /var/www/library/Api/Handler.php(103): Box\Mod\Email\Api\Admin->batch_sendmail()
#12 /var/www/modules/Cron/Service.php(91): Api_Handler->__call()
#13 /var/www/modules/Cron/Service.php(70): Box\Mod\Cron\Service->_exec()
#14 /var/www/cron.php(26): Box\Mod\Cron\Service->runCrons()
#15 {main}  
[27-Apr-2024 12:40:02 UTC] email.ERROR: Failed to send email via sendmail with the exception Symfony\Component\Mailer\Exception\TransportException: Connection to "process /usr/sbin/sendmail -bs" has been closed unexpectedly. in /var/www/vendor/symfony/mailer/Transport/Smtp/Stream/AbstractStream.php:88
Stack trace:
#0 /var/www/vendor/symfony/mailer/Transport/Smtp/SmtpTransport.php(346): Symfony\Component\Mailer\Transport\Smtp\Stream\AbstractStream->readLine()
#1 /var/www/vendor/symfony/mailer/Transport/Smtp/SmtpTransport.php(276): Symfony\Component\Mailer\Transport\Smtp\SmtpTransport->getFullResponse()
#2 /var/www/vendor/symfony/mailer/Transport/Smtp/SmtpTransport.php(209): Symfony\Component\Mailer\Transport\Smtp\SmtpTransport->start()
#3 /var/www/vendor/symfony/mailer/Transport/AbstractTransport.php(69): Symfony\Component\Mailer\Transport\Smtp\SmtpTransport->doSend()
#4 /var/www/vendor/symfony/mailer/Transport/Smtp/SmtpTransport.php(137): Symfony\Component\Mailer\Transport\AbstractTransport->send()
#5 /var/www/vendor/symfony/mailer/Transport/SendmailTransport.php(74): Symfony\Component\Mailer\Transport\Smtp\SmtpTransport->send()
#6 /var/www/vendor/symfony/mailer/Mailer.php(42): Symfony\Component\Mailer\Transport\SendmailTransport->send()
#7 /var/www/library/FOSSBilling/Mail.php(177): Symfony\Component\Mailer\Mailer->send()
#8 /var/www/modules/Email/Service.php(639): FOSSBilling\Mail->send()
#9 /var/www/modules/Email/Service.php(598): Box\Mod\Email\Service->_sendFromQueue()
#10 /var/www/modules/Email/Api/Admin.php(358): Box\Mod\Email\Service->batchSend()
#11 /var/www/library/Api/Handler.php(103): Box\Mod\Email\Api\Admin->batch_sendmail()
#12 /var/www/modules/Cron/Service.php(91): Api_Handler->__call()
#13 /var/www/modules/Cron/Service.php(70): Box\Mod\Cron\Service->_exec()
#14 /var/www/cron.php(26): Box\Mod\Cron\Service->runCrons()
#15 {main}  
[27-Apr-2024 12:40:02 UTC] email.ERROR: Failed to send email via sendmail with the exception Symfony\Component\Mailer\Exception\TransportException: Connection to "process /usr/sbin/sendmail -bs" has been closed unexpectedly. in /var/www/vendor/symfony/mailer/Transport/Smtp/Stream/AbstractStream.php:88
Stack trace:
#0 /var/www/vendor/symfony/mailer/Transport/Smtp/SmtpTransport.php(346): Symfony\Component\Mailer\Transport\Smtp\Stream\AbstractStream->readLine()
#1 /var/www/vendor/symfony/mailer/Transport/Smtp/SmtpTransport.php(276): Symfony\Component\Mailer\Transport\Smtp\SmtpTransport->getFullResponse()
#2 /var/www/vendor/symfony/mailer/Transport/Smtp/SmtpTransport.php(209): Symfony\Component\Mailer\Transport\Smtp\SmtpTransport->start()
#3 /var/www/vendor/symfony/mailer/Transport/AbstractTransport.php(69): Symfony\Component\Mailer\Transport\Smtp\SmtpTransport->doSend()
#4 /var/www/vendor/symfony/mailer/Transport/Smtp/SmtpTransport.php(137): Symfony\Component\Mailer\Transport\AbstractTransport->send()
#5 /var/www/vendor/symfony/mailer/Transport/SendmailTransport.php(74): Symfony\Component\Mailer\Transport\Smtp\SmtpTransport->send()
#6 /var/www/vendor/symfony/mailer/Mailer.php(42): Symfony\Component\Mailer\Transport\SendmailTransport->send()
#7 /var/www/library/FOSSBilling/Mail.php(177): Symfony\Component\Mailer\Mailer->send()
#8 /var/www/modules/Email/Service.php(639): FOSSBilling\Mail->send()
#9 /var/www/modules/Email/Service.php(598): Box\Mod\Email\Service->_sendFromQueue()
#10 /var/www/modules/Email/Api/Admin.php(358): Box\Mod\Email\Service->batchSend()
#11 /var/www/library/Api/Handler.php(103): Box\Mod\Email\Api\Admin->batch_sendmail()
#12 /var/www/modules/Cron/Service.php(91): Api_Handler->__call()
#13 /var/www/modules/Cron/Service.php(70): Box\Mod\Cron\Service->_exec()
#14 /var/www/cron.php(26): Box\Mod\Cron\Service->runCrons()
#15 {main}  
[27-Apr-2024 12:40:02 UTC] email.ERROR: Failed to send email via sendmail with the exception Symfony\Component\Mailer\Exception\TransportException: Connection to "process /usr/sbin/sendmail -bs" has been closed unexpectedly. in /var/www/vendor/symfony/mailer/Transport/Smtp/Stream/AbstractStream.php:88
Stack trace:
#0 /var/www/vendor/symfony/mailer/Transport/Smtp/SmtpTransport.php(346): Symfony\Component\Mailer\Transport\Smtp\Stream\AbstractStream->readLine()
#1 /var/www/vendor/symfony/mailer/Transport/Smtp/SmtpTransport.php(276): Symfony\Component\Mailer\Transport\Smtp\SmtpTransport->getFullResponse()
#2 /var/www/vendor/symfony/mailer/Transport/Smtp/SmtpTransport.php(209): Symfony\Component\Mailer\Transport\Smtp\SmtpTransport->start()
#3 /var/www/vendor/symfony/mailer/Transport/AbstractTransport.php(69): Symfony\Component\Mailer\Transport\Smtp\SmtpTransport->doSend()
#4 /var/www/vendor/symfony/mailer/Transport/Smtp/SmtpTransport.php(137): Symfony\Component\Mailer\Transport\AbstractTransport->send()
#5 /var/www/vendor/symfony/mailer/Transport/SendmailTransport.php(74): Symfony\Component\Mailer\Transport\Smtp\SmtpTransport->send()
#6 /var/www/vendor/symfony/mailer/Mailer.php(42): Symfony\Component\Mailer\Transport\SendmailTransport->send()
#7 /var/www/library/FOSSBilling/Mail.php(177): Symfony\Component\Mailer\Mailer->send()
#8 /var/www/modules/Email/Service.php(639): FOSSBilling\Mail->send()
#9 /var/www/modules/Email/Service.php(598): Box\Mod\Email\Service->_sendFromQueue()
#10 /var/www/modules/Email/Api/Admin.php(358): Box\Mod\Email\Service->batchSend()
#11 /var/www/library/Api/Handler.php(103): Box\Mod\Email\Api\Admin->batch_sendmail()
#12 /var/www/modules/Cron/Service.php(91): Api_Handler->__call()
#13 /var/www/modules/Cron/Service.php(70): Box\Mod\Cron\Service->_exec()
#14 /var/www/cron.php(26): Box\Mod\Cron\Service->runCrons()
#15 {main}  
[27-Apr-2024 12:40:02 UTC] email.ERROR: Failed to send email via sendmail with the exception Symfony\Component\Mailer\Exception\TransportException: Connection to "process /usr/sbin/sendmail -bs" has been closed unexpectedly. in /var/www/vendor/symfony/mailer/Transport/Smtp/Stream/AbstractStream.php:88
Stack trace:
#0 /var/www/vendor/symfony/mailer/Transport/Smtp/SmtpTransport.php(346): Symfony\Component\Mailer\Transport\Smtp\Stream\AbstractStream->readLine()
#1 /var/www/vendor/symfony/mailer/Transport/Smtp/SmtpTransport.php(276): Symfony\Component\Mailer\Transport\Smtp\SmtpTransport->getFullResponse()
#2 /var/www/vendor/symfony/mailer/Transport/Smtp/SmtpTransport.php(209): Symfony\Component\Mailer\Transport\Smtp\SmtpTransport->start()
#3 /var/www/vendor/symfony/mailer/Transport/AbstractTransport.php(69): Symfony\Component\Mailer\Transport\Smtp\SmtpTransport->doSend()
#4 /var/www/vendor/symfony/mailer/Transport/Smtp/SmtpTransport.php(137): Symfony\Component\Mailer\Transport\AbstractTransport->send()
#5 /var/www/vendor/symfony/mailer/Transport/SendmailTransport.php(74): Symfony\Component\Mailer\Transport\Smtp\SmtpTransport->send()
#6 /var/www/vendor/symfony/mailer/Mailer.php(42): Symfony\Component\Mailer\Transport\SendmailTransport->send()
#7 /var/www/library/FOSSBilling/Mail.php(177): Symfony\Component\Mailer\Mailer->send()
#8 /var/www/modules/Email/Service.php(639): FOSSBilling\Mail->send()
#9 /var/www/modules/Email/Service.php(598): Box\Mod\Email\Service->_sendFromQueue()
#10 /var/www/modules/Email/Api/Admin.php(358): Box\Mod\Email\Service->batchSend()
#11 /var/www/library/Api/Handler.php(103): Box\Mod\Email\Api\Admin->batch_sendmail()
#12 /var/www/modules/Cron/Service.php(91): Api_Handler->__call()
#13 /var/www/modules/Cron/Service.php(70): Box\Mod\Cron\Service->_exec()
#14 /var/www/cron.php(26): Box\Mod\Cron\Service->runCrons()
#15 {main}  
[27-Apr-2024 12:45:01 UTC] email.ERROR: Failed to send email via sendmail with the exception Symfony\Component\Mailer\Exception\TransportException: Connection to "process /usr/sbin/sendmail -bs" has been closed unexpectedly. in /var/www/vendor/symfony/mailer/Transport/Smtp/Stream/AbstractStream.php:88
Stack trace:
#0 /var/www/vendor/symfony/mailer/Transport/Smtp/SmtpTransport.php(346): Symfony\Component\Mailer\Transport\Smtp\Stream\AbstractStream->readLine()
#1 /var/www/vendor/symfony/mailer/Transport/Smtp/SmtpTransport.php(276): Symfony\Component\Mailer\Transport\Smtp\SmtpTransport->getFullResponse()
#2 /var/www/vendor/symfony/mailer/Transport/Smtp/SmtpTransport.php(209): Symfony\Component\Mailer\Transport\Smtp\SmtpTransport->start()
#3 /var/www/vendor/symfony/mailer/Transport/AbstractTransport.php(69): Symfony\Component\Mailer\Transport\Smtp\SmtpTransport->doSend()
#4 /var/www/vendor/symfony/mailer/Transport/Smtp/SmtpTransport.php(137): Symfony\Component\Mailer\Transport\AbstractTransport->send()
#5 /var/www/vendor/symfony/mailer/Transport/SendmailTransport.php(74): Symfony\Component\Mailer\Transport\Smtp\SmtpTransport->send()
#6 /var/www/vendor/symfony/mailer/Mailer.php(42): Symfony\Component\Mailer\Transport\SendmailTransport->send()
#7 /var/www/library/FOSSBilling/Mail.php(177): Symfony\Component\Mailer\Mailer->send()
#8 /var/www/modules/Email/Service.php(639): FOSSBilling\Mail->send()
#9 /var/www/modules/Email/Service.php(598): Box\Mod\Email\Service->_sendFromQueue()
#10 /var/www/modules/Email/Api/Admin.php(358): Box\Mod\Email\Service->batchSend()
#11 /var/www/library/Api/Handler.php(103): Box\Mod\Email\Api\Admin->batch_sendmail()
#12 /var/www/modules/Cron/Service.php(91): Api_Handler->__call()
#13 /var/www/modules/Cron/Service.php(70): Box\Mod\Cron\Service->_exec()
#14 /var/www/cron.php(26): Box\Mod\Cron\Service->runCrons()
#15 {main}  
[27-Apr-2024 12:45:01 UTC] email.ERROR: Failed to send email via sendmail with the exception Symfony\Component\Mailer\Exception\TransportException: Connection to "process /usr/sbin/sendmail -bs" has been closed unexpectedly. in /var/www/vendor/symfony/mailer/Transport/Smtp/Stream/AbstractStream.php:88
Stack trace:
#0 /var/www/vendor/symfony/mailer/Transport/Smtp/SmtpTransport.php(346): Symfony\Component\Mailer\Transport\Smtp\Stream\AbstractStream->readLine()
#1 /var/www/vendor/symfony/mailer/Transport/Smtp/SmtpTransport.php(276): Symfony\Component\Mailer\Transport\Smtp\SmtpTransport->getFullResponse()
#2 /var/www/vendor/symfony/mailer/Transport/Smtp/SmtpTransport.php(209): Symfony\Component\Mailer\Transport\Smtp\SmtpTransport->start()
#3 /var/www/vendor/symfony/mailer/Transport/AbstractTransport.php(69): Symfony\Component\Mailer\Transport\Smtp\SmtpTransport->doSend()
#4 /var/www/vendor/symfony/mailer/Transport/Smtp/SmtpTransport.php(137): Symfony\Component\Mailer\Transport\AbstractTransport->send()
#5 /var/www/vendor/symfony/mailer/Transport/SendmailTransport.php(74): Symfony\Component\Mailer\Transport\Smtp\SmtpTransport->send()
#6 /var/www/vendor/symfony/mailer/Mailer.php(42): Symfony\Component\Mailer\Transport\SendmailTransport->send()
#7 /var/www/library/FOSSBilling/Mail.php(177): Symfony\Component\Mailer\Mailer->send()
#8 /var/www/modules/Email/Service.php(639): FOSSBilling\Mail->send()
#9 /var/www/modules/Email/Service.php(598): Box\Mod\Email\Service->_sendFromQueue()
#10 /var/www/modules/Email/Api/Admin.php(358): Box\Mod\Email\Service->batchSend()
#11 /var/www/library/Api/Handler.php(103): Box\Mod\Email\Api\Admin->batch_sendmail()
#12 /var/www/modules/Cron/Service.php(91): Api_Handler->__call()
#13 /var/www/modules/Cron/Service.php(70): Box\Mod\Cron\Service->_exec()
#14 /var/www/cron.php(26): Box\Mod\Cron\Service->runCrons()
#15 {main}  
[27-Apr-2024 12:45:01 UTC] email.ERROR: Failed to send email via sendmail with the exception Symfony\Component\Mailer\Exception\TransportException: Connection to "process /usr/sbin/sendmail -bs" has been closed unexpectedly. in /var/www/vendor/symfony/mailer/Transport/Smtp/Stream/AbstractStream.php:88
Stack trace:
#0 /var/www/vendor/symfony/mailer/Transport/Smtp/SmtpTransport.php(346): Symfony\Component\Mailer\Transport\Smtp\Stream\AbstractStream->readLine()
#1 /var/www/vendor/symfony/mailer/Transport/Smtp/SmtpTransport.php(276): Symfony\Component\Mailer\Transport\Smtp\SmtpTransport->getFullResponse()
#2 /var/www/vendor/symfony/mailer/Transport/Smtp/SmtpTransport.php(209): Symfony\Component\Mailer\Transport\Smtp\SmtpTransport->start()
#3 /var/www/vendor/symfony/mailer/Transport/AbstractTransport.php(69): Symfony\Component\Mailer\Transport\Smtp\SmtpTransport->doSend()
#4 /var/www/vendor/symfony/mailer/Transport/Smtp/SmtpTransport.php(137): Symfony\Component\Mailer\Transport\AbstractTransport->send()
#5 /var/www/vendor/symfony/mailer/Transport/SendmailTransport.php(74): Symfony\Component\Mailer\Transport\Smtp\SmtpTransport->send()
#6 /var/www/vendor/symfony/mailer/Mailer.php(42): Symfony\Component\Mailer\Transport\SendmailTransport->send()
#7 /var/www/library/FOSSBilling/Mail.php(177): Symfony\Component\Mailer\Mailer->send()
#8 /var/www/modules/Email/Service.php(639): FOSSBilling\Mail->send()
#9 /var/www/modules/Email/Service.php(598): Box\Mod\Email\Service->_sendFromQueue()
#10 /var/www/modules/Email/Api/Admin.php(358): Box\Mod\Email\Service->batchSend()
#11 /var/www/library/Api/Handler.php(103): Box\Mod\Email\Api\Admin->batch_sendmail()
#12 /var/www/modules/Cron/Service.php(91): Api_Handler->__call()
#13 /var/www/modules/Cron/Service.php(70): Box\Mod\Cron\Service->_exec()
#14 /var/www/cron.php(26): Box\Mod\Cron\Service->runCrons()
#15 {main}  
[27-Apr-2024 12:45:01 UTC] email.ERROR: Failed to send email via sendmail with the exception Symfony\Component\Mailer\Exception\TransportException: Connection to "process /usr/sbin/sendmail -bs" has been closed unexpectedly. in /var/www/vendor/symfony/mailer/Transport/Smtp/Stream/AbstractStream.php:88
Stack trace:
#0 /var/www/vendor/symfony/mailer/Transport/Smtp/SmtpTransport.php(346): Symfony\Component\Mailer\Transport\Smtp\Stream\AbstractStream->readLine()
#1 /var/www/vendor/symfony/mailer/Transport/Smtp/SmtpTransport.php(276): Symfony\Component\Mailer\Transport\Smtp\SmtpTransport->getFullResponse()
#2 /var/www/vendor/symfony/mailer/Transport/Smtp/SmtpTransport.php(209): Symfony\Component\Mailer\Transport\Smtp\SmtpTransport->start()
#3 /var/www/vendor/symfony/mailer/Transport/AbstractTransport.php(69): Symfony\Component\Mailer\Transport\Smtp\SmtpTransport->doSend()
#4 /var/www/vendor/symfony/mailer/Transport/Smtp/SmtpTransport.php(137): Symfony\Component\Mailer\Transport\AbstractTransport->send()
#5 /var/www/vendor/symfony/mailer/Transport/SendmailTransport.php(74): Symfony\Component\Mailer\Transport\Smtp\SmtpTransport->send()
#6 /var/www/vendor/symfony/mailer/Mailer.php(42): Symfony\Component\Mailer\Transport\SendmailTransport->send()
#7 /var/www/library/FOSSBilling/Mail.php(177): Symfony\Component\Mailer\Mailer->send()
#8 /var/www/modules/Email/Service.php(639): FOSSBilling\Mail->send()
#9 /var/www/modules/Email/Service.php(598): Box\Mod\Email\Service->_sendFromQueue()
#10 /var/www/modules/Email/Api/Admin.php(358): Box\Mod\Email\Service->batchSend()
#11 /var/www/library/Api/Handler.php(103): Box\Mod\Email\Api\Admin->batch_sendmail()
#12 /var/www/modules/Cron/Service.php(91): Api_Handler->__call()
#13 /var/www/modules/Cron/Service.php(70): Box\Mod\Cron\Service->_exec()
#14 /var/www/cron.php(26): Box\Mod\Cron\Service->runCrons()
#15 {main}  
[27-Apr-2024 12:50:02 UTC] email.ERROR: Failed to send email via sendmail with the exception Symfony\Component\Mailer\Exception\TransportException: Connection to "process /usr/sbin/sendmail -bs" has been closed unexpectedly. in /var/www/vendor/symfony/mailer/Transport/Smtp/Stream/AbstractStream.php:88
Stack trace:
#0 /var/www/vendor/symfony/mailer/Transport/Smtp/SmtpTransport.php(346): Symfony\Component\Mailer\Transport\Smtp\Stream\AbstractStream->readLine()
#1 /var/www/vendor/symfony/mailer/Transport/Smtp/SmtpTransport.php(276): Symfony\Component\Mailer\Transport\Smtp\SmtpTransport->getFullResponse()
#2 /var/www/vendor/symfony/mailer/Transport/Smtp/SmtpTransport.php(209): Symfony\Component\Mailer\Transport\Smtp\SmtpTransport->start()
#3 /var/www/vendor/symfony/mailer/Transport/AbstractTransport.php(69): Symfony\Component\Mailer\Transport\Smtp\SmtpTransport->doSend()
#4 /var/www/vendor/symfony/mailer/Transport/Smtp/SmtpTransport.php(137): Symfony\Component\Mailer\Transport\AbstractTransport->send()
#5 /var/www/vendor/symfony/mailer/Transport/SendmailTransport.php(74): Symfony\Component\Mailer\Transport\Smtp\SmtpTransport->send()
#6 /var/www/vendor/symfony/mailer/Mailer.php(42): Symfony\Component\Mailer\Transport\SendmailTransport->send()
#7 /var/www/library/FOSSBilling/Mail.php(177): Symfony\Component\Mailer\Mailer->send()
#8 /var/www/modules/Email/Service.php(639): FOSSBilling\Mail->send()
#9 /var/www/modules/Email/Service.php(598): Box\Mod\Email\Service->_sendFromQueue()
#10 /var/www/modules/Email/Api/Admin.php(358): Box\Mod\Email\Service->batchSend()
#11 /var/www/library/Api/Handler.php(103): Box\Mod\Email\Api\Admin->batch_sendmail()
#12 /var/www/modules/Cron/Service.php(91): Api_Handler->__call()
#13 /var/www/modules/Cron/Service.php(70): Box\Mod\Cron\Service->_exec()
#14 /var/www/cron.php(26): Box\Mod\Cron\Service->runCrons()
#15 {main}  
[27-Apr-2024 12:50:02 UTC] email.ERROR: Failed to send email via sendmail with the exception Symfony\Component\Mailer\Exception\TransportException: Connection to "process /usr/sbin/sendmail -bs" has been closed unexpectedly. in /var/www/vendor/symfony/mailer/Transport/Smtp/Stream/AbstractStream.php:88
Stack trace:
#0 /var/www/vendor/symfony/mailer/Transport/Smtp/SmtpTransport.php(346): Symfony\Component\Mailer\Transport\Smtp\Stream\AbstractStream->readLine()
#1 /var/www/vendor/symfony/mailer/Transport/Smtp/SmtpTransport.php(276): Symfony\Component\Mailer\Transport\Smtp\SmtpTransport->getFullResponse()
#2 /var/www/vendor/symfony/mailer/Transport/Smtp/SmtpTransport.php(209): Symfony\Component\Mailer\Transport\Smtp\SmtpTransport->start()
#3 /var/www/vendor/symfony/mailer/Transport/AbstractTransport.php(69): Symfony\Component\Mailer\Transport\Smtp\SmtpTransport->doSend()
#4 /var/www/vendor/symfony/mailer/Transport/Smtp/SmtpTransport.php(137): Symfony\Component\Mailer\Transport\AbstractTransport->send()
#5 /var/www/vendor/symfony/mailer/Transport/SendmailTransport.php(74): Symfony\Component\Mailer\Transport\Smtp\SmtpTransport->send()
#6 /var/www/vendor/symfony/mailer/Mailer.php(42): Symfony\Component\Mailer\Transport\SendmailTransport->send()
#7 /var/www/library/FOSSBilling/Mail.php(177): Symfony\Component\Mailer\Mailer->send()
#8 /var/www/modules/Email/Service.php(639): FOSSBilling\Mail->send()
#9 /var/www/modules/Email/Service.php(598): Box\Mod\Email\Service->_sendFromQueue()
#10 /var/www/modules/Email/Api/Admin.php(358): Box\Mod\Email\Service->batchSend()
#11 /var/www/library/Api/Handler.php(103): Box\Mod\Email\Api\Admin->batch_sendmail()
#12 /var/www/modules/Cron/Service.php(91): Api_Handler->__call()
#13 /var/www/modules/Cron/Service.php(70): Box\Mod\Cron\Service->_exec()
#14 /var/www/cron.php(26): Box\Mod\Cron\Service->runCrons()
#15 {main}  
[27-Apr-2024 12:50:02 UTC] email.ERROR: Failed to send email via sendmail with the exception Symfony\Component\Mailer\Exception\TransportException: Connection to "process /usr/sbin/sendmail -bs" has been closed unexpectedly. in /var/www/vendor/symfony/mailer/Transport/Smtp/Stream/AbstractStream.php:88
Stack trace:
#0 /var/www/vendor/symfony/mailer/Transport/Smtp/SmtpTransport.php(346): Symfony\Component\Mailer\Transport\Smtp\Stream\AbstractStream->readLine()
#1 /var/www/vendor/symfony/mailer/Transport/Smtp/SmtpTransport.php(276): Symfony\Component\Mailer\Transport\Smtp\SmtpTransport->getFullResponse()
#2 /var/www/vendor/symfony/mailer/Transport/Smtp/SmtpTransport.php(209): Symfony\Component\Mailer\Transport\Smtp\SmtpTransport->start()
#3 /var/www/vendor/symfony/mailer/Transport/AbstractTransport.php(69): Symfony\Component\Mailer\Transport\Smtp\SmtpTransport->doSend()
#4 /var/www/vendor/symfony/mailer/Transport/Smtp/SmtpTransport.php(137): Symfony\Component\Mailer\Transport\AbstractTransport->send()
#5 /var/www/vendor/symfony/mailer/Transport/SendmailTransport.php(74): Symfony\Component\Mailer\Transport\Smtp\SmtpTransport->send()
#6 /var/www/vendor/symfony/mailer/Mailer.php(42): Symfony\Component\Mailer\Transport\SendmailTransport->send()
#7 /var/www/library/FOSSBilling/Mail.php(177): Symfony\Component\Mailer\Mailer->send()
#8 /var/www/modules/Email/Service.php(639): FOSSBilling\Mail->send()
#9 /var/www/modules/Email/Service.php(598): Box\Mod\Email\Service->_sendFromQueue()
#10 /var/www/modules/Email/Api/Admin.php(358): Box\Mod\Email\Service->batchSend()
#11 /var/www/library/Api/Handler.php(103): Box\Mod\Email\Api\Admin->batch_sendmail()
#12 /var/www/modules/Cron/Service.php(91): Api_Handler->__call()
#13 /var/www/modules/Cron/Service.php(70): Box\Mod\Cron\Service->_exec()
#14 /var/www/cron.php(26): Box\Mod\Cron\Service->runCrons()
#15 {main}  
[27-Apr-2024 12:50:02 UTC] email.ERROR: Failed to send email via sendmail with the exception Symfony\Component\Mailer\Exception\TransportException: Connection to "process /usr/sbin/sendmail -bs" has been closed unexpectedly. in /var/www/vendor/symfony/mailer/Transport/Smtp/Stream/AbstractStream.php:88
Stack trace:
#0 /var/www/vendor/symfony/mailer/Transport/Smtp/SmtpTransport.php(346): Symfony\Component\Mailer\Transport\Smtp\Stream\AbstractStream->readLine()
#1 /var/www/vendor/symfony/mailer/Transport/Smtp/SmtpTransport.php(276): Symfony\Component\Mailer\Transport\Smtp\SmtpTransport->getFullResponse()
#2 /var/www/vendor/symfony/mailer/Transport/Smtp/SmtpTransport.php(209): Symfony\Component\Mailer\Transport\Smtp\SmtpTransport->start()
#3 /var/www/vendor/symfony/mailer/Transport/AbstractTransport.php(69): Symfony\Component\Mailer\Transport\Smtp\SmtpTransport->doSend()
#4 /var/www/vendor/symfony/mailer/Transport/Smtp/SmtpTransport.php(137): Symfony\Component\Mailer\Transport\AbstractTransport->send()
#5 /var/www/vendor/symfony/mailer/Transport/SendmailTransport.php(74): Symfony\Component\Mailer\Transport\Smtp\SmtpTransport->send()
#6 /var/www/vendor/symfony/mailer/Mailer.php(42): Symfony\Component\Mailer\Transport\SendmailTransport->send()
#7 /var/www/library/FOSSBilling/Mail.php(177): Symfony\Component\Mailer\Mailer->send()
#8 /var/www/modules/Email/Service.php(639): FOSSBilling\Mail->send()
#9 /var/www/modules/Email/Service.php(598): Box\Mod\Email\Service->_sendFromQueue()
#10 /var/www/modules/Email/Api/Admin.php(358): Box\Mod\Email\Service->batchSend()
#11 /var/www/library/Api/Handler.php(103): Box\Mod\Email\Api\Admin->batch_sendmail()
#12 /var/www/modules/Cron/Service.php(91): Api_Handler->__call()
#13 /var/www/modules/Cron/Service.php(70): Box\Mod\Cron\Service->_exec()
#14 /var/www/cron.php(26): Box\Mod\Cron\Service->runCrons()
#15 {main}  
[27-Apr-2024 12:55:02 UTC] email.ERROR: Failed to send email via sendmail with the exception Symfony\Component\Mailer\Exception\TransportException: Connection to "process /usr/sbin/sendmail -bs" has been closed unexpectedly. in /var/www/vendor/symfony/mailer/Transport/Smtp/Stream/AbstractStream.php:88
Stack trace:
#0 /var/www/vendor/symfony/mailer/Transport/Smtp/SmtpTransport.php(346): Symfony\Component\Mailer\Transport\Smtp\Stream\AbstractStream->readLine()
#1 /var/www/vendor/symfony/mailer/Transport/Smtp/SmtpTransport.php(276): Symfony\Component\Mailer\Transport\Smtp\SmtpTransport->getFullResponse()
#2 /var/www/vendor/symfony/mailer/Transport/Smtp/SmtpTransport.php(209): Symfony\Component\Mailer\Transport\Smtp\SmtpTransport->start()
#3 /var/www/vendor/symfony/mailer/Transport/AbstractTransport.php(69): Symfony\Component\Mailer\Transport\Smtp\SmtpTransport->doSend()
#4 /var/www/vendor/symfony/mailer/Transport/Smtp/SmtpTransport.php(137): Symfony\Component\Mailer\Transport\AbstractTransport->send()
#5 /var/www/vendor/symfony/mailer/Transport/SendmailTransport.php(74): Symfony\Component\Mailer\Transport\Smtp\SmtpTransport->send()
#6 /var/www/vendor/symfony/mailer/Mailer.php(42): Symfony\Component\Mailer\Transport\SendmailTransport->send()
#7 /var/www/library/FOSSBilling/Mail.php(177): Symfony\Component\Mailer\Mailer->send()
#8 /var/www/modules/Email/Service.php(639): FOSSBilling\Mail->send()
#9 /var/www/modules/Email/Service.php(598): Box\Mod\Email\Service->_sendFromQueue()
#10 /var/www/modules/Email/Api/Admin.php(358): Box\Mod\Email\Service->batchSend()
#11 /var/www/library/Api/Handler.php(103): Box\Mod\Email\Api\Admin->batch_sendmail()
#12 /var/www/modules/Cron/Service.php(91): Api_Handler->__call()
#13 /var/www/modules/Cron/Service.php(70): Box\Mod\Cron\Service->_exec()
#14 /var/www/cron.php(26): Box\Mod\Cron\Service->runCrons()
#15 {main}  
[27-Apr-2024 12:55:02 UTC] email.ERROR: Failed to send email via sendmail with the exception Symfony\Component\Mailer\Exception\TransportException: Connection to "process /usr/sbin/sendmail -bs" has been closed unexpectedly. in /var/www/vendor/symfony/mailer/Transport/Smtp/Stream/AbstractStream.php:88
Stack trace:
#0 /var/www/vendor/symfony/mailer/Transport/Smtp/SmtpTransport.php(346): Symfony\Component\Mailer\Transport\Smtp\Stream\AbstractStream->readLine()
#1 /var/www/vendor/symfony/mailer/Transport/Smtp/SmtpTransport.php(276): Symfony\Component\Mailer\Transport\Smtp\SmtpTransport->getFullResponse()
#2 /var/www/vendor/symfony/mailer/Transport/Smtp/SmtpTransport.php(209): Symfony\Component\Mailer\Transport\Smtp\SmtpTransport->start()
#3 /var/www/vendor/symfony/mailer/Transport/AbstractTransport.php(69): Symfony\Component\Mailer\Transport\Smtp\SmtpTransport->doSend()
#4 /var/www/vendor/symfony/mailer/Transport/Smtp/SmtpTransport.php(137): Symfony\Component\Mailer\Transport\AbstractTransport->send()
#5 /var/www/vendor/symfony/mailer/Transport/SendmailTransport.php(74): Symfony\Component\Mailer\Transport\Smtp\SmtpTransport->send()
#6 /var/www/vendor/symfony/mailer/Mailer.php(42): Symfony\Component\Mailer\Transport\SendmailTransport->send()
#7 /var/www/library/FOSSBilling/Mail.php(177): Symfony\Component\Mailer\Mailer->send()
#8 /var/www/modules/Email/Service.php(639): FOSSBilling\Mail->send()
#9 /var/www/modules/Email/Service.php(598): Box\Mod\Email\Service->_sendFromQueue()
#10 /var/www/modules/Email/Api/Admin.php(358): Box\Mod\Email\Service->batchSend()
#11 /var/www/library/Api/Handler.php(103): Box\Mod\Email\Api\Admin->batch_sendmail()
#12 /var/www/modules/Cron/Service.php(91): Api_Handler->__call()
#13 /var/www/modules/Cron/Service.php(70): Box\Mod\Cron\Service->_exec()
#14 /var/www/cron.php(26): Box\Mod\Cron\Service->runCrons()
#15 {main}  
[27-Apr-2024 12:55:02 UTC] email.ERROR: Failed to send email via sendmail with the exception Symfony\Component\Mailer\Exception\TransportException: Connection to "process /usr/sbin/sendmail -bs" has been closed unexpectedly. in /var/www/vendor/symfony/mailer/Transport/Smtp/Stream/AbstractStream.php:88
Stack trace:
#0 /var/www/vendor/symfony/mailer/Transport/Smtp/SmtpTransport.php(346): Symfony\Component\Mailer\Transport\Smtp\Stream\AbstractStream->readLine()
#1 /var/www/vendor/symfony/mailer/Transport/Smtp/SmtpTransport.php(276): Symfony\Component\Mailer\Transport\Smtp\SmtpTransport->getFullResponse()
#2 /var/www/vendor/symfony/mailer/Transport/Smtp/SmtpTransport.php(209): Symfony\Component\Mailer\Transport\Smtp\SmtpTransport->start()
#3 /var/www/vendor/symfony/mailer/Transport/AbstractTransport.php(69): Symfony\Component\Mailer\Transport\Smtp\SmtpTransport->doSend()
#4 /var/www/vendor/symfony/mailer/Transport/Smtp/SmtpTransport.php(137): Symfony\Component\Mailer\Transport\AbstractTransport->send()
#5 /var/www/vendor/symfony/mailer/Transport/SendmailTransport.php(74): Symfony\Component\Mailer\Transport\Smtp\SmtpTransport->send()
#6 /var/www/vendor/symfony/mailer/Mailer.php(42): Symfony\Component\Mailer\Transport\SendmailTransport->send()
#7 /var/www/library/FOSSBilling/Mail.php(177): Symfony\Component\Mailer\Mailer->send()
#8 /var/www/modules/Email/Service.php(639): FOSSBilling\Mail->send()
#9 /var/www/modules/Email/Service.php(598): Box\Mod\Email\Service->_sendFromQueue()
#10 /var/www/modules/Email/Api/Admin.php(358): Box\Mod\Email\Service->batchSend()
#11 /var/www/library/Api/Handler.php(103): Box\Mod\Email\Api\Admin->batch_sendmail()
#12 /var/www/modules/Cron/Service.php(91): Api_Handler->__call()
#13 /var/www/modules/Cron/Service.php(70): Box\Mod\Cron\Service->_exec()
#14 /var/www/cron.php(26): Box\Mod\Cron\Service->runCrons()
#15 {main}  
[27-Apr-2024 12:55:02 UTC] email.ERROR: Failed to send email via sendmail with the exception Symfony\Component\Mailer\Exception\TransportException: Connection to "process /usr/sbin/sendmail -bs" has been closed unexpectedly. in /var/www/vendor/symfony/mailer/Transport/Smtp/Stream/AbstractStream.php:88
Stack trace:
#0 /var/www/vendor/symfony/mailer/Transport/Smtp/SmtpTransport.php(346): Symfony\Component\Mailer\Transport\Smtp\Stream\AbstractStream->readLine()
#1 /var/www/vendor/symfony/mailer/Transport/Smtp/SmtpTransport.php(276): Symfony\Component\Mailer\Transport\Smtp\SmtpTransport->getFullResponse()
#2 /var/www/vendor/symfony/mailer/Transport/Smtp/SmtpTransport.php(209): Symfony\Component\Mailer\Transport\Smtp\SmtpTransport->start()
#3 /var/www/vendor/symfony/mailer/Transport/AbstractTransport.php(69): Symfony\Component\Mailer\Transport\Smtp\SmtpTransport->doSend()
#4 /var/www/vendor/symfony/mailer/Transport/Smtp/SmtpTransport.php(137): Symfony\Component\Mailer\Transport\AbstractTransport->send()
#5 /var/www/vendor/symfony/mailer/Transport/SendmailTransport.php(74): Symfony\Component\Mailer\Transport\Smtp\SmtpTransport->send()
#6 /var/www/vendor/symfony/mailer/Mailer.php(42): Symfony\Component\Mailer\Transport\SendmailTransport->send()
#7 /var/www/library/FOSSBilling/Mail.php(177): Symfony\Component\Mailer\Mailer->send()
#8 /var/www/modules/Email/Service.php(639): FOSSBilling\Mail->send()
#9 /var/www/modules/Email/Service.php(598): Box\Mod\Email\Service->_sendFromQueue()
#10 /var/www/modules/Email/Api/Admin.php(358): Box\Mod\Email\Service->batchSend()
#11 /var/www/library/Api/Handler.php(103): Box\Mod\Email\Api\Admin->batch_sendmail()
#12 /var/www/modules/Cron/Service.php(91): Api_Handler->__call()
#13 /var/www/modules/Cron/Service.php(70): Box\Mod\Cron\Service->_exec()
#14 /var/www/cron.php(26): Box\Mod\Cron\Service->runCrons()
#15 {main}  
[27-Apr-2024 22:45:01 UTC] email.ERROR: Failed to send email via sendmail with the exception Symfony\Component\Mailer\Exception\TransportException: Connection to "process /usr/sbin/sendmail -bs" has been closed unexpectedly. in /var/www/vendor/symfony/mailer/Transport/Smtp/Stream/AbstractStream.php:88
Stack trace:
#0 /var/www/vendor/symfony/mailer/Transport/Smtp/SmtpTransport.php(346): Symfony\Component\Mailer\Transport\Smtp\Stream\AbstractStream->readLine()
#1 /var/www/vendor/symfony/mailer/Transport/Smtp/SmtpTransport.php(276): Symfony\Component\Mailer\Transport\Smtp\SmtpTransport->getFullResponse()
#2 /var/www/vendor/symfony/mailer/Transport/Smtp/SmtpTransport.php(209): Symfony\Component\Mailer\Transport\Smtp\SmtpTransport->start()
#3 /var/www/vendor/symfony/mailer/Transport/AbstractTransport.php(69): Symfony\Component\Mailer\Transport\Smtp\SmtpTransport->doSend()
#4 /var/www/vendor/symfony/mailer/Transport/Smtp/SmtpTransport.php(137): Symfony\Component\Mailer\Transport\AbstractTransport->send()
#5 /var/www/vendor/symfony/mailer/Transport/SendmailTransport.php(74): Symfony\Component\Mailer\Transport\Smtp\SmtpTransport->send()
#6 /var/www/vendor/symfony/mailer/Mailer.php(42): Symfony\Component\Mailer\Transport\SendmailTransport->send()
#7 /var/www/library/FOSSBilling/Mail.php(177): Symfony\Component\Mailer\Mailer->send()
#8 /var/www/modules/Email/Service.php(639): FOSSBilling\Mail->send()
#9 /var/www/modules/Email/Service.php(598): Box\Mod\Email\Service->_sendFromQueue()
#10 /var/www/modules/Email/Api/Admin.php(358): Box\Mod\Email\Service->batchSend()
#11 /var/www/library/Api/Handler.php(103): Box\Mod\Email\Api\Admin->batch_sendmail()
#12 /var/www/modules/Cron/Service.php(91): Api_Handler->__call()
#13 /var/www/modules/Cron/Service.php(70): Box\Mod\Cron\Service->_exec()
#14 /var/www/cron.php(26): Box\Mod\Cron\Service->runCrons()
#15 {main}  
[27-Apr-2024 22:45:01 UTC] email.ERROR: Failed to send email via sendmail with the exception Symfony\Component\Mailer\Exception\TransportException: Connection to "process /usr/sbin/sendmail -bs" has been closed unexpectedly. in /var/www/vendor/symfony/mailer/Transport/Smtp/Stream/AbstractStream.php:88
Stack trace:
#0 /var/www/vendor/symfony/mailer/Transport/Smtp/SmtpTransport.php(346): Symfony\Component\Mailer\Transport\Smtp\Stream\AbstractStream->readLine()
#1 /var/www/vendor/symfony/mailer/Transport/Smtp/SmtpTransport.php(276): Symfony\Component\Mailer\Transport\Smtp\SmtpTransport->getFullResponse()
#2 /var/www/vendor/symfony/mailer/Transport/Smtp/SmtpTransport.php(209): Symfony\Component\Mailer\Transport\Smtp\SmtpTransport->start()
#3 /var/www/vendor/symfony/mailer/Transport/AbstractTransport.php(69): Symfony\Component\Mailer\Transport\Smtp\SmtpTransport->doSend()
#4 /var/www/vendor/symfony/mailer/Transport/Smtp/SmtpTransport.php(137): Symfony\Component\Mailer\Transport\AbstractTransport->send()
#5 /var/www/vendor/symfony/mailer/Transport/SendmailTransport.php(74): Symfony\Component\Mailer\Transport\Smtp\SmtpTransport->send()
#6 /var/www/vendor/symfony/mailer/Mailer.php(42): Symfony\Component\Mailer\Transport\SendmailTransport->send()
#7 /var/www/library/FOSSBilling/Mail.php(177): Symfony\Component\Mailer\Mailer->send()
#8 /var/www/modules/Email/Service.php(639): FOSSBilling\Mail->send()
#9 /var/www/modules/Email/Service.php(598): Box\Mod\Email\Service->_sendFromQueue()
#10 /var/www/modules/Email/Api/Admin.php(358): Box\Mod\Email\Service->batchSend()
#11 /var/www/library/Api/Handler.php(103): Box\Mod\Email\Api\Admin->batch_sendmail()
#12 /var/www/modules/Cron/Service.php(91): Api_Handler->__call()
#13 /var/www/modules/Cron/Service.php(70): Box\Mod\Cron\Service->_exec()
#14 /var/www/cron.php(26): Box\Mod\Cron\Service->runCrons()
#15 {main}  
[27-Apr-2024 22:50:02 UTC] email.ERROR: Failed to send email via sendmail with the exception Symfony\Component\Mailer\Exception\TransportException: Connection to "process /usr/sbin/sendmail -bs" has been closed unexpectedly. in /var/www/vendor/symfony/mailer/Transport/Smtp/Stream/AbstractStream.php:88
Stack trace:
#0 /var/www/vendor/symfony/mailer/Transport/Smtp/SmtpTransport.php(346): Symfony\Component\Mailer\Transport\Smtp\Stream\AbstractStream->readLine()
#1 /var/www/vendor/symfony/mailer/Transport/Smtp/SmtpTransport.php(276): Symfony\Component\Mailer\Transport\Smtp\SmtpTransport->getFullResponse()
#2 /var/www/vendor/symfony/mailer/Transport/Smtp/SmtpTransport.php(209): Symfony\Component\Mailer\Transport\Smtp\SmtpTransport->start()
#3 /var/www/vendor/symfony/mailer/Transport/AbstractTransport.php(69): Symfony\Component\Mailer\Transport\Smtp\SmtpTransport->doSend()
#4 /var/www/vendor/symfony/mailer/Transport/Smtp/SmtpTransport.php(137): Symfony\Component\Mailer\Transport\AbstractTransport->send()
#5 /var/www/vendor/symfony/mailer/Transport/SendmailTransport.php(74): Symfony\Component\Mailer\Transport\Smtp\SmtpTransport->send()
#6 /var/www/vendor/symfony/mailer/Mailer.php(42): Symfony\Component\Mailer\Transport\SendmailTransport->send()
#7 /var/www/library/FOSSBilling/Mail.php(177): Symfony\Component\Mailer\Mailer->send()
#8 /var/www/modules/Email/Service.php(639): FOSSBilling\Mail->send()
#9 /var/www/modules/Email/Service.php(598): Box\Mod\Email\Service->_sendFromQueue()
#10 /var/www/modules/Email/Api/Admin.php(358): Box\Mod\Email\Service->batchSend()
#11 /var/www/library/Api/Handler.php(103): Box\Mod\Email\Api\Admin->batch_sendmail()
#12 /var/www/modules/Cron/Service.php(91): Api_Handler->__call()
#13 /var/www/modules/Cron/Service.php(70): Box\Mod\Cron\Service->_exec()
#14 /var/www/cron.php(26): Box\Mod\Cron\Service->runCrons()
#15 {main}  
[27-Apr-2024 22:50:02 UTC] email.ERROR: Failed to send email via sendmail with the exception Symfony\Component\Mailer\Exception\TransportException: Connection to "process /usr/sbin/sendmail -bs" has been closed unexpectedly. in /var/www/vendor/symfony/mailer/Transport/Smtp/Stream/AbstractStream.php:88
Stack trace:
#0 /var/www/vendor/symfony/mailer/Transport/Smtp/SmtpTransport.php(346): Symfony\Component\Mailer\Transport\Smtp\Stream\AbstractStream->readLine()
#1 /var/www/vendor/symfony/mailer/Transport/Smtp/SmtpTransport.php(276): Symfony\Component\Mailer\Transport\Smtp\SmtpTransport->getFullResponse()
#2 /var/www/vendor/symfony/mailer/Transport/Smtp/SmtpTransport.php(209): Symfony\Component\Mailer\Transport\Smtp\SmtpTransport->start()
#3 /var/www/vendor/symfony/mailer/Transport/AbstractTransport.php(69): Symfony\Component\Mailer\Transport\Smtp\SmtpTransport->doSend()
#4 /var/www/vendor/symfony/mailer/Transport/Smtp/SmtpTransport.php(137): Symfony\Component\Mailer\Transport\AbstractTransport->send()
#5 /var/www/vendor/symfony/mailer/Transport/SendmailTransport.php(74): Symfony\Component\Mailer\Transport\Smtp\SmtpTransport->send()
#6 /var/www/vendor/symfony/mailer/Mailer.php(42): Symfony\Component\Mailer\Transport\SendmailTransport->send()
#7 /var/www/library/FOSSBilling/Mail.php(177): Symfony\Component\Mailer\Mailer->send()
#8 /var/www/modules/Email/Service.php(639): FOSSBilling\Mail->send()
#9 /var/www/modules/Email/Service.php(598): Box\Mod\Email\Service->_sendFromQueue()
#10 /var/www/modules/Email/Api/Admin.php(358): Box\Mod\Email\Service->batchSend()
#11 /var/www/library/Api/Handler.php(103): Box\Mod\Email\Api\Admin->batch_sendmail()
#12 /var/www/modules/Cron/Service.php(91): Api_Handler->__call()
#13 /var/www/modules/Cron/Service.php(70): Box\Mod\Cron\Service->_exec()
#14 /var/www/cron.php(26): Box\Mod\Cron\Service->runCrons()
#15 {main}  
[27-Apr-2024 22:50:02 UTC] email.ERROR: Failed to send email via sendmail with the exception Symfony\Component\Mailer\Exception\TransportException: Connection to "process /usr/sbin/sendmail -bs" has been closed unexpectedly. in /var/www/vendor/symfony/mailer/Transport/Smtp/Stream/AbstractStream.php:88
Stack trace:
#0 /var/www/vendor/symfony/mailer/Transport/Smtp/SmtpTransport.php(346): Symfony\Component\Mailer\Transport\Smtp\Stream\AbstractStream->readLine()
#1 /var/www/vendor/symfony/mailer/Transport/Smtp/SmtpTransport.php(276): Symfony\Component\Mailer\Transport\Smtp\SmtpTransport->getFullResponse()
#2 /var/www/vendor/symfony/mailer/Transport/Smtp/SmtpTransport.php(209): Symfony\Component\Mailer\Transport\Smtp\SmtpTransport->start()
#3 /var/www/vendor/symfony/mailer/Transport/AbstractTransport.php(69): Symfony\Component\Mailer\Transport\Smtp\SmtpTransport->doSend()
#4 /var/www/vendor/symfony/mailer/Transport/Smtp/SmtpTransport.php(137): Symfony\Component\Mailer\Transport\AbstractTransport->send()
#5 /var/www/vendor/symfony/mailer/Transport/SendmailTransport.php(74): Symfony\Component\Mailer\Transport\Smtp\SmtpTransport->send()
#6 /var/www/vendor/symfony/mailer/Mailer.php(42): Symfony\Component\Mailer\Transport\SendmailTransport->send()
#7 /var/www/library/FOSSBilling/Mail.php(177): Symfony\Component\Mailer\Mailer->send()
#8 /var/www/modules/Email/Service.php(639): FOSSBilling\Mail->send()
#9 /var/www/modules/Email/Service.php(598): Box\Mod\Email\Service->_sendFromQueue()
#10 /var/www/modules/Email/Api/Admin.php(358): Box\Mod\Email\Service->batchSend()
#11 /var/www/library/Api/Handler.php(103): Box\Mod\Email\Api\Admin->batch_sendmail()
#12 /var/www/modules/Cron/Service.php(91): Api_Handler->__call()
#13 /var/www/modules/Cron/Service.php(70): Box\Mod\Cron\Service->_exec()
#14 /var/www/cron.php(26): Box\Mod\Cron\Service->runCrons()
#15 {main}  
[27-Apr-2024 22:50:02 UTC] email.ERROR: Failed to send email via sendmail with the exception Symfony\Component\Mailer\Exception\TransportException: Connection to "process /usr/sbin/sendmail -bs" has been closed unexpectedly. in /var/www/vendor/symfony/mailer/Transport/Smtp/Stream/AbstractStream.php:88
Stack trace:
#0 /var/www/vendor/symfony/mailer/Transport/Smtp/SmtpTransport.php(346): Symfony\Component\Mailer\Transport\Smtp\Stream\AbstractStream->readLine()
#1 /var/www/vendor/symfony/mailer/Transport/Smtp/SmtpTransport.php(276): Symfony\Component\Mailer\Transport\Smtp\SmtpTransport->getFullResponse()
#2 /var/www/vendor/symfony/mailer/Transport/Smtp/SmtpTransport.php(209): Symfony\Component\Mailer\Transport\Smtp\SmtpTransport->start()
#3 /var/www/vendor/symfony/mailer/Transport/AbstractTransport.php(69): Symfony\Component\Mailer\Transport\Smtp\SmtpTransport->doSend()
#4 /var/www/vendor/symfony/mailer/Transport/Smtp/SmtpTransport.php(137): Symfony\Component\Mailer\Transport\AbstractTransport->send()
#5 /var/www/vendor/symfony/mailer/Transport/SendmailTransport.php(74): Symfony\Component\Mailer\Transport\Smtp\SmtpTransport->send()
#6 /var/www/vendor/symfony/mailer/Mailer.php(42): Symfony\Component\Mailer\Transport\SendmailTransport->send()
#7 /var/www/library/FOSSBilling/Mail.php(177): Symfony\Component\Mailer\Mailer->send()
#8 /var/www/modules/Email/Service.php(639): FOSSBilling\Mail->send()
#9 /var/www/modules/Email/Service.php(598): Box\Mod\Email\Service->_sendFromQueue()
#10 /var/www/modules/Email/Api/Admin.php(358): Box\Mod\Email\Service->batchSend()
#11 /var/www/library/Api/Handler.php(103): Box\Mod\Email\Api\Admin->batch_sendmail()
#12 /var/www/modules/Cron/Service.php(91): Api_Handler->__call()
#13 /var/www/modules/Cron/Service.php(70): Box\Mod\Cron\Service->_exec()
#14 /var/www/cron.php(26): Box\Mod\Cron\Service->runCrons()
#15 {main}  
[27-Apr-2024 22:50:02 UTC] email.ERROR: Failed to send email via sendmail with the exception Symfony\Component\Mailer\Exception\TransportException: Connection to "process /usr/sbin/sendmail -bs" has been closed unexpectedly. in /var/www/vendor/symfony/mailer/Transport/Smtp/Stream/AbstractStream.php:88
Stack trace:
#0 /var/www/vendor/symfony/mailer/Transport/Smtp/SmtpTransport.php(346): Symfony\Component\Mailer\Transport\Smtp\Stream\AbstractStream->readLine()
#1 /var/www/vendor/symfony/mailer/Transport/Smtp/SmtpTransport.php(276): Symfony\Component\Mailer\Transport\Smtp\SmtpTransport->getFullResponse()
#2 /var/www/vendor/symfony/mailer/Transport/Smtp/SmtpTransport.php(209): Symfony\Component\Mailer\Transport\Smtp\SmtpTransport->start()
#3 /var/www/vendor/symfony/mailer/Transport/AbstractTransport.php(69): Symfony\Component\Mailer\Transport\Smtp\SmtpTransport->doSend()
#4 /var/www/vendor/symfony/mailer/Transport/Smtp/SmtpTransport.php(137): Symfony\Component\Mailer\Transport\AbstractTransport->send()
#5 /var/www/vendor/symfony/mailer/Transport/SendmailTransport.php(74): Symfony\Component\Mailer\Transport\Smtp\SmtpTransport->send()
#6 /var/www/vendor/symfony/mailer/Mailer.php(42): Symfony\Component\Mailer\Transport\SendmailTransport->send()
#7 /var/www/library/FOSSBilling/Mail.php(177): Symfony\Component\Mailer\Mailer->send()
#8 /var/www/modules/Email/Service.php(639): FOSSBilling\Mail->send()
#9 /var/www/modules/Email/Service.php(598): Box\Mod\Email\Service->_sendFromQueue()
#10 /var/www/modules/Email/Api/Admin.php(358): Box\Mod\Email\Service->batchSend()
#11 /var/www/library/Api/Handler.php(103): Box\Mod\Email\Api\Admin->batch_sendmail()
#12 /var/www/modules/Cron/Service.php(91): Api_Handler->__call()
#13 /var/www/modules/Cron/Service.php(70): Box\Mod\Cron\Service->_exec()
#14 /var/www/cron.php(26): Box\Mod\Cron\Service->runCrons()
#15 {main}  
[27-Apr-2024 22:55:02 UTC] email.ERROR: Failed to send email via sendmail with the exception Symfony\Component\Mailer\Exception\TransportException: Connection to "process /usr/sbin/sendmail -bs" has been closed unexpectedly. in /var/www/vendor/symfony/mailer/Transport/Smtp/Stream/AbstractStream.php:88
Stack trace:
#0 /var/www/vendor/symfony/mailer/Transport/Smtp/SmtpTransport.php(346): Symfony\Component\Mailer\Transport\Smtp\Stream\AbstractStream->readLine()
#1 /var/www/vendor/symfony/mailer/Transport/Smtp/SmtpTransport.php(276): Symfony\Component\Mailer\Transport\Smtp\SmtpTransport->getFullResponse()
#2 /var/www/vendor/symfony/mailer/Transport/Smtp/SmtpTransport.php(209): Symfony\Component\Mailer\Transport\Smtp\SmtpTransport->start()
#3 /var/www/vendor/symfony/mailer/Transport/AbstractTransport.php(69): Symfony\Component\Mailer\Transport\Smtp\SmtpTransport->doSend()
#4 /var/www/vendor/symfony/mailer/Transport/Smtp/SmtpTransport.php(137): Symfony\Component\Mailer\Transport\AbstractTransport->send()
#5 /var/www/vendor/symfony/mailer/Transport/SendmailTransport.php(74): Symfony\Component\Mailer\Transport\Smtp\SmtpTransport->send()
#6 /var/www/vendor/symfony/mailer/Mailer.php(42): Symfony\Component\Mailer\Transport\SendmailTransport->send()
#7 /var/www/library/FOSSBilling/Mail.php(177): Symfony\Component\Mailer\Mailer->send()
#8 /var/www/modules/Email/Service.php(639): FOSSBilling\Mail->send()
#9 /var/www/modules/Email/Service.php(598): Box\Mod\Email\Service->_sendFromQueue()
#10 /var/www/modules/Email/Api/Admin.php(358): Box\Mod\Email\Service->batchSend()
#11 /var/www/library/Api/Handler.php(103): Box\Mod\Email\Api\Admin->batch_sendmail()
#12 /var/www/modules/Cron/Service.php(91): Api_Handler->__call()
#13 /var/www/modules/Cron/Service.php(70): Box\Mod\Cron\Service->_exec()
#14 /var/www/cron.php(26): Box\Mod\Cron\Service->runCrons()
#15 {main}  
[27-Apr-2024 22:55:02 UTC] email.ERROR: Failed to send email via sendmail with the exception Symfony\Component\Mailer\Exception\TransportException: Connection to "process /usr/sbin/sendmail -bs" has been closed unexpectedly. in /var/www/vendor/symfony/mailer/Transport/Smtp/Stream/AbstractStream.php:88
Stack trace:
#0 /var/www/vendor/symfony/mailer/Transport/Smtp/SmtpTransport.php(346): Symfony\Component\Mailer\Transport\Smtp\Stream\AbstractStream->readLine()
#1 /var/www/vendor/symfony/mailer/Transport/Smtp/SmtpTransport.php(276): Symfony\Component\Mailer\Transport\Smtp\SmtpTransport->getFullResponse()
#2 /var/www/vendor/symfony/mailer/Transport/Smtp/SmtpTransport.php(209): Symfony\Component\Mailer\Transport\Smtp\SmtpTransport->start()
#3 /var/www/vendor/symfony/mailer/Transport/AbstractTransport.php(69): Symfony\Component\Mailer\Transport\Smtp\SmtpTransport->doSend()
#4 /var/www/vendor/symfony/mailer/Transport/Smtp/SmtpTransport.php(137): Symfony\Component\Mailer\Transport\AbstractTransport->send()
#5 /var/www/vendor/symfony/mailer/Transport/SendmailTransport.php(74): Symfony\Component\Mailer\Transport\Smtp\SmtpTransport->send()
#6 /var/www/vendor/symfony/mailer/Mailer.php(42): Symfony\Component\Mailer\Transport\SendmailTransport->send()
#7 /var/www/library/FOSSBilling/Mail.php(177): Symfony\Component\Mailer\Mailer->send()
#8 /var/www/modules/Email/Service.php(639): FOSSBilling\Mail->send()
#9 /var/www/modules/Email/Service.php(598): Box\Mod\Email\Service->_sendFromQueue()
#10 /var/www/modules/Email/Api/Admin.php(358): Box\Mod\Email\Service->batchSend()
#11 /var/www/library/Api/Handler.php(103): Box\Mod\Email\Api\Admin->batch_sendmail()
#12 /var/www/modules/Cron/Service.php(91): Api_Handler->__call()
#13 /var/www/modules/Cron/Service.php(70): Box\Mod\Cron\Service->_exec()
#14 /var/www/cron.php(26): Box\Mod\Cron\Service->runCrons()
#15 {main}  
[27-Apr-2024 22:55:02 UTC] email.ERROR: Failed to send email via sendmail with the exception Symfony\Component\Mailer\Exception\TransportException: Connection to "process /usr/sbin/sendmail -bs" has been closed unexpectedly. in /var/www/vendor/symfony/mailer/Transport/Smtp/Stream/AbstractStream.php:88
Stack trace:
#0 /var/www/vendor/symfony/mailer/Transport/Smtp/SmtpTransport.php(346): Symfony\Component\Mailer\Transport\Smtp\Stream\AbstractStream->readLine()
#1 /var/www/vendor/symfony/mailer/Transport/Smtp/SmtpTransport.php(276): Symfony\Component\Mailer\Transport\Smtp\SmtpTransport->getFullResponse()
#2 /var/www/vendor/symfony/mailer/Transport/Smtp/SmtpTransport.php(209): Symfony\Component\Mailer\Transport\Smtp\SmtpTransport->start()
#3 /var/www/vendor/symfony/mailer/Transport/AbstractTransport.php(69): Symfony\Component\Mailer\Transport\Smtp\SmtpTransport->doSend()
#4 /var/www/vendor/symfony/mailer/Transport/Smtp/SmtpTransport.php(137): Symfony\Component\Mailer\Transport\AbstractTransport->send()
#5 /var/www/vendor/symfony/mailer/Transport/SendmailTransport.php(74): Symfony\Component\Mailer\Transport\Smtp\SmtpTransport->send()
#6 /var/www/vendor/symfony/mailer/Mailer.php(42): Symfony\Component\Mailer\Transport\SendmailTransport->send()
#7 /var/www/library/FOSSBilling/Mail.php(177): Symfony\Component\Mailer\Mailer->send()
#8 /var/www/modules/Email/Service.php(639): FOSSBilling\Mail->send()
#9 /var/www/modules/Email/Service.php(598): Box\Mod\Email\Service->_sendFromQueue()
#10 /var/www/modules/Email/Api/Admin.php(358): Box\Mod\Email\Service->batchSend()
#11 /var/www/library/Api/Handler.php(103): Box\Mod\Email\Api\Admin->batch_sendmail()
#12 /var/www/modules/Cron/Service.php(91): Api_Handler->__call()
#13 /var/www/modules/Cron/Service.php(70): Box\Mod\Cron\Service->_exec()
#14 /var/www/cron.php(26): Box\Mod\Cron\Service->runCrons()
#15 {main}  
[27-Apr-2024 22:55:02 UTC] email.ERROR: Failed to send email via sendmail with the exception Symfony\Component\Mailer\Exception\TransportException: Connection to "process /usr/sbin/sendmail -bs" has been closed unexpectedly. in /var/www/vendor/symfony/mailer/Transport/Smtp/Stream/AbstractStream.php:88
Stack trace:
#0 /var/www/vendor/symfony/mailer/Transport/Smtp/SmtpTransport.php(346): Symfony\Component\Mailer\Transport\Smtp\Stream\AbstractStream->readLine()
#1 /var/www/vendor/symfony/mailer/Transport/Smtp/SmtpTransport.php(276): Symfony\Component\Mailer\Transport\Smtp\SmtpTransport->getFullResponse()
#2 /var/www/vendor/symfony/mailer/Transport/Smtp/SmtpTransport.php(209): Symfony\Component\Mailer\Transport\Smtp\SmtpTransport->start()
#3 /var/www/vendor/symfony/mailer/Transport/AbstractTransport.php(69): Symfony\Component\Mailer\Transport\Smtp\SmtpTransport->doSend()
#4 /var/www/vendor/symfony/mailer/Transport/Smtp/SmtpTransport.php(137): Symfony\Component\Mailer\Transport\AbstractTransport->send()
#5 /var/www/vendor/symfony/mailer/Transport/SendmailTransport.php(74): Symfony\Component\Mailer\Transport\Smtp\SmtpTransport->send()
#6 /var/www/vendor/symfony/mailer/Mailer.php(42): Symfony\Component\Mailer\Transport\SendmailTransport->send()
#7 /var/www/library/FOSSBilling/Mail.php(177): Symfony\Component\Mailer\Mailer->send()
#8 /var/www/modules/Email/Service.php(639): FOSSBilling\Mail->send()
#9 /var/www/modules/Email/Service.php(598): Box\Mod\Email\Service->_sendFromQueue()
#10 /var/www/modules/Email/Api/Admin.php(358): Box\Mod\Email\Service->batchSend()
#11 /var/www/library/Api/Handler.php(103): Box\Mod\Email\Api\Admin->batch_sendmail()
#12 /var/www/modules/Cron/Service.php(91): Api_Handler->__call()
#13 /var/www/modules/Cron/Service.php(70): Box\Mod\Cron\Service->_exec()
#14 /var/www/cron.php(26): Box\Mod\Cron\Service->runCrons()
#15 {main}  
[27-Apr-2024 22:55:02 UTC] email.ERROR: Failed to send email via sendmail with the exception Symfony\Component\Mailer\Exception\TransportException: Connection to "process /usr/sbin/sendmail -bs" has been closed unexpectedly. in /var/www/vendor/symfony/mailer/Transport/Smtp/Stream/AbstractStream.php:88
Stack trace:
#0 /var/www/vendor/symfony/mailer/Transport/Smtp/SmtpTransport.php(346): Symfony\Component\Mailer\Transport\Smtp\Stream\AbstractStream->readLine()
#1 /var/www/vendor/symfony/mailer/Transport/Smtp/SmtpTransport.php(276): Symfony\Component\Mailer\Transport\Smtp\SmtpTransport->getFullResponse()
#2 /var/www/vendor/symfony/mailer/Transport/Smtp/SmtpTransport.php(209): Symfony\Component\Mailer\Transport\Smtp\SmtpTransport->start()
#3 /var/www/vendor/symfony/mailer/Transport/AbstractTransport.php(69): Symfony\Component\Mailer\Transport\Smtp\SmtpTransport->doSend()
#4 /var/www/vendor/symfony/mailer/Transport/Smtp/SmtpTransport.php(137): Symfony\Component\Mailer\Transport\AbstractTransport->send()
#5 /var/www/vendor/symfony/mailer/Transport/SendmailTransport.php(74): Symfony\Component\Mailer\Transport\Smtp\SmtpTransport->send()
#6 /var/www/vendor/symfony/mailer/Mailer.php(42): Symfony\Component\Mailer\Transport\SendmailTransport->send()
#7 /var/www/library/FOSSBilling/Mail.php(177): Symfony\Component\Mailer\Mailer->send()
#8 /var/www/modules/Email/Service.php(639): FOSSBilling\Mail->send()
#9 /var/www/modules/Email/Service.php(598): Box\Mod\Email\Service->_sendFromQueue()
#10 /var/www/modules/Email/Api/Admin.php(358): Box\Mod\Email\Service->batchSend()
#11 /var/www/library/Api/Handler.php(103): Box\Mod\Email\Api\Admin->batch_sendmail()
#12 /var/www/modules/Cron/Service.php(91): Api_Handler->__call()
#13 /var/www/modules/Cron/Service.php(70): Box\Mod\Cron\Service->_exec()
#14 /var/www/cron.php(26): Box\Mod\Cron\Service->runCrons()
#15 {main}  
[27-Apr-2024 22:55:02 UTC] email.ERROR: Failed to send email via sendmail with the exception Symfony\Component\Mailer\Exception\TransportException: Connection to "process /usr/sbin/sendmail -bs" has been closed unexpectedly. in /var/www/vendor/symfony/mailer/Transport/Smtp/Stream/AbstractStream.php:88
Stack trace:
#0 /var/www/vendor/symfony/mailer/Transport/Smtp/SmtpTransport.php(346): Symfony\Component\Mailer\Transport\Smtp\Stream\AbstractStream->readLine()
#1 /var/www/vendor/symfony/mailer/Transport/Smtp/SmtpTransport.php(276): Symfony\Component\Mailer\Transport\Smtp\SmtpTransport->getFullResponse()
#2 /var/www/vendor/symfony/mailer/Transport/Smtp/SmtpTransport.php(209): Symfony\Component\Mailer\Transport\Smtp\SmtpTransport->start()
#3 /var/www/vendor/symfony/mailer/Transport/AbstractTransport.php(69): Symfony\Component\Mailer\Transport\Smtp\SmtpTransport->doSend()
#4 /var/www/vendor/symfony/mailer/Transport/Smtp/SmtpTransport.php(137): Symfony\Component\Mailer\Transport\AbstractTransport->send()
#5 /var/www/vendor/symfony/mailer/Transport/SendmailTransport.php(74): Symfony\Component\Mailer\Transport\Smtp\SmtpTransport->send()
#6 /var/www/vendor/symfony/mailer/Mailer.php(42): Symfony\Component\Mailer\Transport\SendmailTransport->send()
#7 /var/www/library/FOSSBilling/Mail.php(177): Symfony\Component\Mailer\Mailer->send()
#8 /var/www/modules/Email/Service.php(639): FOSSBilling\Mail->send()
#9 /var/www/modules/Email/Service.php(598): Box\Mod\Email\Service->_sendFromQueue()
#10 /var/www/modules/Email/Api/Admin.php(358): Box\Mod\Email\Service->batchSend()
#11 /var/www/library/Api/Handler.php(103): Box\Mod\Email\Api\Admin->batch_sendmail()
#12 /var/www/modules/Cron/Service.php(91): Api_Handler->__call()
#13 /var/www/modules/Cron/Service.php(70): Box\Mod\Cron\Service->_exec()
#14 /var/www/cron.php(26): Box\Mod\Cron\Service->runCrons()
#15 {main}  
[27-Apr-2024 22:55:02 UTC] email.ERROR: Failed to send email via sendmail with the exception Symfony\Component\Mailer\Exception\TransportException: Connection to "process /usr/sbin/sendmail -bs" has been closed unexpectedly. in /var/www/vendor/symfony/mailer/Transport/Smtp/Stream/AbstractStream.php:88
Stack trace:
#0 /var/www/vendor/symfony/mailer/Transport/Smtp/SmtpTransport.php(346): Symfony\Component\Mailer\Transport\Smtp\Stream\AbstractStream->readLine()
#1 /var/www/vendor/symfony/mailer/Transport/Smtp/SmtpTransport.php(276): Symfony\Component\Mailer\Transport\Smtp\SmtpTransport->getFullResponse()
#2 /var/www/vendor/symfony/mailer/Transport/Smtp/SmtpTransport.php(209): Symfony\Component\Mailer\Transport\Smtp\SmtpTransport->start()
#3 /var/www/vendor/symfony/mailer/Transport/AbstractTransport.php(69): Symfony\Component\Mailer\Transport\Smtp\SmtpTransport->doSend()
#4 /var/www/vendor/symfony/mailer/Transport/Smtp/SmtpTransport.php(137): Symfony\Component\Mailer\Transport\AbstractTransport->send()
#5 /var/www/vendor/symfony/mailer/Transport/SendmailTransport.php(74): Symfony\Component\Mailer\Transport\Smtp\SmtpTransport->send()
#6 /var/www/vendor/symfony/mailer/Mailer.php(42): Symfony\Component\Mailer\Transport\SendmailTransport->send()
#7 /var/www/library/FOSSBilling/Mail.php(177): Symfony\Component\Mailer\Mailer->send()
#8 /var/www/modules/Email/Service.php(639): FOSSBilling\Mail->send()
#9 /var/www/modules/Email/Service.php(598): Box\Mod\Email\Service->_sendFromQueue()
#10 /var/www/modules/Email/Api/Admin.php(358): Box\Mod\Email\Service->batchSend()
#11 /var/www/library/Api/Handler.php(103): Box\Mod\Email\Api\Admin->batch_sendmail()
#12 /var/www/modules/Cron/Service.php(91): Api_Handler->__call()
#13 /var/www/modules/Cron/Service.php(70): Box\Mod\Cron\Service->_exec()
#14 /var/www/cron.php(26): Box\Mod\Cron\Service->runCrons()
#15 {main}  
[27-Apr-2024 22:55:02 UTC] email.ERROR: Failed to send email via sendmail with the exception Symfony\Component\Mailer\Exception\TransportException: Connection to "process /usr/sbin/sendmail -bs" has been closed unexpectedly. in /var/www/vendor/symfony/mailer/Transport/Smtp/Stream/AbstractStream.php:88
Stack trace:
#0 /var/www/vendor/symfony/mailer/Transport/Smtp/SmtpTransport.php(346): Symfony\Component\Mailer\Transport\Smtp\Stream\AbstractStream->readLine()
#1 /var/www/vendor/symfony/mailer/Transport/Smtp/SmtpTransport.php(276): Symfony\Component\Mailer\Transport\Smtp\SmtpTransport->getFullResponse()
#2 /var/www/vendor/symfony/mailer/Transport/Smtp/SmtpTransport.php(209): Symfony\Component\Mailer\Transport\Smtp\SmtpTransport->start()
#3 /var/www/vendor/symfony/mailer/Transport/AbstractTransport.php(69): Symfony\Component\Mailer\Transport\Smtp\SmtpTransport->doSend()
#4 /var/www/vendor/symfony/mailer/Transport/Smtp/SmtpTransport.php(137): Symfony\Component\Mailer\Transport\AbstractTransport->send()
#5 /var/www/vendor/symfony/mailer/Transport/SendmailTransport.php(74): Symfony\Component\Mailer\Transport\Smtp\SmtpTransport->send()
#6 /var/www/vendor/symfony/mailer/Mailer.php(42): Symfony\Component\Mailer\Transport\SendmailTransport->send()
#7 /var/www/library/FOSSBilling/Mail.php(177): Symfony\Component\Mailer\Mailer->send()
#8 /var/www/modules/Email/Service.php(639): FOSSBilling\Mail->send()
#9 /var/www/modules/Email/Service.php(598): Box\Mod\Email\Service->_sendFromQueue()
#10 /var/www/modules/Email/Api/Admin.php(358): Box\Mod\Email\Service->batchSend()
#11 /var/www/library/Api/Handler.php(103): Box\Mod\Email\Api\Admin->batch_sendmail()
#12 /var/www/modules/Cron/Service.php(91): Api_Handler->__call()
#13 /var/www/modules/Cron/Service.php(70): Box\Mod\Cron\Service->_exec()
#14 /var/www/cron.php(26): Box\Mod\Cron\Service->runCrons()
#15 {main}  
[27-Apr-2024 23:00:02 UTC] email.ERROR: Failed to send email via sendmail with the exception Symfony\Component\Mailer\Exception\TransportException: Connection to "process /usr/sbin/sendmail -bs" has been closed unexpectedly. in /var/www/vendor/symfony/mailer/Transport/Smtp/Stream/AbstractStream.php:88
Stack trace:
#0 /var/www/vendor/symfony/mailer/Transport/Smtp/SmtpTransport.php(346): Symfony\Component\Mailer\Transport\Smtp\Stream\AbstractStream->readLine()
#1 /var/www/vendor/symfony/mailer/Transport/Smtp/SmtpTransport.php(276): Symfony\Component\Mailer\Transport\Smtp\SmtpTransport->getFullResponse()
#2 /var/www/vendor/symfony/mailer/Transport/Smtp/SmtpTransport.php(209): Symfony\Component\Mailer\Transport\Smtp\SmtpTransport->start()
#3 /var/www/vendor/symfony/mailer/Transport/AbstractTransport.php(69): Symfony\Component\Mailer\Transport\Smtp\SmtpTransport->doSend()
#4 /var/www/vendor/symfony/mailer/Transport/Smtp/SmtpTransport.php(137): Symfony\Component\Mailer\Transport\AbstractTransport->send()
#5 /var/www/vendor/symfony/mailer/Transport/SendmailTransport.php(74): Symfony\Component\Mailer\Transport\Smtp\SmtpTransport->send()
#6 /var/www/vendor/symfony/mailer/Mailer.php(42): Symfony\Component\Mailer\Transport\SendmailTransport->send()
#7 /var/www/library/FOSSBilling/Mail.php(177): Symfony\Component\Mailer\Mailer->send()
#8 /var/www/modules/Email/Service.php(639): FOSSBilling\Mail->send()
#9 /var/www/modules/Email/Service.php(598): Box\Mod\Email\Service->_sendFromQueue()
#10 /var/www/modules/Email/Api/Admin.php(358): Box\Mod\Email\Service->batchSend()
#11 /var/www/library/Api/Handler.php(103): Box\Mod\Email\Api\Admin->batch_sendmail()
#12 /var/www/modules/Cron/Service.php(91): Api_Handler->__call()
#13 /var/www/modules/Cron/Service.php(70): Box\Mod\Cron\Service->_exec()
#14 /var/www/cron.php(26): Box\Mod\Cron\Service->runCrons()
#15 {main}  
[27-Apr-2024 23:00:02 UTC] email.ERROR: Failed to send email via sendmail with the exception Symfony\Component\Mailer\Exception\TransportException: Connection to "process /usr/sbin/sendmail -bs" has been closed unexpectedly. in /var/www/vendor/symfony/mailer/Transport/Smtp/Stream/AbstractStream.php:88
Stack trace:
#0 /var/www/vendor/symfony/mailer/Transport/Smtp/SmtpTransport.php(346): Symfony\Component\Mailer\Transport\Smtp\Stream\AbstractStream->readLine()
#1 /var/www/vendor/symfony/mailer/Transport/Smtp/SmtpTransport.php(276): Symfony\Component\Mailer\Transport\Smtp\SmtpTransport->getFullResponse()
#2 /var/www/vendor/symfony/mailer/Transport/Smtp/SmtpTransport.php(209): Symfony\Component\Mailer\Transport\Smtp\SmtpTransport->start()
#3 /var/www/vendor/symfony/mailer/Transport/AbstractTransport.php(69): Symfony\Component\Mailer\Transport\Smtp\SmtpTransport->doSend()
#4 /var/www/vendor/symfony/mailer/Transport/Smtp/SmtpTransport.php(137): Symfony\Component\Mailer\Transport\AbstractTransport->send()
#5 /var/www/vendor/symfony/mailer/Transport/SendmailTransport.php(74): Symfony\Component\Mailer\Transport\Smtp\SmtpTransport->send()
#6 /var/www/vendor/symfony/mailer/Mailer.php(42): Symfony\Component\Mailer\Transport\SendmailTransport->send()
#7 /var/www/library/FOSSBilling/Mail.php(177): Symfony\Component\Mailer\Mailer->send()
#8 /var/www/modules/Email/Service.php(639): FOSSBilling\Mail->send()
#9 /var/www/modules/Email/Service.php(598): Box\Mod\Email\Service->_sendFromQueue()
#10 /var/www/modules/Email/Api/Admin.php(358): Box\Mod\Email\Service->batchSend()
#11 /var/www/library/Api/Handler.php(103): Box\Mod\Email\Api\Admin->batch_sendmail()
#12 /var/www/modules/Cron/Service.php(91): Api_Handler->__call()
#13 /var/www/modules/Cron/Service.php(70): Box\Mod\Cron\Service->_exec()
#14 /var/www/cron.php(26): Box\Mod\Cron\Service->runCrons()
#15 {main}  
[27-Apr-2024 23:00:02 UTC] email.ERROR: Failed to send email via sendmail with the exception Symfony\Component\Mailer\Exception\TransportException: Connection to "process /usr/sbin/sendmail -bs" has been closed unexpectedly. in /var/www/vendor/symfony/mailer/Transport/Smtp/Stream/AbstractStream.php:88
Stack trace:
#0 /var/www/vendor/symfony/mailer/Transport/Smtp/SmtpTransport.php(346): Symfony\Component\Mailer\Transport\Smtp\Stream\AbstractStream->readLine()
#1 /var/www/vendor/symfony/mailer/Transport/Smtp/SmtpTransport.php(276): Symfony\Component\Mailer\Transport\Smtp\SmtpTransport->getFullResponse()
#2 /var/www/vendor/symfony/mailer/Transport/Smtp/SmtpTransport.php(209): Symfony\Component\Mailer\Transport\Smtp\SmtpTransport->start()
#3 /var/www/vendor/symfony/mailer/Transport/AbstractTransport.php(69): Symfony\Component\Mailer\Transport\Smtp\SmtpTransport->doSend()
#4 /var/www/vendor/symfony/mailer/Transport/Smtp/SmtpTransport.php(137): Symfony\Component\Mailer\Transport\AbstractTransport->send()
#5 /var/www/vendor/symfony/mailer/Transport/SendmailTransport.php(74): Symfony\Component\Mailer\Transport\Smtp\SmtpTransport->send()
#6 /var/www/vendor/symfony/mailer/Mailer.php(42): Symfony\Component\Mailer\Transport\SendmailTransport->send()
#7 /var/www/library/FOSSBilling/Mail.php(177): Symfony\Component\Mailer\Mailer->send()
#8 /var/www/modules/Email/Service.php(639): FOSSBilling\Mail->send()
#9 /var/www/modules/Email/Service.php(598): Box\Mod\Email\Service->_sendFromQueue()
#10 /var/www/modules/Email/Api/Admin.php(358): Box\Mod\Email\Service->batchSend()
#11 /var/www/library/Api/Handler.php(103): Box\Mod\Email\Api\Admin->batch_sendmail()
#12 /var/www/modules/Cron/Service.php(91): Api_Handler->__call()
#13 /var/www/modules/Cron/Service.php(70): Box\Mod\Cron\Service->_exec()
#14 /var/www/cron.php(26): Box\Mod\Cron\Service->runCrons()
#15 {main}  
[27-Apr-2024 23:00:02 UTC] email.ERROR: Failed to send email via sendmail with the exception Symfony\Component\Mailer\Exception\TransportException: Connection to "process /usr/sbin/sendmail -bs" has been closed unexpectedly. in /var/www/vendor/symfony/mailer/Transport/Smtp/Stream/AbstractStream.php:88
Stack trace:
#0 /var/www/vendor/symfony/mailer/Transport/Smtp/SmtpTransport.php(346): Symfony\Component\Mailer\Transport\Smtp\Stream\AbstractStream->readLine()
#1 /var/www/vendor/symfony/mailer/Transport/Smtp/SmtpTransport.php(276): Symfony\Component\Mailer\Transport\Smtp\SmtpTransport->getFullResponse()
#2 /var/www/vendor/symfony/mailer/Transport/Smtp/SmtpTransport.php(209): Symfony\Component\Mailer\Transport\Smtp\SmtpTransport->start()
#3 /var/www/vendor/symfony/mailer/Transport/AbstractTransport.php(69): Symfony\Component\Mailer\Transport\Smtp\SmtpTransport->doSend()
#4 /var/www/vendor/symfony/mailer/Transport/Smtp/SmtpTransport.php(137): Symfony\Component\Mailer\Transport\AbstractTransport->send()
#5 /var/www/vendor/symfony/mailer/Transport/SendmailTransport.php(74): Symfony\Component\Mailer\Transport\Smtp\SmtpTransport->send()
#6 /var/www/vendor/symfony/mailer/Mailer.php(42): Symfony\Component\Mailer\Transport\SendmailTransport->send()
#7 /var/www/library/FOSSBilling/Mail.php(177): Symfony\Component\Mailer\Mailer->send()
#8 /var/www/modules/Email/Service.php(639): FOSSBilling\Mail->send()
#9 /var/www/modules/Email/Service.php(598): Box\Mod\Email\Service->_sendFromQueue()
#10 /var/www/modules/Email/Api/Admin.php(358): Box\Mod\Email\Service->batchSend()
#11 /var/www/library/Api/Handler.php(103): Box\Mod\Email\Api\Admin->batch_sendmail()
#12 /var/www/modules/Cron/Service.php(91): Api_Handler->__call()
#13 /var/www/modules/Cron/Service.php(70): Box\Mod\Cron\Service->_exec()
#14 /var/www/cron.php(26): Box\Mod\Cron\Service->runCrons()
#15 {main}  
[27-Apr-2024 23:00:02 UTC] email.ERROR: Failed to send email via sendmail with the exception Symfony\Component\Mailer\Exception\TransportException: Connection to "process /usr/sbin/sendmail -bs" has been closed unexpectedly. in /var/www/vendor/symfony/mailer/Transport/Smtp/Stream/AbstractStream.php:88
Stack trace:
#0 /var/www/vendor/symfony/mailer/Transport/Smtp/SmtpTransport.php(346): Symfony\Component\Mailer\Transport\Smtp\Stream\AbstractStream->readLine()
#1 /var/www/vendor/symfony/mailer/Transport/Smtp/SmtpTransport.php(276): Symfony\Component\Mailer\Transport\Smtp\SmtpTransport->getFullResponse()
#2 /var/www/vendor/symfony/mailer/Transport/Smtp/SmtpTransport.php(209): Symfony\Component\Mailer\Transport\Smtp\SmtpTransport->start()
#3 /var/www/vendor/symfony/mailer/Transport/AbstractTransport.php(69): Symfony\Component\Mailer\Transport\Smtp\SmtpTransport->doSend()
#4 /var/www/vendor/symfony/mailer/Transport/Smtp/SmtpTransport.php(137): Symfony\Component\Mailer\Transport\AbstractTransport->send()
#5 /var/www/vendor/symfony/mailer/Transport/SendmailTransport.php(74): Symfony\Component\Mailer\Transport\Smtp\SmtpTransport->send()
#6 /var/www/vendor/symfony/mailer/Mailer.php(42): Symfony\Component\Mailer\Transport\SendmailTransport->send()
#7 /var/www/library/FOSSBilling/Mail.php(177): Symfony\Component\Mailer\Mailer->send()
#8 /var/www/modules/Email/Service.php(639): FOSSBilling\Mail->send()
#9 /var/www/modules/Email/Service.php(598): Box\Mod\Email\Service->_sendFromQueue()
#10 /var/www/modules/Email/Api/Admin.php(358): Box\Mod\Email\Service->batchSend()
#11 /var/www/library/Api/Handler.php(103): Box\Mod\Email\Api\Admin->batch_sendmail()
#12 /var/www/modules/Cron/Service.php(91): Api_Handler->__call()
#13 /var/www/modules/Cron/Service.php(70): Box\Mod\Cron\Service->_exec()
#14 /var/www/cron.php(26): Box\Mod\Cron\Service->runCrons()
#15 {main}  
[27-Apr-2024 23:00:02 UTC] email.ERROR: Failed to send email via sendmail with the exception Symfony\Component\Mailer\Exception\TransportException: Connection to "process /usr/sbin/sendmail -bs" has been closed unexpectedly. in /var/www/vendor/symfony/mailer/Transport/Smtp/Stream/AbstractStream.php:88
Stack trace:
#0 /var/www/vendor/symfony/mailer/Transport/Smtp/SmtpTransport.php(346): Symfony\Component\Mailer\Transport\Smtp\Stream\AbstractStream->readLine()
#1 /var/www/vendor/symfony/mailer/Transport/Smtp/SmtpTransport.php(276): Symfony\Component\Mailer\Transport\Smtp\SmtpTransport->getFullResponse()
#2 /var/www/vendor/symfony/mailer/Transport/Smtp/SmtpTransport.php(209): Symfony\Component\Mailer\Transport\Smtp\SmtpTransport->start()
#3 /var/www/vendor/symfony/mailer/Transport/AbstractTransport.php(69): Symfony\Component\Mailer\Transport\Smtp\SmtpTransport->doSend()
#4 /var/www/vendor/symfony/mailer/Transport/Smtp/SmtpTransport.php(137): Symfony\Component\Mailer\Transport\AbstractTransport->send()
#5 /var/www/vendor/symfony/mailer/Transport/SendmailTransport.php(74): Symfony\Component\Mailer\Transport\Smtp\SmtpTransport->send()
#6 /var/www/vendor/symfony/mailer/Mailer.php(42): Symfony\Component\Mailer\Transport\SendmailTransport->send()
#7 /var/www/library/FOSSBilling/Mail.php(177): Symfony\Component\Mailer\Mailer->send()
#8 /var/www/modules/Email/Service.php(639): FOSSBilling\Mail->send()
#9 /var/www/modules/Email/Service.php(598): Box\Mod\Email\Service->_sendFromQueue()
#10 /var/www/modules/Email/Api/Admin.php(358): Box\Mod\Email\Service->batchSend()
#11 /var/www/library/Api/Handler.php(103): Box\Mod\Email\Api\Admin->batch_sendmail()
#12 /var/www/modules/Cron/Service.php(91): Api_Handler->__call()
#13 /var/www/modules/Cron/Service.php(70): Box\Mod\Cron\Service->_exec()
#14 /var/www/cron.php(26): Box\Mod\Cron\Service->runCrons()
#15 {main}  
[27-Apr-2024 23:00:02 UTC] email.ERROR: Failed to send email via sendmail with the exception Symfony\Component\Mailer\Exception\TransportException: Connection to "process /usr/sbin/sendmail -bs" has been closed unexpectedly. in /var/www/vendor/symfony/mailer/Transport/Smtp/Stream/AbstractStream.php:88
Stack trace:
#0 /var/www/vendor/symfony/mailer/Transport/Smtp/SmtpTransport.php(346): Symfony\Component\Mailer\Transport\Smtp\Stream\AbstractStream->readLine()
#1 /var/www/vendor/symfony/mailer/Transport/Smtp/SmtpTransport.php(276): Symfony\Component\Mailer\Transport\Smtp\SmtpTransport->getFullResponse()
#2 /var/www/vendor/symfony/mailer/Transport/Smtp/SmtpTransport.php(209): Symfony\Component\Mailer\Transport\Smtp\SmtpTransport->start()
#3 /var/www/vendor/symfony/mailer/Transport/AbstractTransport.php(69): Symfony\Component\Mailer\Transport\Smtp\SmtpTransport->doSend()
#4 /var/www/vendor/symfony/mailer/Transport/Smtp/SmtpTransport.php(137): Symfony\Component\Mailer\Transport\AbstractTransport->send()
#5 /var/www/vendor/symfony/mailer/Transport/SendmailTransport.php(74): Symfony\Component\Mailer\Transport\Smtp\SmtpTransport->send()
#6 /var/www/vendor/symfony/mailer/Mailer.php(42): Symfony\Component\Mailer\Transport\SendmailTransport->send()
#7 /var/www/library/FOSSBilling/Mail.php(177): Symfony\Component\Mailer\Mailer->send()
#8 /var/www/modules/Email/Service.php(639): FOSSBilling\Mail->send()
#9 /var/www/modules/Email/Service.php(598): Box\Mod\Email\Service->_sendFromQueue()
#10 /var/www/modules/Email/Api/Admin.php(358): Box\Mod\Email\Service->batchSend()
#11 /var/www/library/Api/Handler.php(103): Box\Mod\Email\Api\Admin->batch_sendmail()
#12 /var/www/modules/Cron/Service.php(91): Api_Handler->__call()
#13 /var/www/modules/Cron/Service.php(70): Box\Mod\Cron\Service->_exec()
#14 /var/www/cron.php(26): Box\Mod\Cron\Service->runCrons()
#15 {main}  
[27-Apr-2024 23:00:02 UTC] email.ERROR: Failed to send email via sendmail with the exception Symfony\Component\Mailer\Exception\TransportException: Connection to "process /usr/sbin/sendmail -bs" has been closed unexpectedly. in /var/www/vendor/symfony/mailer/Transport/Smtp/Stream/AbstractStream.php:88
Stack trace:
#0 /var/www/vendor/symfony/mailer/Transport/Smtp/SmtpTransport.php(346): Symfony\Component\Mailer\Transport\Smtp\Stream\AbstractStream->readLine()
#1 /var/www/vendor/symfony/mailer/Transport/Smtp/SmtpTransport.php(276): Symfony\Component\Mailer\Transport\Smtp\SmtpTransport->getFullResponse()
#2 /var/www/vendor/symfony/mailer/Transport/Smtp/SmtpTransport.php(209): Symfony\Component\Mailer\Transport\Smtp\SmtpTransport->start()
#3 /var/www/vendor/symfony/mailer/Transport/AbstractTransport.php(69): Symfony\Component\Mailer\Transport\Smtp\SmtpTransport->doSend()
#4 /var/www/vendor/symfony/mailer/Transport/Smtp/SmtpTransport.php(137): Symfony\Component\Mailer\Transport\AbstractTransport->send()
#5 /var/www/vendor/symfony/mailer/Transport/SendmailTransport.php(74): Symfony\Component\Mailer\Transport\Smtp\SmtpTransport->send()
#6 /var/www/vendor/symfony/mailer/Mailer.php(42): Symfony\Component\Mailer\Transport\SendmailTransport->send()
#7 /var/www/library/FOSSBilling/Mail.php(177): Symfony\Component\Mailer\Mailer->send()
#8 /var/www/modules/Email/Service.php(639): FOSSBilling\Mail->send()
#9 /var/www/modules/Email/Service.php(598): Box\Mod\Email\Service->_sendFromQueue()
#10 /var/www/modules/Email/Api/Admin.php(358): Box\Mod\Email\Service->batchSend()
#11 /var/www/library/Api/Handler.php(103): Box\Mod\Email\Api\Admin->batch_sendmail()
#12 /var/www/modules/Cron/Service.php(91): Api_Handler->__call()
#13 /var/www/modules/Cron/Service.php(70): Box\Mod\Cron\Service->_exec()
#14 /var/www/cron.php(26): Box\Mod\Cron\Service->runCrons()
#15 {main}  
[27-Apr-2024 23:00:02 UTC] email.ERROR: Failed to send email via sendmail with the exception Symfony\Component\Mailer\Exception\TransportException: Connection to "process /usr/sbin/sendmail -bs" has been closed unexpectedly. in /var/www/vendor/symfony/mailer/Transport/Smtp/Stream/AbstractStream.php:88
Stack trace:
#0 /var/www/vendor/symfony/mailer/Transport/Smtp/SmtpTransport.php(346): Symfony\Component\Mailer\Transport\Smtp\Stream\AbstractStream->readLine()
#1 /var/www/vendor/symfony/mailer/Transport/Smtp/SmtpTransport.php(276): Symfony\Component\Mailer\Transport\Smtp\SmtpTransport->getFullResponse()
#2 /var/www/vendor/symfony/mailer/Transport/Smtp/SmtpTransport.php(209): Symfony\Component\Mailer\Transport\Smtp\SmtpTransport->start()
#3 /var/www/vendor/symfony/mailer/Transport/AbstractTransport.php(69): Symfony\Component\Mailer\Transport\Smtp\SmtpTransport->doSend()
#4 /var/www/vendor/symfony/mailer/Transport/Smtp/SmtpTransport.php(137): Symfony\Component\Mailer\Transport\AbstractTransport->send()
#5 /var/www/vendor/symfony/mailer/Transport/SendmailTransport.php(74): Symfony\Component\Mailer\Transport\Smtp\SmtpTransport->send()
#6 /var/www/vendor/symfony/mailer/Mailer.php(42): Symfony\Component\Mailer\Transport\SendmailTransport->send()
#7 /var/www/library/FOSSBilling/Mail.php(177): Symfony\Component\Mailer\Mailer->send()
#8 /var/www/modules/Email/Service.php(639): FOSSBilling\Mail->send()
#9 /var/www/modules/Email/Service.php(598): Box\Mod\Email\Service->_sendFromQueue()
#10 /var/www/modules/Email/Api/Admin.php(358): Box\Mod\Email\Service->batchSend()
#11 /var/www/library/Api/Handler.php(103): Box\Mod\Email\Api\Admin->batch_sendmail()
#12 /var/www/modules/Cron/Service.php(91): Api_Handler->__call()
#13 /var/www/modules/Cron/Service.php(70): Box\Mod\Cron\Service->_exec()
#14 /var/www/cron.php(26): Box\Mod\Cron\Service->runCrons()
#15 {main}  
[27-Apr-2024 23:00:02 UTC] email.ERROR: Failed to send email via sendmail with the exception Symfony\Component\Mailer\Exception\TransportException: Connection to "process /usr/sbin/sendmail -bs" has been closed unexpectedly. in /var/www/vendor/symfony/mailer/Transport/Smtp/Stream/AbstractStream.php:88
Stack trace:
#0 /var/www/vendor/symfony/mailer/Transport/Smtp/SmtpTransport.php(346): Symfony\Component\Mailer\Transport\Smtp\Stream\AbstractStream->readLine()
#1 /var/www/vendor/symfony/mailer/Transport/Smtp/SmtpTransport.php(276): Symfony\Component\Mailer\Transport\Smtp\SmtpTransport->getFullResponse()
#2 /var/www/vendor/symfony/mailer/Transport/Smtp/SmtpTransport.php(209): Symfony\Component\Mailer\Transport\Smtp\SmtpTransport->start()
#3 /var/www/vendor/symfony/mailer/Transport/AbstractTransport.php(69): Symfony\Component\Mailer\Transport\Smtp\SmtpTransport->doSend()
#4 /var/www/vendor/symfony/mailer/Transport/Smtp/SmtpTransport.php(137): Symfony\Component\Mailer\Transport\AbstractTransport->send()
#5 /var/www/vendor/symfony/mailer/Transport/SendmailTransport.php(74): Symfony\Component\Mailer\Transport\Smtp\SmtpTransport->send()
#6 /var/www/vendor/symfony/mailer/Mailer.php(42): Symfony\Component\Mailer\Transport\SendmailTransport->send()
#7 /var/www/library/FOSSBilling/Mail.php(177): Symfony\Component\Mailer\Mailer->send()
#8 /var/www/modules/Email/Service.php(639): FOSSBilling\Mail->send()
#9 /var/www/modules/Email/Service.php(598): Box\Mod\Email\Service->_sendFromQueue()
#10 /var/www/modules/Email/Api/Admin.php(358): Box\Mod\Email\Service->batchSend()
#11 /var/www/library/Api/Handler.php(103): Box\Mod\Email\Api\Admin->batch_sendmail()
#12 /var/www/modules/Cron/Service.php(91): Api_Handler->__call()
#13 /var/www/modules/Cron/Service.php(70): Box\Mod\Cron\Service->_exec()
#14 /var/www/cron.php(26): Box\Mod\Cron\Service->runCrons()
#15 {main}  
[27-Apr-2024 23:00:02 UTC] email.ERROR: Failed to send email via sendmail with the exception Symfony\Component\Mailer\Exception\TransportException: Connection to "process /usr/sbin/sendmail -bs" has been closed unexpectedly. in /var/www/vendor/symfony/mailer/Transport/Smtp/Stream/AbstractStream.php:88
Stack trace:
#0 /var/www/vendor/symfony/mailer/Transport/Smtp/SmtpTransport.php(346): Symfony\Component\Mailer\Transport\Smtp\Stream\AbstractStream->readLine()
#1 /var/www/vendor/symfony/mailer/Transport/Smtp/SmtpTransport.php(276): Symfony\Component\Mailer\Transport\Smtp\SmtpTransport->getFullResponse()
#2 /var/www/vendor/symfony/mailer/Transport/Smtp/SmtpTransport.php(209): Symfony\Component\Mailer\Transport\Smtp\SmtpTransport->start()
#3 /var/www/vendor/symfony/mailer/Transport/AbstractTransport.php(69): Symfony\Component\Mailer\Transport\Smtp\SmtpTransport->doSend()
#4 /var/www/vendor/symfony/mailer/Transport/Smtp/SmtpTransport.php(137): Symfony\Component\Mailer\Transport\AbstractTransport->send()
#5 /var/www/vendor/symfony/mailer/Transport/SendmailTransport.php(74): Symfony\Component\Mailer\Transport\Smtp\SmtpTransport->send()
#6 /var/www/vendor/symfony/mailer/Mailer.php(42): Symfony\Component\Mailer\Transport\SendmailTransport->send()
#7 /var/www/library/FOSSBilling/Mail.php(177): Symfony\Component\Mailer\Mailer->send()
#8 /var/www/modules/Email/Service.php(639): FOSSBilling\Mail->send()
#9 /var/www/modules/Email/Service.php(598): Box\Mod\Email\Service->_sendFromQueue()
#10 /var/www/modules/Email/Api/Admin.php(358): Box\Mod\Email\Service->batchSend()
#11 /var/www/library/Api/Handler.php(103): Box\Mod\Email\Api\Admin->batch_sendmail()
#12 /var/www/modules/Cron/Service.php(91): Api_Handler->__call()
#13 /var/www/modules/Cron/Service.php(70): Box\Mod\Cron\Service->_exec()
#14 /var/www/cron.php(26): Box\Mod\Cron\Service->runCrons()
#15 {main}  
