[30-Apr-2024 00:00:01 UTC] cron.INFO: Started executing cron jobs  
[30-Apr-2024 00:00:01 UTC] cron.INFO: Pruned the filesystem cache  
[30-Apr-2024 00:00:01 UTC] cron.INFO: Executed action to try cover unpaid invoices with client credits  
[30-Apr-2024 00:00:01 UTC] cron.INFO: Executed action to activate paid invoices  
[30-Apr-2024 00:00:01 UTC] cron.INFO: Cleared 0 outdated sessions from the database  
[30-Apr-2024 00:00:01 UTC] cron.INFO: Finished executing cron jobs  
[30-Apr-2024 00:05:02 UTC] cron.INFO: Started executing cron jobs  
[30-Apr-2024 00:05:02 UTC] cron.INFO: Pruned the filesystem cache  
[30-Apr-2024 00:05:02 UTC] cron.INFO: Executed action to try cover unpaid invoices with client credits  
[30-Apr-2024 00:05:02 UTC] cron.INFO: Executed action to activate paid invoices  
[30-Apr-2024 00:05:02 UTC] cron.INFO: Cleared 0 outdated sessions from the database  
[30-Apr-2024 00:05:02 UTC] cron.INFO: Finished executing cron jobs  
[30-Apr-2024 00:10:01 UTC] cron.INFO: Started executing cron jobs  
[30-Apr-2024 00:10:02 UTC] cron.INFO: Pruned the filesystem cache  
[30-Apr-2024 00:10:02 UTC] cron.INFO: Executed action to try cover unpaid invoices with client credits  
[30-Apr-2024 00:10:02 UTC] cron.INFO: Executed action to activate paid invoices  
[30-Apr-2024 00:10:02 UTC] cron.INFO: Cleared 0 outdated sessions from the database  
[30-Apr-2024 00:10:02 UTC] cron.INFO: Finished executing cron jobs  
[30-Apr-2024 00:15:01 UTC] cron.INFO: Started executing cron jobs  
[30-Apr-2024 00:15:01 UTC] cron.INFO: Pruned the filesystem cache  
[30-Apr-2024 00:15:01 UTC] cron.INFO: Executed action to try cover unpaid invoices with client credits  
[30-Apr-2024 00:15:01 UTC] cron.INFO: Executed action to activate paid invoices  
[30-Apr-2024 00:15:02 UTC] cron.INFO: Cleared 0 outdated sessions from the database  
[30-Apr-2024 00:15:02 UTC] cron.INFO: Finished executing cron jobs  
[30-Apr-2024 00:20:01 UTC] cron.INFO: Started executing cron jobs  
[30-Apr-2024 00:20:01 UTC] cron.INFO: Pruned the filesystem cache  
[30-Apr-2024 00:20:01 UTC] cron.INFO: Executed action to try cover unpaid invoices with client credits  
[30-Apr-2024 00:20:01 UTC] cron.INFO: Executed action to activate paid invoices  
[30-Apr-2024 00:20:01 UTC] cron.INFO: Cleared 0 outdated sessions from the database  
[30-Apr-2024 00:20:01 UTC] cron.INFO: Finished executing cron jobs  
[30-Apr-2024 00:25:01 UTC] cron.INFO: Started executing cron jobs  
[30-Apr-2024 00:25:02 UTC] cron.INFO: Pruned the filesystem cache  
[30-Apr-2024 00:25:02 UTC] cron.INFO: Executed action to try cover unpaid invoices with client credits  
[30-Apr-2024 00:25:02 UTC] cron.INFO: Executed action to activate paid invoices  
[30-Apr-2024 00:25:02 UTC] cron.INFO: Cleared 0 outdated sessions from the database  
[30-Apr-2024 00:25:02 UTC] cron.INFO: Finished executing cron jobs  
[30-Apr-2024 00:30:01 UTC] cron.INFO: Started executing cron jobs  
[30-Apr-2024 00:30:02 UTC] cron.INFO: Pruned the filesystem cache  
[30-Apr-2024 00:30:02 UTC] cron.INFO: Executed action to try cover unpaid invoices with client credits  
[30-Apr-2024 00:30:02 UTC] cron.INFO: Executed action to activate paid invoices  
[30-Apr-2024 00:30:02 UTC] cron.INFO: Cleared 0 outdated sessions from the database  
[30-Apr-2024 00:30:02 UTC] cron.INFO: Finished executing cron jobs  
[30-Apr-2024 00:35:01 UTC] cron.INFO: Started executing cron jobs  
[30-Apr-2024 00:35:01 UTC] cron.INFO: Pruned the filesystem cache  
[30-Apr-2024 00:35:01 UTC] cron.INFO: Executed action to try cover unpaid invoices with client credits  
[30-Apr-2024 00:35:01 UTC] cron.INFO: Executed action to activate paid invoices  
[30-Apr-2024 00:35:01 UTC] cron.INFO: Cleared 0 outdated sessions from the database  
[30-Apr-2024 00:35:01 UTC] cron.INFO: Finished executing cron jobs  
[30-Apr-2024 00:40:02 UTC] cron.INFO: Started executing cron jobs  
[30-Apr-2024 00:40:02 UTC] cron.INFO: Pruned the filesystem cache  
[30-Apr-2024 00:40:02 UTC] cron.INFO: Executed action to try cover unpaid invoices with client credits  
[30-Apr-2024 00:40:02 UTC] cron.INFO: Executed action to activate paid invoices  
[30-Apr-2024 00:40:02 UTC] cron.INFO: Cleared 0 outdated sessions from the database  
[30-Apr-2024 00:40:02 UTC] cron.INFO: Finished executing cron jobs  
[30-Apr-2024 00:45:01 UTC] cron.INFO: Started executing cron jobs  
[30-Apr-2024 00:45:02 UTC] cron.INFO: Pruned the filesystem cache  
[30-Apr-2024 00:45:02 UTC] cron.INFO: Executed action to try cover unpaid invoices with client credits  
[30-Apr-2024 00:45:02 UTC] cron.INFO: Executed action to activate paid invoices  
[30-Apr-2024 00:45:02 UTC] cron.INFO: Cleared 0 outdated sessions from the database  
[30-Apr-2024 00:45:02 UTC] cron.INFO: Finished executing cron jobs  
[30-Apr-2024 00:50:01 UTC] cron.INFO: Started executing cron jobs  
[30-Apr-2024 00:50:02 UTC] cron.INFO: Pruned the filesystem cache  
[30-Apr-2024 00:50:02 UTC] cron.INFO: Executed action to try cover unpaid invoices with client credits  
[30-Apr-2024 00:50:02 UTC] cron.INFO: Executed action to activate paid invoices  
[30-Apr-2024 00:50:02 UTC] cron.INFO: Cleared 0 outdated sessions from the database  
[30-Apr-2024 00:50:02 UTC] cron.INFO: Finished executing cron jobs  
[30-Apr-2024 00:55:01 UTC] cron.INFO: Started executing cron jobs  
[30-Apr-2024 00:55:01 UTC] cron.INFO: Pruned the filesystem cache  
[30-Apr-2024 00:55:01 UTC] cron.INFO: Executed action to try cover unpaid invoices with client credits  
[30-Apr-2024 00:55:01 UTC] cron.INFO: Executed action to activate paid invoices  
[30-Apr-2024 00:55:01 UTC] cron.INFO: Cleared 0 outdated sessions from the database  
[30-Apr-2024 00:55:01 UTC] cron.INFO: Finished executing cron jobs  
[30-Apr-2024 01:00:01 UTC] cron.INFO: Started executing cron jobs  
[30-Apr-2024 01:00:02 UTC] cron.INFO: Pruned the filesystem cache  
[30-Apr-2024 01:00:02 UTC] cron.INFO: Executed action to try cover unpaid invoices with client credits  
[30-Apr-2024 01:00:02 UTC] cron.INFO: Executed action to activate paid invoices  
[30-Apr-2024 01:00:02 UTC] cron.INFO: Cleared 0 outdated sessions from the database  
[30-Apr-2024 01:00:02 UTC] cron.INFO: Finished executing cron jobs  
[30-Apr-2024 01:05:01 UTC] cron.INFO: Started executing cron jobs  
[30-Apr-2024 01:05:02 UTC] cron.INFO: Pruned the filesystem cache  
[30-Apr-2024 01:05:02 UTC] cron.INFO: Executed action to try cover unpaid invoices with client credits  
[30-Apr-2024 01:05:02 UTC] cron.INFO: Executed action to activate paid invoices  
[30-Apr-2024 01:05:02 UTC] cron.INFO: Cleared 0 outdated sessions from the database  
[30-Apr-2024 01:05:02 UTC] cron.INFO: Finished executing cron jobs  
[30-Apr-2024 01:10:01 UTC] cron.INFO: Started executing cron jobs  
[30-Apr-2024 01:10:01 UTC] cron.INFO: Pruned the filesystem cache  
[30-Apr-2024 01:10:01 UTC] cron.INFO: Executed action to try cover unpaid invoices with client credits  
[30-Apr-2024 01:10:01 UTC] cron.INFO: Executed action to activate paid invoices  
[30-Apr-2024 01:10:01 UTC] cron.INFO: Cleared 0 outdated sessions from the database  
[30-Apr-2024 01:10:01 UTC] cron.INFO: Finished executing cron jobs  
[30-Apr-2024 01:15:02 UTC] cron.INFO: Started executing cron jobs  
[30-Apr-2024 01:15:02 UTC] cron.INFO: Pruned the filesystem cache  
[30-Apr-2024 01:15:02 UTC] cron.INFO: Executed action to try cover unpaid invoices with client credits  
[30-Apr-2024 01:15:02 UTC] cron.INFO: Executed action to activate paid invoices  
[30-Apr-2024 01:15:02 UTC] cron.INFO: Cleared 0 outdated sessions from the database  
[30-Apr-2024 01:15:02 UTC] cron.INFO: Finished executing cron jobs  
[30-Apr-2024 01:20:01 UTC] cron.INFO: Started executing cron jobs  
[30-Apr-2024 01:20:02 UTC] cron.INFO: Pruned the filesystem cache  
[30-Apr-2024 01:20:02 UTC] cron.INFO: Executed action to try cover unpaid invoices with client credits  
[30-Apr-2024 01:20:02 UTC] cron.INFO: Executed action to activate paid invoices  
[30-Apr-2024 01:20:02 UTC] cron.INFO: Cleared 0 outdated sessions from the database  
[30-Apr-2024 01:20:02 UTC] cron.INFO: Finished executing cron jobs  
[30-Apr-2024 01:25:01 UTC] cron.INFO: Started executing cron jobs  
[30-Apr-2024 01:25:02 UTC] cron.INFO: Pruned the filesystem cache  
[30-Apr-2024 01:25:02 UTC] cron.INFO: Executed action to try cover unpaid invoices with client credits  
[30-Apr-2024 01:25:02 UTC] cron.INFO: Executed action to activate paid invoices  
[30-Apr-2024 01:25:02 UTC] cron.INFO: Cleared 0 outdated sessions from the database  
[30-Apr-2024 01:25:02 UTC] cron.INFO: Finished executing cron jobs  
[30-Apr-2024 01:30:01 UTC] cron.INFO: Started executing cron jobs  
[30-Apr-2024 01:30:01 UTC] cron.INFO: Pruned the filesystem cache  
[30-Apr-2024 01:30:01 UTC] cron.INFO: Executed action to try cover unpaid invoices with client credits  
[30-Apr-2024 01:30:01 UTC] cron.INFO: Executed action to activate paid invoices  
[30-Apr-2024 01:30:01 UTC] cron.INFO: Cleared 0 outdated sessions from the database  
[30-Apr-2024 01:30:01 UTC] cron.INFO: Finished executing cron jobs  
[30-Apr-2024 01:35:02 UTC] cron.INFO: Started executing cron jobs  
[30-Apr-2024 01:35:02 UTC] cron.INFO: Pruned the filesystem cache  
[30-Apr-2024 01:35:02 UTC] cron.INFO: Executed action to try cover unpaid invoices with client credits  
[30-Apr-2024 01:35:02 UTC] cron.INFO: Executed action to activate paid invoices  
[30-Apr-2024 01:35:02 UTC] cron.INFO: Cleared 0 outdated sessions from the database  
[30-Apr-2024 01:35:02 UTC] cron.INFO: Finished executing cron jobs  
[30-Apr-2024 01:40:01 UTC] cron.INFO: Started executing cron jobs  
[30-Apr-2024 01:40:02 UTC] cron.INFO: Pruned the filesystem cache  
[30-Apr-2024 01:40:02 UTC] cron.INFO: Executed action to try cover unpaid invoices with client credits  
[30-Apr-2024 01:40:02 UTC] cron.INFO: Executed action to activate paid invoices  
[30-Apr-2024 01:40:02 UTC] cron.INFO: Cleared 0 outdated sessions from the database  
[30-Apr-2024 01:40:02 UTC] cron.INFO: Finished executing cron jobs  
[30-Apr-2024 01:45:01 UTC] cron.INFO: Started executing cron jobs  
[30-Apr-2024 01:45:01 UTC] cron.INFO: Pruned the filesystem cache  
[30-Apr-2024 01:45:01 UTC] cron.INFO: Executed action to try cover unpaid invoices with client credits  
[30-Apr-2024 01:45:01 UTC] cron.INFO: Executed action to activate paid invoices  
[30-Apr-2024 01:45:01 UTC] cron.INFO: Cleared 0 outdated sessions from the database  
[30-Apr-2024 01:45:01 UTC] cron.INFO: Finished executing cron jobs  
[30-Apr-2024 01:50:02 UTC] cron.INFO: Started executing cron jobs  
[30-Apr-2024 01:50:02 UTC] cron.INFO: Pruned the filesystem cache  
[30-Apr-2024 01:50:02 UTC] cron.INFO: Executed action to try cover unpaid invoices with client credits  
[30-Apr-2024 01:50:02 UTC] cron.INFO: Executed action to activate paid invoices  
[30-Apr-2024 01:50:02 UTC] cron.INFO: Cleared 0 outdated sessions from the database  
[30-Apr-2024 01:50:02 UTC] cron.INFO: Finished executing cron jobs  
[30-Apr-2024 01:55:01 UTC] cron.INFO: Started executing cron jobs  
[30-Apr-2024 01:55:02 UTC] cron.INFO: Pruned the filesystem cache  
[30-Apr-2024 01:55:02 UTC] cron.INFO: Executed action to try cover unpaid invoices with client credits  
[30-Apr-2024 01:55:02 UTC] cron.INFO: Executed action to activate paid invoices  
[30-Apr-2024 01:55:02 UTC] cron.INFO: Cleared 0 outdated sessions from the database  
[30-Apr-2024 01:55:02 UTC] cron.INFO: Finished executing cron jobs  
[30-Apr-2024 02:00:01 UTC] cron.INFO: Started executing cron jobs  
[30-Apr-2024 02:00:02 UTC] cron.INFO: Pruned the filesystem cache  
[30-Apr-2024 02:00:02 UTC] cron.INFO: Executed action to try cover unpaid invoices with client credits  
[30-Apr-2024 02:00:02 UTC] cron.INFO: Executed action to activate paid invoices  
[30-Apr-2024 02:00:02 UTC] cron.INFO: Cleared 0 outdated sessions from the database  
[30-Apr-2024 02:00:02 UTC] cron.INFO: Finished executing cron jobs  
[30-Apr-2024 02:05:01 UTC] cron.INFO: Started executing cron jobs  
[30-Apr-2024 02:05:01 UTC] cron.INFO: Pruned the filesystem cache  
[30-Apr-2024 02:05:01 UTC] cron.INFO: Executed action to try cover unpaid invoices with client credits  
[30-Apr-2024 02:05:01 UTC] cron.INFO: Executed action to activate paid invoices  
[30-Apr-2024 02:05:01 UTC] cron.INFO: Cleared 0 outdated sessions from the database  
[30-Apr-2024 02:05:01 UTC] cron.INFO: Finished executing cron jobs  
[30-Apr-2024 02:10:02 UTC] cron.INFO: Started executing cron jobs  
[30-Apr-2024 02:10:02 UTC] cron.INFO: Pruned the filesystem cache  
[30-Apr-2024 02:10:02 UTC] cron.INFO: Executed action to try cover unpaid invoices with client credits  
[30-Apr-2024 02:10:02 UTC] cron.INFO: Executed action to activate paid invoices  
[30-Apr-2024 02:10:02 UTC] cron.INFO: Cleared 0 outdated sessions from the database  
[30-Apr-2024 02:10:02 UTC] cron.INFO: Finished executing cron jobs  
[30-Apr-2024 02:15:01 UTC] cron.INFO: Started executing cron jobs  
[30-Apr-2024 02:15:02 UTC] cron.INFO: Pruned the filesystem cache  
[30-Apr-2024 02:15:02 UTC] cron.INFO: Executed action to try cover unpaid invoices with client credits  
[30-Apr-2024 02:15:02 UTC] cron.INFO: Executed action to activate paid invoices  
[30-Apr-2024 02:15:02 UTC] cron.INFO: Cleared 0 outdated sessions from the database  
[30-Apr-2024 02:15:02 UTC] cron.INFO: Finished executing cron jobs  
[30-Apr-2024 02:20:01 UTC] cron.INFO: Started executing cron jobs  
[30-Apr-2024 02:20:02 UTC] cron.INFO: Pruned the filesystem cache  
[30-Apr-2024 02:20:02 UTC] cron.INFO: Executed action to try cover unpaid invoices with client credits  
[30-Apr-2024 02:20:02 UTC] cron.INFO: Executed action to activate paid invoices  
[30-Apr-2024 02:20:02 UTC] cron.INFO: Cleared 0 outdated sessions from the database  
[30-Apr-2024 02:20:02 UTC] cron.INFO: Finished executing cron jobs  
[30-Apr-2024 02:25:01 UTC] cron.INFO: Started executing cron jobs  
[30-Apr-2024 02:25:01 UTC] cron.INFO: Pruned the filesystem cache  
[30-Apr-2024 02:25:01 UTC] cron.INFO: Executed action to try cover unpaid invoices with client credits  
[30-Apr-2024 02:25:01 UTC] cron.INFO: Executed action to activate paid invoices  
[30-Apr-2024 02:25:01 UTC] cron.INFO: Cleared 0 outdated sessions from the database  
[30-Apr-2024 02:25:01 UTC] cron.INFO: Finished executing cron jobs  
[30-Apr-2024 02:30:02 UTC] cron.INFO: Started executing cron jobs  
[30-Apr-2024 02:30:02 UTC] cron.INFO: Pruned the filesystem cache  
[30-Apr-2024 02:30:02 UTC] cron.INFO: Executed action to try cover unpaid invoices with client credits  
[30-Apr-2024 02:30:02 UTC] cron.INFO: Executed action to activate paid invoices  
[30-Apr-2024 02:30:02 UTC] cron.INFO: Cleared 0 outdated sessions from the database  
[30-Apr-2024 02:30:02 UTC] cron.INFO: Finished executing cron jobs  
[30-Apr-2024 02:35:01 UTC] cron.INFO: Started executing cron jobs  
[30-Apr-2024 02:35:02 UTC] cron.INFO: Pruned the filesystem cache  
[30-Apr-2024 02:35:02 UTC] cron.INFO: Executed action to try cover unpaid invoices with client credits  
[30-Apr-2024 02:35:02 UTC] cron.INFO: Executed action to activate paid invoices  
[30-Apr-2024 02:35:02 UTC] cron.INFO: Cleared 0 outdated sessions from the database  
[30-Apr-2024 02:35:02 UTC] cron.INFO: Finished executing cron jobs  
[30-Apr-2024 02:40:01 UTC] cron.INFO: Started executing cron jobs  
[30-Apr-2024 02:40:01 UTC] cron.INFO: Pruned the filesystem cache  
[30-Apr-2024 02:40:01 UTC] cron.INFO: Executed action to try cover unpaid invoices with client credits  
[30-Apr-2024 02:40:01 UTC] cron.INFO: Executed action to activate paid invoices  
[30-Apr-2024 02:40:02 UTC] cron.INFO: Cleared 0 outdated sessions from the database  
[30-Apr-2024 02:40:02 UTC] cron.INFO: Finished executing cron jobs  
[30-Apr-2024 02:45:01 UTC] cron.INFO: Started executing cron jobs  
[30-Apr-2024 02:45:01 UTC] cron.INFO: Pruned the filesystem cache  
[30-Apr-2024 02:45:01 UTC] cron.INFO: Executed action to try cover unpaid invoices with client credits  
[30-Apr-2024 02:45:01 UTC] cron.INFO: Executed action to activate paid invoices  
[30-Apr-2024 02:45:01 UTC] cron.INFO: Cleared 0 outdated sessions from the database  
[30-Apr-2024 02:45:01 UTC] cron.INFO: Finished executing cron jobs  
[30-Apr-2024 02:50:01 UTC] cron.INFO: Started executing cron jobs  
[30-Apr-2024 02:50:02 UTC] cron.INFO: Pruned the filesystem cache  
[30-Apr-2024 02:50:02 UTC] cron.INFO: Executed action to try cover unpaid invoices with client credits  
[30-Apr-2024 02:50:02 UTC] cron.INFO: Executed action to activate paid invoices  
[30-Apr-2024 02:50:02 UTC] cron.INFO: Cleared 0 outdated sessions from the database  
[30-Apr-2024 02:50:02 UTC] cron.INFO: Finished executing cron jobs  
[30-Apr-2024 02:55:01 UTC] cron.INFO: Started executing cron jobs  
[30-Apr-2024 02:55:02 UTC] cron.INFO: Pruned the filesystem cache  
[30-Apr-2024 02:55:02 UTC] cron.INFO: Executed action to try cover unpaid invoices with client credits  
[30-Apr-2024 02:55:02 UTC] cron.INFO: Executed action to activate paid invoices  
[30-Apr-2024 02:55:02 UTC] cron.INFO: Cleared 0 outdated sessions from the database  
[30-Apr-2024 02:55:02 UTC] cron.INFO: Finished executing cron jobs  
[30-Apr-2024 03:00:01 UTC] cron.INFO: Started executing cron jobs  
[30-Apr-2024 03:00:01 UTC] cron.INFO: Pruned the filesystem cache  
[30-Apr-2024 03:00:01 UTC] cron.INFO: Executed action to try cover unpaid invoices with client credits  
[30-Apr-2024 03:00:01 UTC] cron.INFO: Executed action to activate paid invoices  
[30-Apr-2024 03:00:01 UTC] cron.INFO: Cleared 0 outdated sessions from the database  
[30-Apr-2024 03:00:01 UTC] cron.INFO: Finished executing cron jobs  
[30-Apr-2024 03:05:02 UTC] cron.INFO: Started executing cron jobs  
[30-Apr-2024 03:05:02 UTC] cron.INFO: Pruned the filesystem cache  
[30-Apr-2024 03:05:02 UTC] cron.INFO: Executed action to try cover unpaid invoices with client credits  
[30-Apr-2024 03:05:02 UTC] cron.INFO: Executed action to activate paid invoices  
[30-Apr-2024 03:05:02 UTC] cron.INFO: Cleared 0 outdated sessions from the database  
[30-Apr-2024 03:05:02 UTC] cron.INFO: Finished executing cron jobs  
[30-Apr-2024 03:10:01 UTC] cron.INFO: Started executing cron jobs  
[30-Apr-2024 03:10:02 UTC] cron.INFO: Pruned the filesystem cache  
[30-Apr-2024 03:10:02 UTC] cron.INFO: Executed action to try cover unpaid invoices with client credits  
[30-Apr-2024 03:10:02 UTC] cron.INFO: Executed action to activate paid invoices  
[30-Apr-2024 03:10:02 UTC] cron.INFO: Cleared 0 outdated sessions from the database  
[30-Apr-2024 03:10:02 UTC] cron.INFO: Finished executing cron jobs  
[30-Apr-2024 03:15:01 UTC] cron.INFO: Started executing cron jobs  
[30-Apr-2024 03:15:01 UTC] cron.INFO: Pruned the filesystem cache  
[30-Apr-2024 03:15:01 UTC] cron.INFO: Executed action to try cover unpaid invoices with client credits  
[30-Apr-2024 03:15:01 UTC] cron.INFO: Executed action to activate paid invoices  
[30-Apr-2024 03:15:02 UTC] cron.INFO: Cleared 0 outdated sessions from the database  
[30-Apr-2024 03:15:02 UTC] cron.INFO: Finished executing cron jobs  
[30-Apr-2024 03:20:01 UTC] cron.INFO: Started executing cron jobs  
[30-Apr-2024 03:20:01 UTC] cron.INFO: Pruned the filesystem cache  
[30-Apr-2024 03:20:01 UTC] cron.INFO: Executed action to try cover unpaid invoices with client credits  
[30-Apr-2024 03:20:01 UTC] cron.INFO: Executed action to activate paid invoices  
[30-Apr-2024 03:20:01 UTC] cron.INFO: Cleared 0 outdated sessions from the database  
[30-Apr-2024 03:20:01 UTC] cron.INFO: Finished executing cron jobs  
[30-Apr-2024 03:25:01 UTC] cron.INFO: Started executing cron jobs  
[30-Apr-2024 03:25:02 UTC] cron.INFO: Pruned the filesystem cache  
[30-Apr-2024 03:25:02 UTC] cron.INFO: Executed action to try cover unpaid invoices with client credits  
[30-Apr-2024 03:25:02 UTC] cron.INFO: Executed action to activate paid invoices  
[30-Apr-2024 03:25:02 UTC] cron.INFO: Cleared 0 outdated sessions from the database  
[30-Apr-2024 03:25:02 UTC] cron.INFO: Finished executing cron jobs  
[30-Apr-2024 03:30:01 UTC] cron.INFO: Started executing cron jobs  
[30-Apr-2024 03:30:02 UTC] cron.INFO: Pruned the filesystem cache  
[30-Apr-2024 03:30:02 UTC] cron.INFO: Executed action to try cover unpaid invoices with client credits  
[30-Apr-2024 03:30:02 UTC] cron.INFO: Executed action to activate paid invoices  
[30-Apr-2024 03:30:02 UTC] cron.INFO: Cleared 0 outdated sessions from the database  
[30-Apr-2024 03:30:02 UTC] cron.INFO: Finished executing cron jobs  
[30-Apr-2024 03:35:01 UTC] cron.INFO: Started executing cron jobs  
[30-Apr-2024 03:35:01 UTC] cron.INFO: Pruned the filesystem cache  
[30-Apr-2024 03:35:01 UTC] cron.INFO: Executed action to try cover unpaid invoices with client credits  
[30-Apr-2024 03:35:01 UTC] cron.INFO: Executed action to activate paid invoices  
[30-Apr-2024 03:35:01 UTC] cron.INFO: Cleared 0 outdated sessions from the database  
[30-Apr-2024 03:35:01 UTC] cron.INFO: Finished executing cron jobs  
[30-Apr-2024 03:40:02 UTC] cron.INFO: Started executing cron jobs  
[30-Apr-2024 03:40:02 UTC] cron.INFO: Pruned the filesystem cache  
[30-Apr-2024 03:40:02 UTC] cron.INFO: Executed action to try cover unpaid invoices with client credits  
[30-Apr-2024 03:40:02 UTC] cron.INFO: Executed action to activate paid invoices  
[30-Apr-2024 03:40:02 UTC] cron.INFO: Cleared 0 outdated sessions from the database  
[30-Apr-2024 03:40:02 UTC] cron.INFO: Finished executing cron jobs  
[30-Apr-2024 03:45:01 UTC] cron.INFO: Started executing cron jobs  
[30-Apr-2024 03:45:02 UTC] cron.INFO: Pruned the filesystem cache  
[30-Apr-2024 03:45:02 UTC] cron.INFO: Executed action to try cover unpaid invoices with client credits  
[30-Apr-2024 03:45:02 UTC] cron.INFO: Executed action to activate paid invoices  
[30-Apr-2024 03:45:02 UTC] cron.INFO: Cleared 0 outdated sessions from the database  
[30-Apr-2024 03:45:02 UTC] cron.INFO: Finished executing cron jobs  
[30-Apr-2024 03:50:01 UTC] cron.INFO: Started executing cron jobs  
[30-Apr-2024 03:50:02 UTC] cron.INFO: Pruned the filesystem cache  
[30-Apr-2024 03:50:02 UTC] cron.INFO: Executed action to try cover unpaid invoices with client credits  
[30-Apr-2024 03:50:02 UTC] cron.INFO: Executed action to activate paid invoices  
[30-Apr-2024 03:50:02 UTC] cron.INFO: Cleared 0 outdated sessions from the database  
[30-Apr-2024 03:50:02 UTC] cron.INFO: Finished executing cron jobs  
[30-Apr-2024 03:55:01 UTC] cron.INFO: Started executing cron jobs  
[30-Apr-2024 03:55:01 UTC] cron.INFO: Pruned the filesystem cache  
[30-Apr-2024 03:55:01 UTC] cron.INFO: Executed action to try cover unpaid invoices with client credits  
[30-Apr-2024 03:55:01 UTC] cron.INFO: Executed action to activate paid invoices  
[30-Apr-2024 03:55:01 UTC] cron.INFO: Cleared 0 outdated sessions from the database  
[30-Apr-2024 03:55:01 UTC] cron.INFO: Finished executing cron jobs  
[30-Apr-2024 04:00:02 UTC] cron.INFO: Started executing cron jobs  
[30-Apr-2024 04:00:02 UTC] cron.INFO: Pruned the filesystem cache  
[30-Apr-2024 04:00:02 UTC] cron.INFO: Executed action to try cover unpaid invoices with client credits  
[30-Apr-2024 04:00:02 UTC] cron.INFO: Executed action to activate paid invoices  
[30-Apr-2024 04:00:02 UTC] cron.INFO: Cleared 0 outdated sessions from the database  
[30-Apr-2024 04:00:02 UTC] cron.INFO: Finished executing cron jobs  
[30-Apr-2024 04:05:01 UTC] cron.INFO: Started executing cron jobs  
[30-Apr-2024 04:05:02 UTC] cron.INFO: Pruned the filesystem cache  
[30-Apr-2024 04:05:02 UTC] cron.INFO: Executed action to try cover unpaid invoices with client credits  
[30-Apr-2024 04:05:02 UTC] cron.INFO: Executed action to activate paid invoices  
[30-Apr-2024 04:05:02 UTC] cron.INFO: Cleared 0 outdated sessions from the database  
[30-Apr-2024 04:05:02 UTC] cron.INFO: Finished executing cron jobs  
[30-Apr-2024 04:10:01 UTC] cron.INFO: Started executing cron jobs  
[30-Apr-2024 04:10:01 UTC] cron.INFO: Pruned the filesystem cache  
[30-Apr-2024 04:10:01 UTC] cron.INFO: Executed action to try cover unpaid invoices with client credits  
[30-Apr-2024 04:10:01 UTC] cron.INFO: Executed action to activate paid invoices  
[30-Apr-2024 04:10:02 UTC] cron.INFO: Cleared 0 outdated sessions from the database  
[30-Apr-2024 04:10:02 UTC] cron.INFO: Finished executing cron jobs  
[30-Apr-2024 04:15:01 UTC] cron.INFO: Started executing cron jobs  
[30-Apr-2024 04:15:01 UTC] cron.INFO: Pruned the filesystem cache  
[30-Apr-2024 04:15:01 UTC] cron.INFO: Executed action to try cover unpaid invoices with client credits  
[30-Apr-2024 04:15:01 UTC] cron.INFO: Executed action to activate paid invoices  
[30-Apr-2024 04:15:01 UTC] cron.INFO: Cleared 0 outdated sessions from the database  
[30-Apr-2024 04:15:01 UTC] cron.INFO: Finished executing cron jobs  
[30-Apr-2024 04:20:01 UTC] cron.INFO: Started executing cron jobs  
[30-Apr-2024 04:20:02 UTC] cron.INFO: Pruned the filesystem cache  
[30-Apr-2024 04:20:02 UTC] cron.INFO: Executed action to try cover unpaid invoices with client credits  
[30-Apr-2024 04:20:02 UTC] cron.INFO: Executed action to activate paid invoices  
[30-Apr-2024 04:20:02 UTC] cron.INFO: Cleared 0 outdated sessions from the database  
[30-Apr-2024 04:20:02 UTC] cron.INFO: Finished executing cron jobs  
[30-Apr-2024 04:25:01 UTC] cron.INFO: Started executing cron jobs  
[30-Apr-2024 04:25:02 UTC] cron.INFO: Pruned the filesystem cache  
[30-Apr-2024 04:25:02 UTC] cron.INFO: Executed action to try cover unpaid invoices with client credits  
[30-Apr-2024 04:25:02 UTC] cron.INFO: Executed action to activate paid invoices  
[30-Apr-2024 04:25:02 UTC] cron.INFO: Cleared 0 outdated sessions from the database  
[30-Apr-2024 04:25:02 UTC] cron.INFO: Finished executing cron jobs  
[30-Apr-2024 04:30:01 UTC] cron.INFO: Started executing cron jobs  
[30-Apr-2024 04:30:01 UTC] cron.INFO: Pruned the filesystem cache  
[30-Apr-2024 04:30:01 UTC] cron.INFO: Executed action to try cover unpaid invoices with client credits  
[30-Apr-2024 04:30:01 UTC] cron.INFO: Executed action to activate paid invoices  
[30-Apr-2024 04:30:01 UTC] cron.INFO: Cleared 0 outdated sessions from the database  
[30-Apr-2024 04:30:01 UTC] cron.INFO: Finished executing cron jobs  
[30-Apr-2024 04:35:02 UTC] cron.INFO: Started executing cron jobs  
[30-Apr-2024 04:35:02 UTC] cron.INFO: Pruned the filesystem cache  
[30-Apr-2024 04:35:02 UTC] cron.INFO: Executed action to try cover unpaid invoices with client credits  
[30-Apr-2024 04:35:02 UTC] cron.INFO: Executed action to activate paid invoices  
[30-Apr-2024 04:35:02 UTC] cron.INFO: Cleared 0 outdated sessions from the database  
[30-Apr-2024 04:35:02 UTC] cron.INFO: Finished executing cron jobs  
[30-Apr-2024 04:40:01 UTC] cron.INFO: Started executing cron jobs  
[30-Apr-2024 04:40:02 UTC] cron.INFO: Pruned the filesystem cache  
[30-Apr-2024 04:40:02 UTC] cron.INFO: Executed action to try cover unpaid invoices with client credits  
[30-Apr-2024 04:40:02 UTC] cron.INFO: Executed action to activate paid invoices  
[30-Apr-2024 04:40:02 UTC] cron.INFO: Cleared 0 outdated sessions from the database  
[30-Apr-2024 04:40:02 UTC] cron.INFO: Finished executing cron jobs  
[30-Apr-2024 04:45:01 UTC] cron.INFO: Started executing cron jobs  
[30-Apr-2024 04:45:02 UTC] cron.INFO: Pruned the filesystem cache  
[30-Apr-2024 04:45:02 UTC] cron.INFO: Executed action to try cover unpaid invoices with client credits  
[30-Apr-2024 04:45:02 UTC] cron.INFO: Executed action to activate paid invoices  
[30-Apr-2024 04:45:02 UTC] cron.INFO: Cleared 0 outdated sessions from the database  
[30-Apr-2024 04:45:02 UTC] cron.INFO: Finished executing cron jobs  
[30-Apr-2024 04:50:01 UTC] cron.INFO: Started executing cron jobs  
[30-Apr-2024 04:50:01 UTC] cron.INFO: Pruned the filesystem cache  
[30-Apr-2024 04:50:01 UTC] cron.INFO: Executed action to try cover unpaid invoices with client credits  
[30-Apr-2024 04:50:01 UTC] cron.INFO: Executed action to activate paid invoices  
[30-Apr-2024 04:50:01 UTC] cron.INFO: Cleared 0 outdated sessions from the database  
[30-Apr-2024 04:50:01 UTC] cron.INFO: Finished executing cron jobs  
[30-Apr-2024 04:55:01 UTC] cron.INFO: Started executing cron jobs  
[30-Apr-2024 04:55:02 UTC] cron.INFO: Pruned the filesystem cache  
[30-Apr-2024 04:55:02 UTC] cron.INFO: Executed action to try cover unpaid invoices with client credits  
[30-Apr-2024 04:55:02 UTC] cron.INFO: Executed action to activate paid invoices  
[30-Apr-2024 04:55:02 UTC] cron.INFO: Cleared 0 outdated sessions from the database  
[30-Apr-2024 04:55:02 UTC] cron.INFO: Finished executing cron jobs  
[30-Apr-2024 05:00:01 UTC] cron.INFO: Started executing cron jobs  
[30-Apr-2024 05:00:02 UTC] cron.INFO: Pruned the filesystem cache  
[30-Apr-2024 05:00:02 UTC] cron.INFO: Executed action to try cover unpaid invoices with client credits  
[30-Apr-2024 05:00:02 UTC] cron.INFO: Executed action to activate paid invoices  
[30-Apr-2024 05:00:02 UTC] cron.INFO: Cleared 0 outdated sessions from the database  
[30-Apr-2024 05:00:02 UTC] cron.INFO: Finished executing cron jobs  
[30-Apr-2024 05:05:01 UTC] cron.INFO: Started executing cron jobs  
[30-Apr-2024 05:05:01 UTC] cron.INFO: Pruned the filesystem cache  
[30-Apr-2024 05:05:01 UTC] cron.INFO: Executed action to try cover unpaid invoices with client credits  
[30-Apr-2024 05:05:01 UTC] cron.INFO: Executed action to activate paid invoices  
[30-Apr-2024 05:05:01 UTC] cron.INFO: Cleared 0 outdated sessions from the database  
[30-Apr-2024 05:05:01 UTC] cron.INFO: Finished executing cron jobs  
[30-Apr-2024 05:10:01 UTC] cron.INFO: Started executing cron jobs  
[30-Apr-2024 05:10:01 UTC] cron.INFO: Pruned the filesystem cache  
[30-Apr-2024 05:10:01 UTC] cron.INFO: Executed action to try cover unpaid invoices with client credits  
[30-Apr-2024 05:10:01 UTC] cron.INFO: Executed action to activate paid invoices  
[30-Apr-2024 05:10:01 UTC] cron.INFO: Cleared 0 outdated sessions from the database  
[30-Apr-2024 05:10:01 UTC] cron.INFO: Finished executing cron jobs  
[30-Apr-2024 05:15:01 UTC] cron.INFO: Started executing cron jobs  
[30-Apr-2024 05:15:02 UTC] cron.INFO: Pruned the filesystem cache  
[30-Apr-2024 05:15:02 UTC] cron.INFO: Executed action to try cover unpaid invoices with client credits  
[30-Apr-2024 05:15:02 UTC] cron.INFO: Executed action to activate paid invoices  
[30-Apr-2024 05:15:02 UTC] cron.INFO: Cleared 0 outdated sessions from the database  
[30-Apr-2024 05:15:02 UTC] cron.INFO: Finished executing cron jobs  
[30-Apr-2024 05:20:01 UTC] cron.INFO: Started executing cron jobs  
[30-Apr-2024 05:20:02 UTC] cron.INFO: Pruned the filesystem cache  
[30-Apr-2024 05:20:02 UTC] cron.INFO: Executed action to try cover unpaid invoices with client credits  
[30-Apr-2024 05:20:02 UTC] cron.INFO: Executed action to activate paid invoices  
[30-Apr-2024 05:20:02 UTC] cron.INFO: Cleared 0 outdated sessions from the database  
[30-Apr-2024 05:20:02 UTC] cron.INFO: Finished executing cron jobs  
[30-Apr-2024 05:25:01 UTC] cron.INFO: Started executing cron jobs  
[30-Apr-2024 05:25:01 UTC] cron.INFO: Pruned the filesystem cache  
[30-Apr-2024 05:25:01 UTC] cron.INFO: Executed action to try cover unpaid invoices with client credits  
[30-Apr-2024 05:25:01 UTC] cron.INFO: Executed action to activate paid invoices  
[30-Apr-2024 05:25:01 UTC] cron.INFO: Cleared 0 outdated sessions from the database  
[30-Apr-2024 05:25:01 UTC] cron.INFO: Finished executing cron jobs  
[30-Apr-2024 05:30:02 UTC] cron.INFO: Started executing cron jobs  
[30-Apr-2024 05:30:02 UTC] cron.INFO: Pruned the filesystem cache  
[30-Apr-2024 05:30:02 UTC] cron.INFO: Executed action to try cover unpaid invoices with client credits  
[30-Apr-2024 05:30:02 UTC] cron.INFO: Executed action to activate paid invoices  
[30-Apr-2024 05:30:02 UTC] cron.INFO: Cleared 0 outdated sessions from the database  
[30-Apr-2024 05:30:02 UTC] cron.INFO: Finished executing cron jobs  
[30-Apr-2024 05:35:01 UTC] cron.INFO: Started executing cron jobs  
[30-Apr-2024 05:35:02 UTC] cron.INFO: Pruned the filesystem cache  
[30-Apr-2024 05:35:02 UTC] cron.INFO: Executed action to try cover unpaid invoices with client credits  
[30-Apr-2024 05:35:02 UTC] cron.INFO: Executed action to activate paid invoices  
[30-Apr-2024 05:35:02 UTC] cron.INFO: Cleared 0 outdated sessions from the database  
[30-Apr-2024 05:35:02 UTC] cron.INFO: Finished executing cron jobs  
[30-Apr-2024 05:40:01 UTC] cron.INFO: Started executing cron jobs  
[30-Apr-2024 05:40:01 UTC] cron.INFO: Pruned the filesystem cache  
[30-Apr-2024 05:40:01 UTC] cron.INFO: Executed action to try cover unpaid invoices with client credits  
[30-Apr-2024 05:40:01 UTC] cron.INFO: Executed action to activate paid invoices  
[30-Apr-2024 05:40:02 UTC] cron.INFO: Cleared 0 outdated sessions from the database  
[30-Apr-2024 05:40:02 UTC] cron.INFO: Finished executing cron jobs  
[30-Apr-2024 05:45:01 UTC] cron.INFO: Started executing cron jobs  
[30-Apr-2024 05:45:01 UTC] cron.INFO: Pruned the filesystem cache  
[30-Apr-2024 05:45:01 UTC] cron.INFO: Executed action to try cover unpaid invoices with client credits  
[30-Apr-2024 05:45:01 UTC] cron.INFO: Executed action to activate paid invoices  
[30-Apr-2024 05:45:01 UTC] cron.INFO: Cleared 0 outdated sessions from the database  
[30-Apr-2024 05:45:01 UTC] cron.INFO: Finished executing cron jobs  
[30-Apr-2024 05:50:01 UTC] cron.INFO: Started executing cron jobs  
[30-Apr-2024 05:50:02 UTC] cron.INFO: Pruned the filesystem cache  
[30-Apr-2024 05:50:02 UTC] cron.INFO: Executed action to try cover unpaid invoices with client credits  
[30-Apr-2024 05:50:02 UTC] cron.INFO: Executed action to activate paid invoices  
[30-Apr-2024 05:50:02 UTC] cron.INFO: Cleared 0 outdated sessions from the database  
[30-Apr-2024 05:50:02 UTC] cron.INFO: Finished executing cron jobs  
[30-Apr-2024 05:55:01 UTC] cron.INFO: Started executing cron jobs  
[30-Apr-2024 05:55:02 UTC] cron.INFO: Pruned the filesystem cache  
[30-Apr-2024 05:55:02 UTC] cron.INFO: Executed action to try cover unpaid invoices with client credits  
[30-Apr-2024 05:55:02 UTC] cron.INFO: Executed action to activate paid invoices  
[30-Apr-2024 05:55:02 UTC] cron.INFO: Cleared 0 outdated sessions from the database  
[30-Apr-2024 05:55:02 UTC] cron.INFO: Finished executing cron jobs  
[30-Apr-2024 06:00:01 UTC] cron.INFO: Started executing cron jobs  
[30-Apr-2024 06:00:01 UTC] cron.INFO: Pruned the filesystem cache  
[30-Apr-2024 06:00:01 UTC] cron.INFO: Executed action to try cover unpaid invoices with client credits  
[30-Apr-2024 06:00:01 UTC] cron.INFO: Executed action to activate paid invoices  
[30-Apr-2024 06:00:01 UTC] cron.INFO: Cleared 0 outdated sessions from the database  
[30-Apr-2024 06:00:01 UTC] cron.INFO: Finished executing cron jobs  
[30-Apr-2024 06:05:02 UTC] cron.INFO: Started executing cron jobs  
[30-Apr-2024 06:05:02 UTC] cron.INFO: Pruned the filesystem cache  
[30-Apr-2024 06:05:02 UTC] cron.INFO: Executed action to try cover unpaid invoices with client credits  
[30-Apr-2024 06:05:02 UTC] cron.INFO: Executed action to activate paid invoices  
[30-Apr-2024 06:05:02 UTC] cron.INFO: Cleared 0 outdated sessions from the database  
[30-Apr-2024 06:05:02 UTC] cron.INFO: Finished executing cron jobs  
[30-Apr-2024 06:10:01 UTC] cron.INFO: Started executing cron jobs  
[30-Apr-2024 06:10:02 UTC] cron.INFO: Pruned the filesystem cache  
[30-Apr-2024 06:10:02 UTC] cron.INFO: Executed action to try cover unpaid invoices with client credits  
[30-Apr-2024 06:10:02 UTC] cron.INFO: Executed action to activate paid invoices  
[30-Apr-2024 06:10:02 UTC] cron.INFO: Cleared 0 outdated sessions from the database  
[30-Apr-2024 06:10:02 UTC] cron.INFO: Finished executing cron jobs  
[30-Apr-2024 06:15:01 UTC] cron.INFO: Started executing cron jobs  
[30-Apr-2024 06:15:01 UTC] cron.INFO: Pruned the filesystem cache  
[30-Apr-2024 06:15:01 UTC] cron.INFO: Executed action to try cover unpaid invoices with client credits  
[30-Apr-2024 06:15:01 UTC] cron.INFO: Executed action to activate paid invoices  
[30-Apr-2024 06:15:02 UTC] cron.INFO: Cleared 0 outdated sessions from the database  
[30-Apr-2024 06:15:02 UTC] cron.INFO: Finished executing cron jobs  
[30-Apr-2024 06:20:01 UTC] cron.INFO: Started executing cron jobs  
[30-Apr-2024 06:20:01 UTC] cron.INFO: Pruned the filesystem cache  
[30-Apr-2024 06:20:01 UTC] cron.INFO: Executed action to try cover unpaid invoices with client credits  
[30-Apr-2024 06:20:01 UTC] cron.INFO: Executed action to activate paid invoices  
[30-Apr-2024 06:20:01 UTC] cron.INFO: Cleared 0 outdated sessions from the database  
[30-Apr-2024 06:20:01 UTC] cron.INFO: Finished executing cron jobs  
[30-Apr-2024 06:25:01 UTC] cron.INFO: Started executing cron jobs  
[30-Apr-2024 06:25:02 UTC] cron.INFO: Pruned the filesystem cache  
[30-Apr-2024 06:25:02 UTC] cron.INFO: Executed action to try cover unpaid invoices with client credits  
[30-Apr-2024 06:25:02 UTC] cron.INFO: Executed action to activate paid invoices  
[30-Apr-2024 06:25:02 UTC] cron.INFO: Cleared 0 outdated sessions from the database  
[30-Apr-2024 06:25:02 UTC] cron.INFO: Finished executing cron jobs  
[30-Apr-2024 06:30:01 UTC] cron.INFO: Started executing cron jobs  
[30-Apr-2024 06:30:02 UTC] cron.INFO: Pruned the filesystem cache  
[30-Apr-2024 06:30:02 UTC] cron.INFO: Executed action to try cover unpaid invoices with client credits  
[30-Apr-2024 06:30:02 UTC] cron.INFO: Executed action to activate paid invoices  
[30-Apr-2024 06:30:02 UTC] cron.INFO: Cleared 0 outdated sessions from the database  
[30-Apr-2024 06:30:02 UTC] cron.INFO: Finished executing cron jobs  
[30-Apr-2024 06:35:01 UTC] cron.INFO: Started executing cron jobs  
[30-Apr-2024 06:35:01 UTC] cron.INFO: Pruned the filesystem cache  
[30-Apr-2024 06:35:01 UTC] cron.INFO: Executed action to try cover unpaid invoices with client credits  
[30-Apr-2024 06:35:01 UTC] cron.INFO: Executed action to activate paid invoices  
[30-Apr-2024 06:35:01 UTC] cron.INFO: Cleared 0 outdated sessions from the database  
[30-Apr-2024 06:35:01 UTC] cron.INFO: Finished executing cron jobs  
[30-Apr-2024 06:40:02 UTC] cron.INFO: Started executing cron jobs  
[30-Apr-2024 06:40:02 UTC] cron.INFO: Pruned the filesystem cache  
[30-Apr-2024 06:40:02 UTC] cron.INFO: Executed action to try cover unpaid invoices with client credits  
[30-Apr-2024 06:40:02 UTC] cron.INFO: Executed action to activate paid invoices  
[30-Apr-2024 06:40:02 UTC] cron.INFO: Cleared 0 outdated sessions from the database  
[30-Apr-2024 06:40:02 UTC] cron.INFO: Finished executing cron jobs  
[30-Apr-2024 06:45:01 UTC] cron.INFO: Started executing cron jobs  
[30-Apr-2024 06:45:02 UTC] cron.INFO: Pruned the filesystem cache  
[30-Apr-2024 06:45:02 UTC] cron.INFO: Executed action to try cover unpaid invoices with client credits  
[30-Apr-2024 06:45:02 UTC] cron.INFO: Executed action to activate paid invoices  
[30-Apr-2024 06:45:02 UTC] cron.INFO: Cleared 0 outdated sessions from the database  
[30-Apr-2024 06:45:02 UTC] cron.INFO: Finished executing cron jobs  
[30-Apr-2024 06:50:01 UTC] cron.INFO: Started executing cron jobs  
[30-Apr-2024 06:50:02 UTC] cron.INFO: Pruned the filesystem cache  
[30-Apr-2024 06:50:02 UTC] cron.INFO: Executed action to try cover unpaid invoices with client credits  
[30-Apr-2024 06:50:02 UTC] cron.INFO: Executed action to activate paid invoices  
[30-Apr-2024 06:50:02 UTC] cron.INFO: Cleared 0 outdated sessions from the database  
[30-Apr-2024 06:50:02 UTC] cron.INFO: Finished executing cron jobs  
[30-Apr-2024 06:55:01 UTC] cron.INFO: Started executing cron jobs  
[30-Apr-2024 06:55:01 UTC] cron.INFO: Pruned the filesystem cache  
[30-Apr-2024 06:55:01 UTC] cron.INFO: Executed action to try cover unpaid invoices with client credits  
[30-Apr-2024 06:55:01 UTC] cron.INFO: Executed action to activate paid invoices  
[30-Apr-2024 06:55:01 UTC] cron.INFO: Cleared 0 outdated sessions from the database  
[30-Apr-2024 06:55:01 UTC] cron.INFO: Finished executing cron jobs  
[30-Apr-2024 07:00:01 UTC] cron.INFO: Started executing cron jobs  
[30-Apr-2024 07:00:02 UTC] cron.INFO: Pruned the filesystem cache  
[30-Apr-2024 07:00:02 UTC] cron.INFO: Executed action to try cover unpaid invoices with client credits  
[30-Apr-2024 07:00:02 UTC] cron.INFO: Executed action to activate paid invoices  
[30-Apr-2024 07:00:02 UTC] cron.INFO: Cleared 0 outdated sessions from the database  
[30-Apr-2024 07:00:02 UTC] cron.INFO: Finished executing cron jobs  
[30-Apr-2024 07:05:01 UTC] cron.INFO: Started executing cron jobs  
[30-Apr-2024 07:05:02 UTC] cron.INFO: Pruned the filesystem cache  
[30-Apr-2024 07:05:02 UTC] cron.INFO: Executed action to try cover unpaid invoices with client credits  
[30-Apr-2024 07:05:02 UTC] cron.INFO: Executed action to activate paid invoices  
[30-Apr-2024 07:05:02 UTC] cron.INFO: Cleared 0 outdated sessions from the database  
[30-Apr-2024 07:05:02 UTC] cron.INFO: Finished executing cron jobs  
[30-Apr-2024 07:10:01 UTC] cron.INFO: Started executing cron jobs  
[30-Apr-2024 07:10:01 UTC] cron.INFO: Pruned the filesystem cache  
[30-Apr-2024 07:10:01 UTC] cron.INFO: Executed action to try cover unpaid invoices with client credits  
[30-Apr-2024 07:10:01 UTC] cron.INFO: Executed action to activate paid invoices  
[30-Apr-2024 07:10:01 UTC] cron.INFO: Cleared 0 outdated sessions from the database  
[30-Apr-2024 07:10:01 UTC] cron.INFO: Finished executing cron jobs  
[30-Apr-2024 07:15:02 UTC] cron.INFO: Started executing cron jobs  
[30-Apr-2024 07:15:02 UTC] cron.INFO: Pruned the filesystem cache  
[30-Apr-2024 07:15:02 UTC] cron.INFO: Executed action to try cover unpaid invoices with client credits  
[30-Apr-2024 07:15:02 UTC] cron.INFO: Executed action to activate paid invoices  
[30-Apr-2024 07:15:02 UTC] cron.INFO: Cleared 0 outdated sessions from the database  
[30-Apr-2024 07:15:02 UTC] cron.INFO: Finished executing cron jobs  
[30-Apr-2024 07:20:01 UTC] cron.INFO: Started executing cron jobs  
[30-Apr-2024 07:20:02 UTC] cron.INFO: Pruned the filesystem cache  
[30-Apr-2024 07:20:02 UTC] cron.INFO: Executed action to try cover unpaid invoices with client credits  
[30-Apr-2024 07:20:02 UTC] cron.INFO: Executed action to activate paid invoices  
[30-Apr-2024 07:20:02 UTC] cron.INFO: Cleared 0 outdated sessions from the database  
[30-Apr-2024 07:20:02 UTC] cron.INFO: Finished executing cron jobs  
[30-Apr-2024 07:25:01 UTC] cron.INFO: Started executing cron jobs  
[30-Apr-2024 07:25:02 UTC] cron.INFO: Pruned the filesystem cache  
[30-Apr-2024 07:25:02 UTC] cron.INFO: Executed action to try cover unpaid invoices with client credits  
[30-Apr-2024 07:25:02 UTC] cron.INFO: Executed action to activate paid invoices  
[30-Apr-2024 07:25:02 UTC] cron.INFO: Cleared 0 outdated sessions from the database  
[30-Apr-2024 07:25:02 UTC] cron.INFO: Finished executing cron jobs  
[30-Apr-2024 07:30:01 UTC] cron.INFO: Started executing cron jobs  
[30-Apr-2024 07:30:01 UTC] cron.INFO: Pruned the filesystem cache  
[30-Apr-2024 07:30:01 UTC] cron.INFO: Executed action to try cover unpaid invoices with client credits  
[30-Apr-2024 07:30:01 UTC] cron.INFO: Executed action to activate paid invoices  
[30-Apr-2024 07:30:01 UTC] cron.INFO: Cleared 0 outdated sessions from the database  
[30-Apr-2024 07:30:01 UTC] cron.INFO: Finished executing cron jobs  
[30-Apr-2024 07:35:02 UTC] cron.INFO: Started executing cron jobs  
[30-Apr-2024 07:35:02 UTC] cron.INFO: Pruned the filesystem cache  
[30-Apr-2024 07:35:02 UTC] cron.INFO: Executed action to try cover unpaid invoices with client credits  
[30-Apr-2024 07:35:02 UTC] cron.INFO: Executed action to activate paid invoices  
[30-Apr-2024 07:35:02 UTC] cron.INFO: Cleared 0 outdated sessions from the database  
[30-Apr-2024 07:35:02 UTC] cron.INFO: Finished executing cron jobs  
[30-Apr-2024 07:40:01 UTC] cron.INFO: Started executing cron jobs  
[30-Apr-2024 07:40:02 UTC] cron.INFO: Pruned the filesystem cache  
[30-Apr-2024 07:40:02 UTC] cron.INFO: Executed action to try cover unpaid invoices with client credits  
[30-Apr-2024 07:40:02 UTC] cron.INFO: Executed action to activate paid invoices  
[30-Apr-2024 07:40:02 UTC] cron.INFO: Cleared 0 outdated sessions from the database  
[30-Apr-2024 07:40:02 UTC] cron.INFO: Finished executing cron jobs  
[30-Apr-2024 07:45:01 UTC] cron.INFO: Started executing cron jobs  
[30-Apr-2024 07:45:01 UTC] cron.INFO: Pruned the filesystem cache  
[30-Apr-2024 07:45:01 UTC] cron.INFO: Executed action to try cover unpaid invoices with client credits  
[30-Apr-2024 07:45:01 UTC] cron.INFO: Executed action to activate paid invoices  
[30-Apr-2024 07:45:01 UTC] cron.INFO: Cleared 0 outdated sessions from the database  
[30-Apr-2024 07:45:01 UTC] cron.INFO: Finished executing cron jobs  
[30-Apr-2024 07:50:02 UTC] cron.INFO: Started executing cron jobs  
[30-Apr-2024 07:50:03 UTC] cron.INFO: Pruned the filesystem cache  
[30-Apr-2024 07:50:03 UTC] cron.INFO: Executed action to try cover unpaid invoices with client credits  
[30-Apr-2024 07:50:03 UTC] cron.INFO: Executed action to activate paid invoices  
[30-Apr-2024 07:50:03 UTC] cron.INFO: Cleared 0 outdated sessions from the database  
[30-Apr-2024 07:50:03 UTC] cron.INFO: Finished executing cron jobs  
[30-Apr-2024 07:55:01 UTC] cron.INFO: Started executing cron jobs  
[30-Apr-2024 07:55:02 UTC] cron.INFO: Pruned the filesystem cache  
[30-Apr-2024 07:55:02 UTC] cron.INFO: Executed action to try cover unpaid invoices with client credits  
[30-Apr-2024 07:55:02 UTC] cron.INFO: Executed action to activate paid invoices  
[30-Apr-2024 07:55:02 UTC] cron.INFO: Cleared 0 outdated sessions from the database  
[30-Apr-2024 07:55:02 UTC] cron.INFO: Finished executing cron jobs  
[30-Apr-2024 08:00:01 UTC] cron.INFO: Started executing cron jobs  
[30-Apr-2024 08:00:01 UTC] cron.INFO: Pruned the filesystem cache  
[30-Apr-2024 08:00:01 UTC] cron.INFO: Executed action to try cover unpaid invoices with client credits  
[30-Apr-2024 08:00:02 UTC] cron.INFO: Executed action to activate paid invoices  
[30-Apr-2024 08:00:02 UTC] cron.INFO: Cleared 0 outdated sessions from the database  
[30-Apr-2024 08:00:02 UTC] cron.INFO: Finished executing cron jobs  
[30-Apr-2024 08:05:01 UTC] cron.INFO: Started executing cron jobs  
[30-Apr-2024 08:05:01 UTC] cron.INFO: Pruned the filesystem cache  
[30-Apr-2024 08:05:01 UTC] cron.INFO: Executed action to try cover unpaid invoices with client credits  
[30-Apr-2024 08:05:01 UTC] cron.INFO: Executed action to activate paid invoices  
[30-Apr-2024 08:05:01 UTC] cron.INFO: Cleared 0 outdated sessions from the database  
[30-Apr-2024 08:05:01 UTC] cron.INFO: Finished executing cron jobs  
[30-Apr-2024 08:10:02 UTC] cron.INFO: Started executing cron jobs  
[30-Apr-2024 08:10:02 UTC] cron.INFO: Pruned the filesystem cache  
[30-Apr-2024 08:10:02 UTC] cron.INFO: Executed action to try cover unpaid invoices with client credits  
[30-Apr-2024 08:10:02 UTC] cron.INFO: Executed action to activate paid invoices  
[30-Apr-2024 08:10:02 UTC] cron.INFO: Cleared 0 outdated sessions from the database  
[30-Apr-2024 08:10:02 UTC] cron.INFO: Finished executing cron jobs  
[30-Apr-2024 08:15:02 UTC] cron.INFO: Started executing cron jobs  
[30-Apr-2024 08:15:02 UTC] cron.INFO: Pruned the filesystem cache  
[30-Apr-2024 08:15:02 UTC] cron.INFO: Executed action to try cover unpaid invoices with client credits  
[30-Apr-2024 08:15:02 UTC] cron.INFO: Executed action to activate paid invoices  
[30-Apr-2024 08:15:02 UTC] cron.INFO: Cleared 0 outdated sessions from the database  
[30-Apr-2024 08:15:02 UTC] cron.INFO: Finished executing cron jobs  
[30-Apr-2024 08:20:01 UTC] cron.INFO: Started executing cron jobs  
[30-Apr-2024 08:20:02 UTC] cron.INFO: Pruned the filesystem cache  
[30-Apr-2024 08:20:02 UTC] cron.INFO: Executed action to try cover unpaid invoices with client credits  
[30-Apr-2024 08:20:02 UTC] cron.INFO: Executed action to activate paid invoices  
[30-Apr-2024 08:20:02 UTC] cron.INFO: Cleared 0 outdated sessions from the database  
[30-Apr-2024 08:20:02 UTC] cron.INFO: Finished executing cron jobs  
[30-Apr-2024 08:25:01 UTC] cron.INFO: Started executing cron jobs  
[30-Apr-2024 08:25:02 UTC] cron.INFO: Pruned the filesystem cache  
[30-Apr-2024 08:25:02 UTC] cron.INFO: Executed action to try cover unpaid invoices with client credits  
[30-Apr-2024 08:25:02 UTC] cron.INFO: Executed action to activate paid invoices  
[30-Apr-2024 08:25:05 UTC] cron.INFO: Cleared 0 outdated sessions from the database  
[30-Apr-2024 08:25:05 UTC] cron.INFO: Finished executing cron jobs  
[30-Apr-2024 08:30:02 UTC] cron.INFO: Started executing cron jobs  
[30-Apr-2024 08:30:03 UTC] cron.INFO: Pruned the filesystem cache  
[30-Apr-2024 08:30:03 UTC] cron.INFO: Executed action to try cover unpaid invoices with client credits  
[30-Apr-2024 08:30:03 UTC] cron.INFO: Executed action to activate paid invoices  
[30-Apr-2024 08:30:03 UTC] cron.INFO: Cleared 0 outdated sessions from the database  
[30-Apr-2024 08:30:03 UTC] cron.INFO: Finished executing cron jobs  
[30-Apr-2024 08:35:04 UTC] cron.INFO: Started executing cron jobs  
[30-Apr-2024 08:35:08 UTC] cron.INFO: Pruned the filesystem cache  
[30-Apr-2024 08:35:08 UTC] cron.INFO: Executed action to try cover unpaid invoices with client credits  
[30-Apr-2024 08:35:08 UTC] cron.INFO: Executed action to activate paid invoices  
[30-Apr-2024 08:35:08 UTC] cron.INFO: Cleared 0 outdated sessions from the database  
[30-Apr-2024 08:35:08 UTC] cron.INFO: Finished executing cron jobs  
[30-Apr-2024 08:40:02 UTC] cron.INFO: Started executing cron jobs  
[30-Apr-2024 08:40:05 UTC] cron.INFO: Pruned the filesystem cache  
[30-Apr-2024 08:40:05 UTC] cron.INFO: Executed action to try cover unpaid invoices with client credits  
[30-Apr-2024 08:40:05 UTC] cron.INFO: Executed action to activate paid invoices  
[30-Apr-2024 08:40:05 UTC] cron.INFO: Cleared 0 outdated sessions from the database  
[30-Apr-2024 08:40:05 UTC] cron.INFO: Finished executing cron jobs  
[30-Apr-2024 08:45:01 UTC] cron.INFO: Started executing cron jobs  
[30-Apr-2024 08:45:03 UTC] cron.INFO: Pruned the filesystem cache  
[30-Apr-2024 08:45:03 UTC] cron.INFO: Executed action to try cover unpaid invoices with client credits  
[30-Apr-2024 08:45:03 UTC] cron.INFO: Executed action to activate paid invoices  
[30-Apr-2024 08:45:03 UTC] cron.INFO: Cleared 0 outdated sessions from the database  
[30-Apr-2024 08:45:03 UTC] cron.INFO: Finished executing cron jobs  
[30-Apr-2024 08:50:01 UTC] cron.INFO: Started executing cron jobs  
[30-Apr-2024 08:50:02 UTC] cron.INFO: Pruned the filesystem cache  
[30-Apr-2024 08:50:02 UTC] cron.INFO: Executed action to try cover unpaid invoices with client credits  
[30-Apr-2024 08:50:02 UTC] cron.INFO: Executed action to activate paid invoices  
[30-Apr-2024 08:50:03 UTC] cron.INFO: Cleared 0 outdated sessions from the database  
[30-Apr-2024 08:50:03 UTC] cron.INFO: Finished executing cron jobs  
[30-Apr-2024 08:55:01 UTC] cron.INFO: Started executing cron jobs  
[30-Apr-2024 08:55:01 UTC] cron.INFO: Pruned the filesystem cache  
[30-Apr-2024 08:55:01 UTC] cron.INFO: Executed action to try cover unpaid invoices with client credits  
[30-Apr-2024 08:55:01 UTC] cron.INFO: Executed action to activate paid invoices  
[30-Apr-2024 08:55:02 UTC] cron.INFO: Cleared 0 outdated sessions from the database  
[30-Apr-2024 08:55:02 UTC] cron.INFO: Finished executing cron jobs  
[30-Apr-2024 09:00:01 UTC] cron.INFO: Started executing cron jobs  
[30-Apr-2024 09:00:01 UTC] cron.INFO: Pruned the filesystem cache  
[30-Apr-2024 09:00:01 UTC] cron.INFO: Executed action to try cover unpaid invoices with client credits  
[30-Apr-2024 09:00:01 UTC] cron.INFO: Executed action to activate paid invoices  
[30-Apr-2024 09:00:01 UTC] cron.INFO: Cleared 0 outdated sessions from the database  
[30-Apr-2024 09:00:01 UTC] cron.INFO: Finished executing cron jobs  
[30-Apr-2024 09:05:01 UTC] cron.INFO: Started executing cron jobs  
[30-Apr-2024 09:05:02 UTC] cron.INFO: Pruned the filesystem cache  
[30-Apr-2024 09:05:02 UTC] cron.INFO: Executed action to try cover unpaid invoices with client credits  
[30-Apr-2024 09:05:02 UTC] cron.INFO: Executed action to activate paid invoices  
[30-Apr-2024 09:05:02 UTC] cron.INFO: Cleared 0 outdated sessions from the database  
[30-Apr-2024 09:05:02 UTC] cron.INFO: Finished executing cron jobs  
[30-Apr-2024 09:10:01 UTC] cron.INFO: Started executing cron jobs  
[30-Apr-2024 09:10:02 UTC] cron.INFO: Pruned the filesystem cache  
[30-Apr-2024 09:10:02 UTC] cron.INFO: Executed action to try cover unpaid invoices with client credits  
[30-Apr-2024 09:10:02 UTC] cron.INFO: Executed action to activate paid invoices  
[30-Apr-2024 09:10:02 UTC] cron.INFO: Cleared 0 outdated sessions from the database  
[30-Apr-2024 09:10:02 UTC] cron.INFO: Finished executing cron jobs  
[30-Apr-2024 09:15:01 UTC] cron.INFO: Started executing cron jobs  
[30-Apr-2024 09:15:01 UTC] cron.INFO: Pruned the filesystem cache  
[30-Apr-2024 09:15:01 UTC] cron.INFO: Executed action to try cover unpaid invoices with client credits  
[30-Apr-2024 09:15:01 UTC] cron.INFO: Executed action to activate paid invoices  
[30-Apr-2024 09:15:01 UTC] cron.INFO: Cleared 0 outdated sessions from the database  
[30-Apr-2024 09:15:01 UTC] cron.INFO: Finished executing cron jobs  
[30-Apr-2024 09:20:02 UTC] cron.INFO: Started executing cron jobs  
[30-Apr-2024 09:20:02 UTC] cron.INFO: Pruned the filesystem cache  
[30-Apr-2024 09:20:02 UTC] cron.INFO: Executed action to try cover unpaid invoices with client credits  
[30-Apr-2024 09:20:02 UTC] cron.INFO: Executed action to activate paid invoices  
[30-Apr-2024 09:20:02 UTC] cron.INFO: Cleared 0 outdated sessions from the database  
[30-Apr-2024 09:20:02 UTC] cron.INFO: Finished executing cron jobs  
[30-Apr-2024 09:25:01 UTC] cron.INFO: Started executing cron jobs  
[30-Apr-2024 09:25:02 UTC] cron.INFO: Pruned the filesystem cache  
[30-Apr-2024 09:25:02 UTC] cron.INFO: Executed action to try cover unpaid invoices with client credits  
[30-Apr-2024 09:25:02 UTC] cron.INFO: Executed action to activate paid invoices  
[30-Apr-2024 09:25:02 UTC] cron.INFO: Cleared 0 outdated sessions from the database  
[30-Apr-2024 09:25:02 UTC] cron.INFO: Finished executing cron jobs  
[30-Apr-2024 09:30:01 UTC] cron.INFO: Started executing cron jobs  
[30-Apr-2024 09:30:02 UTC] cron.INFO: Pruned the filesystem cache  
[30-Apr-2024 09:30:02 UTC] cron.INFO: Executed action to try cover unpaid invoices with client credits  
[30-Apr-2024 09:30:02 UTC] cron.INFO: Executed action to activate paid invoices  
[30-Apr-2024 09:30:02 UTC] cron.INFO: Cleared 0 outdated sessions from the database  
[30-Apr-2024 09:30:02 UTC] cron.INFO: Finished executing cron jobs  
[30-Apr-2024 09:35:01 UTC] cron.INFO: Started executing cron jobs  
[30-Apr-2024 09:35:01 UTC] cron.INFO: Pruned the filesystem cache  
[30-Apr-2024 09:35:01 UTC] cron.INFO: Executed action to try cover unpaid invoices with client credits  
[30-Apr-2024 09:35:01 UTC] cron.INFO: Executed action to activate paid invoices  
[30-Apr-2024 09:35:01 UTC] cron.INFO: Cleared 0 outdated sessions from the database  
[30-Apr-2024 09:35:01 UTC] cron.INFO: Finished executing cron jobs  
[30-Apr-2024 09:40:01 UTC] cron.INFO: Started executing cron jobs  
[30-Apr-2024 09:40:02 UTC] cron.INFO: Pruned the filesystem cache  
[30-Apr-2024 09:40:02 UTC] cron.INFO: Executed action to try cover unpaid invoices with client credits  
[30-Apr-2024 09:40:02 UTC] cron.INFO: Executed action to activate paid invoices  
[30-Apr-2024 09:40:02 UTC] cron.INFO: Cleared 0 outdated sessions from the database  
[30-Apr-2024 09:40:02 UTC] cron.INFO: Finished executing cron jobs  
[30-Apr-2024 09:45:01 UTC] cron.INFO: Started executing cron jobs  
[30-Apr-2024 09:45:02 UTC] cron.INFO: Pruned the filesystem cache  
[30-Apr-2024 09:45:02 UTC] cron.INFO: Executed action to try cover unpaid invoices with client credits  
[30-Apr-2024 09:45:02 UTC] cron.INFO: Executed action to activate paid invoices  
[30-Apr-2024 09:45:02 UTC] cron.INFO: Cleared 0 outdated sessions from the database  
[30-Apr-2024 09:45:02 UTC] cron.INFO: Finished executing cron jobs  
[30-Apr-2024 09:50:01 UTC] cron.INFO: Started executing cron jobs  
[30-Apr-2024 09:50:01 UTC] cron.INFO: Pruned the filesystem cache  
[30-Apr-2024 09:50:01 UTC] cron.INFO: Executed action to try cover unpaid invoices with client credits  
[30-Apr-2024 09:50:01 UTC] cron.INFO: Executed action to activate paid invoices  
[30-Apr-2024 09:50:01 UTC] cron.INFO: Cleared 0 outdated sessions from the database  
[30-Apr-2024 09:50:01 UTC] cron.INFO: Finished executing cron jobs  
[30-Apr-2024 09:55:02 UTC] cron.INFO: Started executing cron jobs  
[30-Apr-2024 09:55:02 UTC] cron.INFO: Pruned the filesystem cache  
[30-Apr-2024 09:55:02 UTC] cron.INFO: Executed action to try cover unpaid invoices with client credits  
[30-Apr-2024 09:55:02 UTC] cron.INFO: Executed action to activate paid invoices  
[30-Apr-2024 09:55:02 UTC] cron.INFO: Cleared 0 outdated sessions from the database  
[30-Apr-2024 09:55:02 UTC] cron.INFO: Finished executing cron jobs  
[30-Apr-2024 10:00:01 UTC] cron.INFO: Started executing cron jobs  
[30-Apr-2024 10:00:02 UTC] cron.INFO: Pruned the filesystem cache  
[30-Apr-2024 10:00:02 UTC] cron.INFO: Executed action to try cover unpaid invoices with client credits  
[30-Apr-2024 10:00:02 UTC] cron.INFO: Executed action to activate paid invoices  
[30-Apr-2024 10:00:02 UTC] cron.INFO: Cleared 0 outdated sessions from the database  
[30-Apr-2024 10:00:02 UTC] cron.INFO: Finished executing cron jobs  
[30-Apr-2024 10:05:01 UTC] cron.INFO: Started executing cron jobs  
[30-Apr-2024 10:05:01 UTC] cron.INFO: Pruned the filesystem cache  
[30-Apr-2024 10:05:01 UTC] cron.INFO: Executed action to try cover unpaid invoices with client credits  
[30-Apr-2024 10:05:01 UTC] cron.INFO: Executed action to activate paid invoices  
[30-Apr-2024 10:05:02 UTC] cron.INFO: Cleared 0 outdated sessions from the database  
[30-Apr-2024 10:05:02 UTC] cron.INFO: Finished executing cron jobs  
[30-Apr-2024 10:10:01 UTC] cron.INFO: Started executing cron jobs  
[30-Apr-2024 10:10:01 UTC] cron.INFO: Pruned the filesystem cache  
[30-Apr-2024 10:10:01 UTC] cron.INFO: Executed action to try cover unpaid invoices with client credits  
[30-Apr-2024 10:10:01 UTC] cron.INFO: Executed action to activate paid invoices  
[30-Apr-2024 10:10:01 UTC] cron.INFO: Cleared 0 outdated sessions from the database  
[30-Apr-2024 10:10:01 UTC] cron.INFO: Finished executing cron jobs  
[30-Apr-2024 10:15:01 UTC] cron.INFO: Started executing cron jobs  
[30-Apr-2024 10:15:02 UTC] cron.INFO: Pruned the filesystem cache  
[30-Apr-2024 10:15:02 UTC] cron.INFO: Executed action to try cover unpaid invoices with client credits  
[30-Apr-2024 10:15:02 UTC] cron.INFO: Executed action to activate paid invoices  
[30-Apr-2024 10:15:02 UTC] cron.INFO: Cleared 0 outdated sessions from the database  
[30-Apr-2024 10:15:02 UTC] cron.INFO: Finished executing cron jobs  
[30-Apr-2024 10:20:01 UTC] cron.INFO: Started executing cron jobs  
[30-Apr-2024 10:20:02 UTC] cron.INFO: Pruned the filesystem cache  
[30-Apr-2024 10:20:02 UTC] cron.INFO: Executed action to try cover unpaid invoices with client credits  
[30-Apr-2024 10:20:02 UTC] cron.INFO: Executed action to activate paid invoices  
[30-Apr-2024 10:20:02 UTC] cron.INFO: Cleared 0 outdated sessions from the database  
[30-Apr-2024 10:20:02 UTC] cron.INFO: Finished executing cron jobs  
[30-Apr-2024 10:25:01 UTC] cron.INFO: Started executing cron jobs  
[30-Apr-2024 10:25:01 UTC] cron.INFO: Pruned the filesystem cache  
[30-Apr-2024 10:25:01 UTC] cron.INFO: Executed action to try cover unpaid invoices with client credits  
[30-Apr-2024 10:25:01 UTC] cron.INFO: Executed action to activate paid invoices  
[30-Apr-2024 10:25:01 UTC] cron.INFO: Cleared 0 outdated sessions from the database  
[30-Apr-2024 10:25:01 UTC] cron.INFO: Finished executing cron jobs  
[30-Apr-2024 10:30:01 UTC] cron.INFO: Started executing cron jobs  
[30-Apr-2024 10:30:02 UTC] cron.INFO: Pruned the filesystem cache  
[30-Apr-2024 10:30:02 UTC] cron.INFO: Executed action to try cover unpaid invoices with client credits  
[30-Apr-2024 10:30:02 UTC] cron.INFO: Executed action to activate paid invoices  
[30-Apr-2024 10:30:02 UTC] cron.INFO: Cleared 0 outdated sessions from the database  
[30-Apr-2024 10:30:02 UTC] cron.INFO: Finished executing cron jobs  
[30-Apr-2024 10:35:01 UTC] cron.INFO: Started executing cron jobs  
[30-Apr-2024 10:35:02 UTC] cron.INFO: Pruned the filesystem cache  
[30-Apr-2024 10:35:02 UTC] cron.INFO: Executed action to try cover unpaid invoices with client credits  
[30-Apr-2024 10:35:02 UTC] cron.INFO: Executed action to activate paid invoices  
[30-Apr-2024 10:35:02 UTC] cron.INFO: Cleared 0 outdated sessions from the database  
[30-Apr-2024 10:35:02 UTC] cron.INFO: Finished executing cron jobs  
[30-Apr-2024 10:40:01 UTC] cron.INFO: Started executing cron jobs  
[30-Apr-2024 10:40:01 UTC] cron.INFO: Pruned the filesystem cache  
[30-Apr-2024 10:40:01 UTC] cron.INFO: Executed action to try cover unpaid invoices with client credits  
[30-Apr-2024 10:40:01 UTC] cron.INFO: Executed action to activate paid invoices  
[30-Apr-2024 10:40:01 UTC] cron.INFO: Cleared 0 outdated sessions from the database  
[30-Apr-2024 10:40:01 UTC] cron.INFO: Finished executing cron jobs  
[30-Apr-2024 10:45:02 UTC] cron.INFO: Started executing cron jobs  
[30-Apr-2024 10:45:02 UTC] cron.INFO: Pruned the filesystem cache  
[30-Apr-2024 10:45:02 UTC] cron.INFO: Executed action to try cover unpaid invoices with client credits  
[30-Apr-2024 10:45:02 UTC] cron.INFO: Executed action to activate paid invoices  
[30-Apr-2024 10:45:02 UTC] cron.INFO: Cleared 0 outdated sessions from the database  
[30-Apr-2024 10:45:02 UTC] cron.INFO: Finished executing cron jobs  
[30-Apr-2024 10:50:01 UTC] cron.INFO: Started executing cron jobs  
[30-Apr-2024 10:50:02 UTC] cron.INFO: Pruned the filesystem cache  
[30-Apr-2024 10:50:02 UTC] cron.INFO: Executed action to try cover unpaid invoices with client credits  
[30-Apr-2024 10:50:02 UTC] cron.INFO: Executed action to activate paid invoices  
[30-Apr-2024 10:50:02 UTC] cron.INFO: Cleared 0 outdated sessions from the database  
[30-Apr-2024 10:50:02 UTC] cron.INFO: Finished executing cron jobs  
[30-Apr-2024 10:55:01 UTC] cron.INFO: Started executing cron jobs  
[30-Apr-2024 10:55:01 UTC] cron.INFO: Pruned the filesystem cache  
[30-Apr-2024 10:55:01 UTC] cron.INFO: Executed action to try cover unpaid invoices with client credits  
[30-Apr-2024 10:55:01 UTC] cron.INFO: Executed action to activate paid invoices  
[30-Apr-2024 10:55:01 UTC] cron.INFO: Cleared 0 outdated sessions from the database  
[30-Apr-2024 10:55:02 UTC] cron.INFO: Finished executing cron jobs  
[30-Apr-2024 11:00:01 UTC] cron.INFO: Started executing cron jobs  
[30-Apr-2024 11:00:01 UTC] cron.INFO: Pruned the filesystem cache  
[30-Apr-2024 11:00:01 UTC] cron.INFO: Executed action to try cover unpaid invoices with client credits  
[30-Apr-2024 11:00:01 UTC] cron.INFO: Executed action to activate paid invoices  
[30-Apr-2024 11:00:01 UTC] cron.INFO: Cleared 0 outdated sessions from the database  
[30-Apr-2024 11:00:01 UTC] cron.INFO: Finished executing cron jobs  
[30-Apr-2024 11:10:01 UTC] cron.INFO: Started executing cron jobs  
[30-Apr-2024 11:10:02 UTC] cron.INFO: Pruned the filesystem cache  
[30-Apr-2024 11:10:02 UTC] cron.INFO: Executed action to try cover unpaid invoices with client credits  
[30-Apr-2024 11:10:02 UTC] cron.INFO: Executed action to activate paid invoices  
[30-Apr-2024 11:10:02 UTC] cron.INFO: Cleared 0 outdated sessions from the database  
[30-Apr-2024 11:10:02 UTC] cron.INFO: Finished executing cron jobs  
