[27-Apr-2024 13:48:52 UTC] application.INFO: Installed new payment gateway Mollie ["Mollie"] 
[27-Apr-2024 13:53:59 UTC] application.INFO: Removed payment gateway 3 [3] 
[27-Apr-2024 13:54:04 UTC] application.INFO: Installed new payment gateway Revolut ["Revolut"] 
[27-Apr-2024 14:32:12 UTC] application.INFO: Removed payment gateway 4 [4] 
[27-Apr-2024 14:32:16 UTC] application.INFO: Installed new payment gateway Revolut ["Revolut"] 
[27-Apr-2024 14:32:43 UTC] application.INFO: Removed payment gateway 5 [5] 
[27-Apr-2024 15:54:50 UTC] application.INFO: Installed new payment gateway Revolut ["Revolut"] 
[27-Apr-2024 15:56:17 UTC] application.INFO: Updated payment gateway Revolut ["Revolut"] 
[27-Apr-2024 15:56:24 UTC] application.INFO: Updated payment gateway Revolut ["Revolut"] 
[27-Apr-2024 15:56:33 UTC] application.INFO: Updated payment gateway Revolut ["Revolut"] 
[27-Apr-2024 15:59:20 UTC] application.INFO: Removed payment gateway 6 [6] 
[27-Apr-2024 17:04:24 UTC] application.INFO: Changed default theme  
[27-Apr-2024 17:04:44 UTC] application.INFO: Changed default theme  
[27-Apr-2024 17:05:00 UTC] application.INFO: Changed default theme  
[27-Apr-2024 17:05:58 UTC] application.INFO: Changed default theme  
[27-Apr-2024 17:06:05 UTC] application.INFO: Changed default theme  
[27-Apr-2024 20:17:37 UTC] application.INFO: Create Proxmox server 1 ["1"] 
[27-Apr-2024 20:35:04 UTC] application.INFO: Create Proxmox server 2 ["2"] 
[27-Apr-2024 21:55:38 UTC] application.INFO: Create Proxmox server 3 ["3"] 
[27-Apr-2024 22:05:11 UTC] application.INFO: Update Proxmox server 3 [3] 
[27-Apr-2024 22:18:31 UTC] application.INFO: Update Proxmox server 3 [3] 
[27-Apr-2024 22:23:46 UTC] application.INFO: Update Proxmox server 3 [3] 
[27-Apr-2024 22:25:47 UTC] application.INFO: Update Proxmox server 3 [3] 
[27-Apr-2024 22:45:49 UTC] application.INFO: Logged out  
[27-Apr-2024 22:46:49 UTC] application.INFO: Created helpdesk #2 [2] 
[27-Apr-2024 22:47:06 UTC] application.INFO: Updated helpdesk #1 [1] 
[27-Apr-2024 22:49:14 UTC] application.INFO: Updated payment gateway PayPalEmail ["PayPalEmail"] 
[27-Apr-2024 22:56:17 UTC] application.INFO: Logged out  
[27-Apr-2024 23:01:39 UTC] application.INFO: Generated email templates for installed extensions  
