[26-Apr-2024 01:23:48 UTC] event.INFO: API REQUEST: <?xml version="1.0" encoding="UTF-8" standalone="no" ?>
<!DOCTYPE OPS_envelope SYSTEM "ops.dtd">
<OPS_envelope>
 <header>
  <version>0.9</version>
 </header>
 <body>
  <data_block>
   <dt_assoc>    <item key="action">LOOKUP</item>    <item key="object">DOMAIN</item>    <item key="protocol">XCP</item>    <item key="attributes">
     <dt_assoc>      <item key="domain">googleapi.com</item>      <item key="no_cache">1</item>      </dt_assoc>    </item>    </dt_assoc>
  </data_block>
 </body>
</OPS_envelope>  
[26-Apr-2024 01:23:49 UTC] event.INFO: API RESULT: <?xml version='1.0' encoding="UTF-8" standalone="no" ?>
<!DOCTYPE OPS_envelope SYSTEM "ops.dtd">
<OPS_envelope>
 <header>
  <version>0.9</version>
  </header>
 <body>
  <data_block>
   <dt_assoc>
    <item key="action">REPLY</item>
    <item key="object">DOMAIN</item>
    <item key="attributes">
     <dt_assoc>
      <item key="status">taken</item>
     </dt_assoc>
    </item>
    <item key="is_success">1</item>
    <item key="response_text">Domain taken</item>
    <item key="response_code">211</item>
    <item key="protocol">XCP</item>
   </dt_assoc>
  </data_block>
 </body>
</OPS_envelope>  
[26-Apr-2024 01:23:58 UTC] event.INFO: API REQUEST: <?xml version="1.0" encoding="UTF-8" standalone="no" ?>
<!DOCTYPE OPS_envelope SYSTEM "ops.dtd">
<OPS_envelope>
 <header>
  <version>0.9</version>
 </header>
 <body>
  <data_block>
   <dt_assoc>    <item key="action">LOOKUP</item>    <item key="object">DOMAIN</item>    <item key="protocol">XCP</item>    <item key="attributes">
     <dt_assoc>      <item key="domain">googleapip.com</item>      <item key="no_cache">1</item>      </dt_assoc>    </item>    </dt_assoc>
  </data_block>
 </body>
</OPS_envelope>  
[26-Apr-2024 01:23:59 UTC] event.INFO: API RESULT: <?xml version='1.0' encoding="UTF-8" standalone="no" ?>
<!DOCTYPE OPS_envelope SYSTEM "ops.dtd">
<OPS_envelope>
 <header>
  <version>0.9</version>
  </header>
 <body>
  <data_block>
   <dt_assoc>
    <item key="attributes">
     <dt_assoc>
      <item key="status">taken</item>
     </dt_assoc>
    </item>
    <item key="response_text">Domain taken</item>
    <item key="object">DOMAIN</item>
    <item key="is_success">1</item>
    <item key="protocol">XCP</item>
    <item key="action">REPLY</item>
    <item key="response_code">211</item>
   </dt_assoc>
  </data_block>
 </body>
</OPS_envelope>  
[26-Apr-2024 01:24:03 UTC] event.INFO: API REQUEST: <?xml version="1.0" encoding="UTF-8" standalone="no" ?>
<!DOCTYPE OPS_envelope SYSTEM "ops.dtd">
<OPS_envelope>
 <header>
  <version>0.9</version>
 </header>
 <body>
  <data_block>
   <dt_assoc>    <item key="action">LOOKUP</item>    <item key="object">DOMAIN</item>    <item key="protocol">XCP</item>    <item key="attributes">
     <dt_assoc>      <item key="domain">googleapipp.com</item>      <item key="no_cache">1</item>      </dt_assoc>    </item>    </dt_assoc>
  </data_block>
 </body>
</OPS_envelope>  
[26-Apr-2024 01:24:04 UTC] event.INFO: API RESULT: <?xml version='1.0' encoding="UTF-8" standalone="no" ?>
<!DOCTYPE OPS_envelope SYSTEM "ops.dtd">
<OPS_envelope>
 <header>
  <version>0.9</version>
  </header>
 <body>
  <data_block>
   <dt_assoc>
    <item key="response_text">Domain available</item>
    <item key="attributes">
     <dt_assoc>
      <item key="status">available</item>
     </dt_assoc>
    </item>
    <item key="response_code">210</item>
    <item key="action">REPLY</item>
    <item key="object">DOMAIN</item>
    <item key="is_success">1</item>
    <item key="protocol">XCP</item>
   </dt_assoc>
  </data_block>
 </body>
</OPS_envelope>  
[26-Apr-2024 01:24:04 UTC] event.INFO: Added "Domain registration and transfer" to shopping cart ["Domain registration and transfer"] 
[26-Apr-2024 01:24:19 UTC] event.INFO: Client #1 logged in [1] 
[26-Apr-2024 01:24:50 UTC] event.INFO: API REQUEST: <?xml version="1.0" encoding="UTF-8" standalone="no" ?>
<!DOCTYPE OPS_envelope SYSTEM "ops.dtd">
<OPS_envelope>
 <header>
  <version>0.9</version>
 </header>
 <body>
  <data_block>
   <dt_assoc>    <item key="action">LOOKUP</item>    <item key="object">DOMAIN</item>    <item key="protocol">XCP</item>    <item key="attributes">
     <dt_assoc>      <item key="domain">asdfoiuwejrfnw.com</item>      <item key="no_cache">1</item>      </dt_assoc>    </item>    </dt_assoc>
  </data_block>
 </body>
</OPS_envelope>  
[26-Apr-2024 01:24:51 UTC] event.INFO: API RESULT: <?xml version='1.0' encoding="UTF-8" standalone="no" ?>
<!DOCTYPE OPS_envelope SYSTEM "ops.dtd">
<OPS_envelope>
 <header>
  <version>0.9</version>
  </header>
 <body>
  <data_block>
   <dt_assoc>
    <item key="is_success">1</item>
    <item key="attributes">
     <dt_assoc>
      <item key="status">available</item>
     </dt_assoc>
    </item>
    <item key="response_text">Domain available</item>
    <item key="response_code">210</item>
    <item key="object">DOMAIN</item>
    <item key="action">REPLY</item>
    <item key="protocol">XCP</item>
   </dt_assoc>
  </data_block>
 </body>
</OPS_envelope>  
[26-Apr-2024 01:24:51 UTC] event.INFO: Added "Domain registration and transfer" to shopping cart ["Domain registration and transfer"] 
[26-Apr-2024 01:25:10 UTC] event.INFO: Prepared new invoice "1" [1] 
[26-Apr-2024 01:25:10 UTC] event.INFO: Approved invoice "1" ["1"] 
[26-Apr-2024 01:25:10 UTC] event.INFO: Checked out shopping cart  
[26-Apr-2024 01:25:20 UTC] event.INFO: Updated currency rates  
[26-Apr-2024 01:25:20 UTC] event.INFO: Executed action to send invoice payment reminders  
[26-Apr-2024 01:25:20 UTC] event.INFO: Executed action to suspend expired orders  
[26-Apr-2024 01:25:20 UTC] event.INFO: Executed action to delete expired clients password reminders  
[26-Apr-2024 01:25:20 UTC] event.INFO: Executed action to clear expired shopping carts from database  
[26-Apr-2024 01:25:55 UTC] event.INFO: Deleted order #1 [1] 
[26-Apr-2024 12:48:34 UTC] event.INFO: Client #1 logged in [1] 
[26-Apr-2024 12:49:32 UTC] event.INFO: Staff member 1 logged in  
[26-Apr-2024 13:24:19 UTC] event.INFO: API RESULT: <?xml version='1.0' encoding="UTF-8" standalone="no" ?>
<!DOCTYPE OPS_envelope SYSTEM "ops.dtd">
<OPS_envelope>
 <header>
  <version>0.9</version>
  </header>
 <body>
  <data_block>
   <dt_assoc>
    <item key="attributes">
     <dt_assoc>
      <item key="status">available</item>
     </dt_assoc>
    </item>
    <item key="object">DOMAIN</item>
    <item key="protocol">XCP</item>
    <item key="action">REPLY</item>
    <item key="is_success">1</item>
    <item key="response_code">210</item>
    <item key="response_text">Domain available</item>
   </dt_assoc>
  </data_block>
 </body>
</OPS_envelope>  
[26-Apr-2024 13:24:19 UTC] event.INFO: Added "Domain registration and transfer" to shopping cart ["Domain registration and transfer"] 
[26-Apr-2024 14:56:51 UTC] event.INFO: Staff member 1 logged in  
[26-Apr-2024 15:22:37 UTC] event.INFO: Updated currency rates  
[26-Apr-2024 15:22:37 UTC] event.INFO: Executed action to send invoice payment reminders  
[26-Apr-2024 15:22:37 UTC] event.INFO: Executed action to suspend expired orders  
[26-Apr-2024 15:22:37 UTC] event.INFO: Executed action to delete expired clients password reminders  
[26-Apr-2024 15:22:37 UTC] event.INFO: Executed action to clear expired shopping carts from database  
[26-Apr-2024 15:26:33 UTC] event.INFO: Updated system general settings  
[26-Apr-2024 15:43:11 UTC] event.INFO: Client #1 logged in [1] 
[26-Apr-2024 15:48:28 UTC] event.INFO: Client #1 logged in [1] 
[26-Apr-2024 15:53:33 UTC] event.INFO: Updated system general settings  
[26-Apr-2024 16:17:05 UTC] event.INFO: Generated new API key  
[26-Apr-2024 16:17:09 UTC] event.INFO: Generated new API key  
[26-Apr-2024 16:17:16 UTC] event.INFO: Generated new API key  
[26-Apr-2024 16:18:30 UTC] event.INFO: Generated new API key  
[26-Apr-2024 16:18:37 UTC] event.INFO: Generated new API key  
[26-Apr-2024 16:21:45 UTC] event.INFO: Updated currency rates  
[26-Apr-2024 16:21:45 UTC] event.INFO: Executed action to send invoice payment reminders  
[26-Apr-2024 16:21:45 UTC] event.INFO: Executed action to suspend expired orders  
[26-Apr-2024 16:21:45 UTC] event.INFO: Executed action to delete expired clients password reminders  
[26-Apr-2024 16:21:45 UTC] event.INFO: Executed action to clear expired shopping carts from database  
[26-Apr-2024 16:22:01 UTC] event.INFO: Updated profile  
[26-Apr-2024 16:22:15 UTC] event.INFO: Generated new API key  
[26-Apr-2024 16:22:31 UTC] event.INFO: Generated new API key  
[26-Apr-2024 16:26:42 UTC] event.INFO: Staff member 1 logged in  
[26-Apr-2024 16:46:25 UTC] event.INFO: Updated currency rates  
[26-Apr-2024 16:46:25 UTC] event.INFO: Executed action to send invoice payment reminders  
[26-Apr-2024 16:46:25 UTC] event.INFO: Executed action to suspend expired orders  
[26-Apr-2024 16:46:25 UTC] event.INFO: Executed action to delete expired clients password reminders  
[26-Apr-2024 16:46:25 UTC] event.INFO: Executed action to clear expired shopping carts from database  
[26-Apr-2024 16:49:49 UTC] event.INFO: Removed invoice #1 [1] 
[26-Apr-2024 16:50:02 UTC] event.INFO: Updated currency rates  
[26-Apr-2024 16:50:02 UTC] event.INFO: Executed action to send invoice payment reminders  
[26-Apr-2024 16:50:02 UTC] event.INFO: Executed action to suspend expired orders  
[26-Apr-2024 16:50:02 UTC] event.INFO: Executed action to delete expired clients password reminders  
[26-Apr-2024 16:50:02 UTC] event.INFO: Executed action to clear expired shopping carts from database  
[26-Apr-2024 16:51:00 UTC] event.INFO: API RESULT: <?xml version='1.0' encoding="UTF-8" standalone="no" ?>
<!DOCTYPE OPS_envelope SYSTEM "ops.dtd">
<OPS_envelope>
 <header>
  <version>0.9</version>
  </header>
 <body>
  <data_block>
   <dt_assoc>
    <item key="response_code">210</item>
    <item key="object">DOMAIN</item>
    <item key="action">REPLY</item>
    <item key="response_text">Domain available</item>
    <item key="is_success">1</item>
    <item key="attributes">
     <dt_assoc>
      <item key="status">available</item>
     </dt_assoc>
    </item>
    <item key="protocol">XCP</item>
   </dt_assoc>
  </data_block>
 </body>
</OPS_envelope>  
[26-Apr-2024 16:51:00 UTC] event.INFO: Added "Domain registration and transfer" to shopping cart ["Domain registration and transfer"] 
[26-Apr-2024 16:55:01 UTC] event.INFO: Updated currency rates  
[26-Apr-2024 16:55:01 UTC] event.INFO: Executed action to send invoice payment reminders  
[26-Apr-2024 16:55:01 UTC] event.INFO: Executed action to suspend expired orders  
[26-Apr-2024 16:55:01 UTC] event.INFO: Executed action to delete expired clients password reminders  
[26-Apr-2024 16:55:01 UTC] event.INFO: Executed action to clear expired shopping carts from database  
[26-Apr-2024 16:58:29 UTC] event.INFO: Added "Domain registration and transfer" to shopping cart ["Domain registration and transfer"] 
[26-Apr-2024 17:00:02 UTC] event.INFO: Updated currency rates  
[26-Apr-2024 17:00:02 UTC] event.INFO: Executed action to send invoice payment reminders  
[26-Apr-2024 17:00:02 UTC] event.INFO: Executed action to suspend expired orders  
[26-Apr-2024 17:00:02 UTC] event.INFO: Executed action to delete expired clients password reminders  
[26-Apr-2024 17:00:02 UTC] event.INFO: Executed action to clear expired shopping carts from database  
[26-Apr-2024 17:05:02 UTC] event.INFO: Updated currency rates  
[26-Apr-2024 17:05:02 UTC] event.INFO: Executed action to send invoice payment reminders  
[26-Apr-2024 17:05:02 UTC] event.INFO: Executed action to suspend expired orders  
[26-Apr-2024 17:05:02 UTC] event.INFO: Executed action to delete expired clients password reminders  
[26-Apr-2024 17:05:02 UTC] event.INFO: Executed action to clear expired shopping carts from database  
[26-Apr-2024 17:10:01 UTC] event.INFO: Updated currency rates  
[26-Apr-2024 17:10:01 UTC] event.INFO: Executed action to send invoice payment reminders  
[26-Apr-2024 17:10:01 UTC] event.INFO: Executed action to suspend expired orders  
[26-Apr-2024 17:10:01 UTC] event.INFO: Executed action to delete expired clients password reminders  
[26-Apr-2024 17:10:01 UTC] event.INFO: Executed action to clear expired shopping carts from database  
[26-Apr-2024 17:15:02 UTC] event.INFO: Updated currency rates  
[26-Apr-2024 17:15:02 UTC] event.INFO: Executed action to send invoice payment reminders  
[26-Apr-2024 17:15:02 UTC] event.INFO: Executed action to suspend expired orders  
[26-Apr-2024 17:15:02 UTC] event.INFO: Executed action to delete expired clients password reminders  
[26-Apr-2024 17:15:02 UTC] event.INFO: Executed action to clear expired shopping carts from database  
[26-Apr-2024 17:20:02 UTC] event.INFO: Updated currency rates  
[26-Apr-2024 17:20:02 UTC] event.INFO: Executed action to send invoice payment reminders  
[26-Apr-2024 17:20:02 UTC] event.INFO: Executed action to suspend expired orders  
[26-Apr-2024 17:20:02 UTC] event.INFO: Executed action to delete expired clients password reminders  
[26-Apr-2024 17:20:02 UTC] event.INFO: Executed action to clear expired shopping carts from database  
[26-Apr-2024 17:25:01 UTC] event.INFO: Updated currency rates  
[26-Apr-2024 17:25:01 UTC] event.INFO: Executed action to send invoice payment reminders  
[26-Apr-2024 17:25:01 UTC] event.INFO: Executed action to suspend expired orders  
[26-Apr-2024 17:25:01 UTC] event.INFO: Executed action to delete expired clients password reminders  
[26-Apr-2024 17:25:01 UTC] event.INFO: Executed action to clear expired shopping carts from database  
[26-Apr-2024 17:30:02 UTC] event.INFO: Updated currency rates  
[26-Apr-2024 17:30:02 UTC] event.INFO: Executed action to send invoice payment reminders  
[26-Apr-2024 17:30:02 UTC] event.INFO: Executed action to suspend expired orders  
[26-Apr-2024 17:30:02 UTC] event.INFO: Executed action to delete expired clients password reminders  
[26-Apr-2024 17:30:02 UTC] event.INFO: Executed action to clear expired shopping carts from database  
[26-Apr-2024 17:35:01 UTC] event.INFO: Updated currency rates  
[26-Apr-2024 17:35:02 UTC] event.INFO: Executed action to send invoice payment reminders  
[26-Apr-2024 17:35:02 UTC] event.INFO: Executed action to suspend expired orders  
[26-Apr-2024 17:35:02 UTC] event.INFO: Executed action to delete expired clients password reminders  
[26-Apr-2024 17:35:02 UTC] event.INFO: Executed action to clear expired shopping carts from database  
[26-Apr-2024 17:40:01 UTC] event.INFO: Updated currency rates  
[26-Apr-2024 17:40:01 UTC] event.INFO: Executed action to send invoice payment reminders  
[26-Apr-2024 17:40:01 UTC] event.INFO: Executed action to suspend expired orders  
[26-Apr-2024 17:40:01 UTC] event.INFO: Executed action to delete expired clients password reminders  
[26-Apr-2024 17:40:01 UTC] event.INFO: Executed action to clear expired shopping carts from database  
[26-Apr-2024 17:45:02 UTC] event.INFO: Updated currency rates  
[26-Apr-2024 17:45:02 UTC] event.INFO: Executed action to send invoice payment reminders  
[26-Apr-2024 17:45:02 UTC] event.INFO: Executed action to suspend expired orders  
[26-Apr-2024 17:45:02 UTC] event.INFO: Executed action to delete expired clients password reminders  
[26-Apr-2024 17:45:02 UTC] event.INFO: Executed action to clear expired shopping carts from database  
[26-Apr-2024 17:50:01 UTC] event.INFO: Updated currency rates  
[26-Apr-2024 17:50:01 UTC] event.INFO: Executed action to send invoice payment reminders  
[26-Apr-2024 17:50:01 UTC] event.INFO: Executed action to suspend expired orders  
[26-Apr-2024 17:50:01 UTC] event.INFO: Executed action to delete expired clients password reminders  
[26-Apr-2024 17:50:01 UTC] event.INFO: Executed action to clear expired shopping carts from database  
[26-Apr-2024 17:55:02 UTC] event.INFO: Updated currency rates  
[26-Apr-2024 17:55:02 UTC] event.INFO: Executed action to send invoice payment reminders  
[26-Apr-2024 17:55:02 UTC] event.INFO: Executed action to suspend expired orders  
[26-Apr-2024 17:55:02 UTC] event.INFO: Executed action to delete expired clients password reminders  
[26-Apr-2024 17:55:02 UTC] event.INFO: Executed action to clear expired shopping carts from database  
[26-Apr-2024 18:00:02 UTC] event.INFO: Updated currency rates  
[26-Apr-2024 18:00:02 UTC] event.INFO: Executed action to send invoice payment reminders  
[26-Apr-2024 18:00:02 UTC] event.INFO: Executed action to suspend expired orders  
[26-Apr-2024 18:00:02 UTC] event.INFO: Executed action to delete expired clients password reminders  
[26-Apr-2024 18:00:02 UTC] event.INFO: Executed action to clear expired shopping carts from database  
[26-Apr-2024 18:05:01 UTC] event.INFO: Updated currency rates  
[26-Apr-2024 18:05:01 UTC] event.INFO: Executed action to send invoice payment reminders  
[26-Apr-2024 18:05:01 UTC] event.INFO: Executed action to suspend expired orders  
[26-Apr-2024 18:05:01 UTC] event.INFO: Executed action to delete expired clients password reminders  
[26-Apr-2024 18:05:01 UTC] event.INFO: Executed action to clear expired shopping carts from database  
[26-Apr-2024 18:10:02 UTC] event.INFO: Updated currency rates  
[26-Apr-2024 18:10:02 UTC] event.INFO: Executed action to send invoice payment reminders  
[26-Apr-2024 18:10:02 UTC] event.INFO: Executed action to suspend expired orders  
[26-Apr-2024 18:10:02 UTC] event.INFO: Executed action to delete expired clients password reminders  
[26-Apr-2024 18:10:02 UTC] event.INFO: Executed action to clear expired shopping carts from database  
[26-Apr-2024 18:15:01 UTC] event.INFO: Updated currency rates  
[26-Apr-2024 18:15:01 UTC] event.INFO: Executed action to send invoice payment reminders  
[26-Apr-2024 18:15:01 UTC] event.INFO: Executed action to suspend expired orders  
[26-Apr-2024 18:15:01 UTC] event.INFO: Executed action to delete expired clients password reminders  
[26-Apr-2024 18:15:01 UTC] event.INFO: Executed action to clear expired shopping carts from database  
[26-Apr-2024 18:20:01 UTC] event.INFO: Updated currency rates  
[26-Apr-2024 18:20:01 UTC] event.INFO: Executed action to send invoice payment reminders  
[26-Apr-2024 18:20:01 UTC] event.INFO: Executed action to suspend expired orders  
[26-Apr-2024 18:20:01 UTC] event.INFO: Executed action to delete expired clients password reminders  
[26-Apr-2024 18:20:01 UTC] event.INFO: Executed action to clear expired shopping carts from database  
[26-Apr-2024 18:25:02 UTC] event.INFO: Updated currency rates  
[26-Apr-2024 18:25:02 UTC] event.INFO: Executed action to send invoice payment reminders  
[26-Apr-2024 18:25:02 UTC] event.INFO: Executed action to suspend expired orders  
[26-Apr-2024 18:25:02 UTC] event.INFO: Executed action to delete expired clients password reminders  
[26-Apr-2024 18:25:02 UTC] event.INFO: Executed action to clear expired shopping carts from database  
[26-Apr-2024 18:30:01 UTC] event.INFO: Updated currency rates  
[26-Apr-2024 18:30:01 UTC] event.INFO: Executed action to send invoice payment reminders  
[26-Apr-2024 18:30:01 UTC] event.INFO: Executed action to suspend expired orders  
[26-Apr-2024 18:30:01 UTC] event.INFO: Executed action to delete expired clients password reminders  
[26-Apr-2024 18:30:01 UTC] event.INFO: Executed action to clear expired shopping carts from database  
[26-Apr-2024 18:35:02 UTC] event.INFO: Updated currency rates  
[26-Apr-2024 18:35:02 UTC] event.INFO: Executed action to send invoice payment reminders  
[26-Apr-2024 18:35:02 UTC] event.INFO: Executed action to suspend expired orders  
[26-Apr-2024 18:35:02 UTC] event.INFO: Executed action to delete expired clients password reminders  
[26-Apr-2024 18:35:02 UTC] event.INFO: Executed action to clear expired shopping carts from database  
[26-Apr-2024 18:40:02 UTC] event.INFO: Updated currency rates  
[26-Apr-2024 18:40:02 UTC] event.INFO: Executed action to send invoice payment reminders  
[26-Apr-2024 18:40:02 UTC] event.INFO: Executed action to suspend expired orders  
[26-Apr-2024 18:40:02 UTC] event.INFO: Executed action to delete expired clients password reminders  
[26-Apr-2024 18:40:02 UTC] event.INFO: Executed action to clear expired shopping carts from database  
[26-Apr-2024 18:45:01 UTC] event.INFO: Updated currency rates  
[26-Apr-2024 18:45:01 UTC] event.INFO: Executed action to send invoice payment reminders  
[26-Apr-2024 18:45:01 UTC] event.INFO: Executed action to suspend expired orders  
[26-Apr-2024 18:45:01 UTC] event.INFO: Executed action to delete expired clients password reminders  
[26-Apr-2024 18:45:01 UTC] event.INFO: Executed action to clear expired shopping carts from database  
[26-Apr-2024 18:50:02 UTC] event.INFO: Updated currency rates  
[26-Apr-2024 18:50:02 UTC] event.INFO: Executed action to send invoice payment reminders  
[26-Apr-2024 18:50:02 UTC] event.INFO: Executed action to suspend expired orders  
[26-Apr-2024 18:50:02 UTC] event.INFO: Executed action to delete expired clients password reminders  
[26-Apr-2024 18:50:02 UTC] event.INFO: Executed action to clear expired shopping carts from database  
[26-Apr-2024 18:55:01 UTC] event.INFO: Updated currency rates  
[26-Apr-2024 18:55:01 UTC] event.INFO: Executed action to send invoice payment reminders  
[26-Apr-2024 18:55:01 UTC] event.INFO: Executed action to suspend expired orders  
[26-Apr-2024 18:55:02 UTC] event.INFO: Executed action to delete expired clients password reminders  
[26-Apr-2024 18:55:02 UTC] event.INFO: Executed action to clear expired shopping carts from database  
[26-Apr-2024 19:00:01 UTC] event.INFO: Updated currency rates  
[26-Apr-2024 19:00:01 UTC] event.INFO: Executed action to send invoice payment reminders  
[26-Apr-2024 19:00:01 UTC] event.INFO: Executed action to suspend expired orders  
[26-Apr-2024 19:00:01 UTC] event.INFO: Executed action to delete expired clients password reminders  
[26-Apr-2024 19:00:01 UTC] event.INFO: Executed action to clear expired shopping carts from database  
[26-Apr-2024 19:05:02 UTC] event.INFO: Updated currency rates  
[26-Apr-2024 19:05:02 UTC] event.INFO: Executed action to send invoice payment reminders  
[26-Apr-2024 19:05:02 UTC] event.INFO: Executed action to suspend expired orders  
[26-Apr-2024 19:05:02 UTC] event.INFO: Executed action to delete expired clients password reminders  
[26-Apr-2024 19:05:02 UTC] event.INFO: Executed action to clear expired shopping carts from database  
[26-Apr-2024 19:10:01 UTC] event.INFO: Updated currency rates  
[26-Apr-2024 19:10:01 UTC] event.INFO: Executed action to send invoice payment reminders  
[26-Apr-2024 19:10:01 UTC] event.INFO: Executed action to suspend expired orders  
[26-Apr-2024 19:10:01 UTC] event.INFO: Executed action to delete expired clients password reminders  
[26-Apr-2024 19:10:01 UTC] event.INFO: Executed action to clear expired shopping carts from database  
[26-Apr-2024 19:15:02 UTC] event.INFO: Updated currency rates  
[26-Apr-2024 19:15:02 UTC] event.INFO: Executed action to send invoice payment reminders  
[26-Apr-2024 19:15:02 UTC] event.INFO: Executed action to suspend expired orders  
[26-Apr-2024 19:15:02 UTC] event.INFO: Executed action to delete expired clients password reminders  
[26-Apr-2024 19:15:02 UTC] event.INFO: Executed action to clear expired shopping carts from database  
[26-Apr-2024 19:20:02 UTC] event.INFO: Updated currency rates  
[26-Apr-2024 19:20:02 UTC] event.INFO: Executed action to send invoice payment reminders  
[26-Apr-2024 19:20:02 UTC] event.INFO: Executed action to suspend expired orders  
[26-Apr-2024 19:20:02 UTC] event.INFO: Executed action to delete expired clients password reminders  
[26-Apr-2024 19:20:02 UTC] event.INFO: Executed action to clear expired shopping carts from database  
[26-Apr-2024 19:25:01 UTC] event.INFO: Updated currency rates  
[26-Apr-2024 19:25:01 UTC] event.INFO: Executed action to send invoice payment reminders  
[26-Apr-2024 19:25:01 UTC] event.INFO: Executed action to suspend expired orders  
[26-Apr-2024 19:25:01 UTC] event.INFO: Executed action to delete expired clients password reminders  
[26-Apr-2024 19:25:01 UTC] event.INFO: Executed action to clear expired shopping carts from database  
[26-Apr-2024 19:30:02 UTC] event.INFO: Updated currency rates  
[26-Apr-2024 19:30:02 UTC] event.INFO: Executed action to send invoice payment reminders  
[26-Apr-2024 19:30:02 UTC] event.INFO: Executed action to suspend expired orders  
[26-Apr-2024 19:30:02 UTC] event.INFO: Executed action to delete expired clients password reminders  
[26-Apr-2024 19:30:02 UTC] event.INFO: Executed action to clear expired shopping carts from database  
[26-Apr-2024 19:35:01 UTC] event.INFO: Updated currency rates  
[26-Apr-2024 19:35:01 UTC] event.INFO: Executed action to send invoice payment reminders  
[26-Apr-2024 19:35:01 UTC] event.INFO: Executed action to suspend expired orders  
[26-Apr-2024 19:35:01 UTC] event.INFO: Executed action to delete expired clients password reminders  
[26-Apr-2024 19:35:01 UTC] event.INFO: Executed action to clear expired shopping carts from database  
[26-Apr-2024 19:40:01 UTC] event.INFO: Updated currency rates  
[26-Apr-2024 19:40:01 UTC] event.INFO: Executed action to send invoice payment reminders  
[26-Apr-2024 19:40:01 UTC] event.INFO: Executed action to suspend expired orders  
[26-Apr-2024 19:40:01 UTC] event.INFO: Executed action to delete expired clients password reminders  
[26-Apr-2024 19:40:01 UTC] event.INFO: Executed action to clear expired shopping carts from database  
[26-Apr-2024 19:45:02 UTC] event.INFO: Updated currency rates  
[26-Apr-2024 19:45:02 UTC] event.INFO: Executed action to send invoice payment reminders  
[26-Apr-2024 19:45:02 UTC] event.INFO: Executed action to suspend expired orders  
[26-Apr-2024 19:45:02 UTC] event.INFO: Executed action to delete expired clients password reminders  
[26-Apr-2024 19:45:02 UTC] event.INFO: Executed action to clear expired shopping carts from database  
[26-Apr-2024 19:50:01 UTC] event.INFO: Updated currency rates  
[26-Apr-2024 19:50:01 UTC] event.INFO: Executed action to send invoice payment reminders  
[26-Apr-2024 19:50:01 UTC] event.INFO: Executed action to suspend expired orders  
[26-Apr-2024 19:50:01 UTC] event.INFO: Executed action to delete expired clients password reminders  
[26-Apr-2024 19:50:01 UTC] event.INFO: Executed action to clear expired shopping carts from database  
[26-Apr-2024 19:55:02 UTC] event.INFO: Updated currency rates  
[26-Apr-2024 19:55:02 UTC] event.INFO: Executed action to send invoice payment reminders  
[26-Apr-2024 19:55:02 UTC] event.INFO: Executed action to suspend expired orders  
[26-Apr-2024 19:55:02 UTC] event.INFO: Executed action to delete expired clients password reminders  
[26-Apr-2024 19:55:02 UTC] event.INFO: Executed action to clear expired shopping carts from database  
[26-Apr-2024 20:00:02 UTC] event.INFO: Updated currency rates  
[26-Apr-2024 20:00:02 UTC] event.INFO: Executed action to send invoice payment reminders  
[26-Apr-2024 20:00:02 UTC] event.INFO: Executed action to suspend expired orders  
[26-Apr-2024 20:00:02 UTC] event.INFO: Executed action to delete expired clients password reminders  
[26-Apr-2024 20:00:02 UTC] event.INFO: Executed action to clear expired shopping carts from database  
[26-Apr-2024 20:05:01 UTC] event.INFO: Updated currency rates  
[26-Apr-2024 20:05:01 UTC] event.INFO: Executed action to send invoice payment reminders  
[26-Apr-2024 20:05:01 UTC] event.INFO: Executed action to suspend expired orders  
[26-Apr-2024 20:05:01 UTC] event.INFO: Executed action to delete expired clients password reminders  
[26-Apr-2024 20:05:01 UTC] event.INFO: Executed action to clear expired shopping carts from database  
[26-Apr-2024 20:10:02 UTC] event.INFO: Updated currency rates  
[26-Apr-2024 20:10:02 UTC] event.INFO: Executed action to send invoice payment reminders  
[26-Apr-2024 20:10:02 UTC] event.INFO: Executed action to suspend expired orders  
[26-Apr-2024 20:10:02 UTC] event.INFO: Executed action to delete expired clients password reminders  
[26-Apr-2024 20:10:02 UTC] event.INFO: Executed action to clear expired shopping carts from database  
[26-Apr-2024 20:15:01 UTC] event.INFO: Updated currency rates  
[26-Apr-2024 20:15:01 UTC] event.INFO: Executed action to send invoice payment reminders  
[26-Apr-2024 20:15:01 UTC] event.INFO: Executed action to suspend expired orders  
[26-Apr-2024 20:15:01 UTC] event.INFO: Executed action to delete expired clients password reminders  
[26-Apr-2024 20:15:01 UTC] event.INFO: Executed action to clear expired shopping carts from database  
[26-Apr-2024 20:20:01 UTC] event.INFO: Updated currency rates  
[26-Apr-2024 20:20:01 UTC] event.INFO: Executed action to send invoice payment reminders  
[26-Apr-2024 20:20:01 UTC] event.INFO: Executed action to suspend expired orders  
[26-Apr-2024 20:20:01 UTC] event.INFO: Executed action to delete expired clients password reminders  
[26-Apr-2024 20:20:01 UTC] event.INFO: Executed action to clear expired shopping carts from database  
[26-Apr-2024 20:25:02 UTC] event.INFO: Updated currency rates  
[26-Apr-2024 20:25:02 UTC] event.INFO: Executed action to send invoice payment reminders  
[26-Apr-2024 20:25:02 UTC] event.INFO: Executed action to suspend expired orders  
[26-Apr-2024 20:25:02 UTC] event.INFO: Executed action to delete expired clients password reminders  
[26-Apr-2024 20:25:02 UTC] event.INFO: Executed action to clear expired shopping carts from database  
[26-Apr-2024 20:30:01 UTC] event.INFO: Updated currency rates  
[26-Apr-2024 20:30:01 UTC] event.INFO: Executed action to send invoice payment reminders  
[26-Apr-2024 20:30:01 UTC] event.INFO: Executed action to suspend expired orders  
[26-Apr-2024 20:30:01 UTC] event.INFO: Executed action to delete expired clients password reminders  
[26-Apr-2024 20:30:01 UTC] event.INFO: Executed action to clear expired shopping carts from database  
[26-Apr-2024 20:35:02 UTC] event.INFO: Updated currency rates  
[26-Apr-2024 20:35:02 UTC] event.INFO: Executed action to send invoice payment reminders  
[26-Apr-2024 20:35:02 UTC] event.INFO: Executed action to invoke invoice due event  
[26-Apr-2024 20:35:02 UTC] event.INFO: Executed action to suspend expired orders  
[26-Apr-2024 20:35:02 UTC] event.INFO: Executed action to delete expired clients password reminders  
[26-Apr-2024 20:35:02 UTC] event.INFO: Executed action to clear expired shopping carts from database  
[26-Apr-2024 20:40:02 UTC] event.INFO: Updated currency rates  
[26-Apr-2024 20:40:02 UTC] event.INFO: Executed action to send invoice payment reminders  
[26-Apr-2024 20:40:02 UTC] event.INFO: Executed action to suspend expired orders  
[26-Apr-2024 20:40:02 UTC] event.INFO: Executed action to delete expired clients password reminders  
[26-Apr-2024 20:40:02 UTC] event.INFO: Executed action to clear expired shopping carts from database  
[26-Apr-2024 20:45:01 UTC] event.INFO: Updated currency rates  
[26-Apr-2024 20:45:01 UTC] event.INFO: Executed action to send invoice payment reminders  
[26-Apr-2024 20:45:01 UTC] event.INFO: Executed action to suspend expired orders  
[26-Apr-2024 20:45:01 UTC] event.INFO: Executed action to delete expired clients password reminders  
[26-Apr-2024 20:45:01 UTC] event.INFO: Executed action to clear expired shopping carts from database  
[26-Apr-2024 20:50:02 UTC] event.INFO: Updated currency rates  
[26-Apr-2024 20:50:02 UTC] event.INFO: Executed action to send invoice payment reminders  
[26-Apr-2024 20:50:02 UTC] event.INFO: Executed action to suspend expired orders  
[26-Apr-2024 20:50:02 UTC] event.INFO: Executed action to delete expired clients password reminders  
[26-Apr-2024 20:50:02 UTC] event.INFO: Executed action to clear expired shopping carts from database  
[26-Apr-2024 20:55:01 UTC] event.INFO: Updated currency rates  
[26-Apr-2024 20:55:02 UTC] event.INFO: Executed action to send invoice payment reminders  
[26-Apr-2024 20:55:02 UTC] event.INFO: Executed action to suspend expired orders  
[26-Apr-2024 20:55:02 UTC] event.INFO: Executed action to delete expired clients password reminders  
[26-Apr-2024 20:55:02 UTC] event.INFO: Executed action to clear expired shopping carts from database  
[26-Apr-2024 21:00:01 UTC] event.INFO: Updated currency rates  
[26-Apr-2024 21:00:01 UTC] event.INFO: Executed action to send invoice payment reminders  
[26-Apr-2024 21:00:01 UTC] event.INFO: Executed action to suspend expired orders  
[26-Apr-2024 21:00:01 UTC] event.INFO: Executed action to delete expired clients password reminders  
[26-Apr-2024 21:00:01 UTC] event.INFO: Executed action to clear expired shopping carts from database  
[26-Apr-2024 21:05:02 UTC] event.INFO: Updated currency rates  
[26-Apr-2024 21:05:02 UTC] event.INFO: Executed action to send invoice payment reminders  
[26-Apr-2024 21:05:02 UTC] event.INFO: Executed action to suspend expired orders  
[26-Apr-2024 21:05:02 UTC] event.INFO: Executed action to delete expired clients password reminders  
[26-Apr-2024 21:05:02 UTC] event.INFO: Executed action to clear expired shopping carts from database  
[26-Apr-2024 21:10:01 UTC] event.INFO: Updated currency rates  
[26-Apr-2024 21:10:01 UTC] event.INFO: Executed action to send invoice payment reminders  
[26-Apr-2024 21:10:01 UTC] event.INFO: Executed action to suspend expired orders  
[26-Apr-2024 21:10:01 UTC] event.INFO: Executed action to delete expired clients password reminders  
[26-Apr-2024 21:10:01 UTC] event.INFO: Executed action to clear expired shopping carts from database  
[26-Apr-2024 21:15:02 UTC] event.INFO: Updated currency rates  
[26-Apr-2024 21:15:02 UTC] event.INFO: Executed action to send invoice payment reminders  
[26-Apr-2024 21:15:02 UTC] event.INFO: Executed action to suspend expired orders  
[26-Apr-2024 21:15:02 UTC] event.INFO: Executed action to delete expired clients password reminders  
[26-Apr-2024 21:15:02 UTC] event.INFO: Executed action to clear expired shopping carts from database  
[26-Apr-2024 21:20:02 UTC] event.INFO: Updated currency rates  
[26-Apr-2024 21:20:02 UTC] event.INFO: Executed action to send invoice payment reminders  
[26-Apr-2024 21:20:02 UTC] event.INFO: Executed action to suspend expired orders  
[26-Apr-2024 21:20:02 UTC] event.INFO: Executed action to delete expired clients password reminders  
[26-Apr-2024 21:20:02 UTC] event.INFO: Executed action to clear expired shopping carts from database  
[26-Apr-2024 21:25:01 UTC] event.INFO: Updated currency rates  
[26-Apr-2024 21:25:01 UTC] event.INFO: Executed action to send invoice payment reminders  
[26-Apr-2024 21:25:01 UTC] event.INFO: Executed action to suspend expired orders  
[26-Apr-2024 21:25:01 UTC] event.INFO: Executed action to delete expired clients password reminders  
[26-Apr-2024 21:25:01 UTC] event.INFO: Executed action to clear expired shopping carts from database  
[26-Apr-2024 21:30:02 UTC] event.INFO: Updated currency rates  
[26-Apr-2024 21:30:02 UTC] event.INFO: Executed action to send invoice payment reminders  
[26-Apr-2024 21:30:02 UTC] event.INFO: Executed action to suspend expired orders  
[26-Apr-2024 21:30:02 UTC] event.INFO: Executed action to delete expired clients password reminders  
[26-Apr-2024 21:30:02 UTC] event.INFO: Executed action to clear expired shopping carts from database  
[26-Apr-2024 21:35:02 UTC] event.INFO: Updated currency rates  
[26-Apr-2024 21:35:02 UTC] event.INFO: Executed action to send invoice payment reminders  
[26-Apr-2024 21:35:02 UTC] event.INFO: Executed action to suspend expired orders  
[26-Apr-2024 21:35:02 UTC] event.INFO: Executed action to delete expired clients password reminders  
[26-Apr-2024 21:35:02 UTC] event.INFO: Executed action to clear expired shopping carts from database  
[26-Apr-2024 21:40:01 UTC] event.INFO: Updated currency rates  
[26-Apr-2024 21:40:01 UTC] event.INFO: Executed action to send invoice payment reminders  
[26-Apr-2024 21:40:01 UTC] event.INFO: Executed action to suspend expired orders  
[26-Apr-2024 21:40:01 UTC] event.INFO: Executed action to delete expired clients password reminders  
[26-Apr-2024 21:40:01 UTC] event.INFO: Executed action to clear expired shopping carts from database  
[26-Apr-2024 21:45:02 UTC] event.INFO: Updated currency rates  
[26-Apr-2024 21:45:02 UTC] event.INFO: Executed action to send invoice payment reminders  
[26-Apr-2024 21:45:02 UTC] event.INFO: Executed action to suspend expired orders  
[26-Apr-2024 21:45:02 UTC] event.INFO: Executed action to delete expired clients password reminders  
[26-Apr-2024 21:45:02 UTC] event.INFO: Executed action to clear expired shopping carts from database  
[26-Apr-2024 21:50:02 UTC] event.INFO: Updated currency rates  
[26-Apr-2024 21:50:02 UTC] event.INFO: Executed action to send invoice payment reminders  
[26-Apr-2024 21:50:02 UTC] event.INFO: Executed action to suspend expired orders  
[26-Apr-2024 21:50:02 UTC] event.INFO: Executed action to delete expired clients password reminders  
[26-Apr-2024 21:50:02 UTC] event.INFO: Executed action to clear expired shopping carts from database  
[26-Apr-2024 21:55:01 UTC] event.INFO: Updated currency rates  
[26-Apr-2024 21:55:01 UTC] event.INFO: Executed action to send invoice payment reminders  
[26-Apr-2024 21:55:01 UTC] event.INFO: Executed action to suspend expired orders  
[26-Apr-2024 21:55:01 UTC] event.INFO: Executed action to delete expired clients password reminders  
[26-Apr-2024 21:55:01 UTC] event.INFO: Executed action to clear expired shopping carts from database  
[26-Apr-2024 22:00:02 UTC] event.INFO: Updated currency rates  
[26-Apr-2024 22:00:02 UTC] event.INFO: Executed action to send invoice payment reminders  
[26-Apr-2024 22:00:02 UTC] event.INFO: Executed action to suspend expired orders  
[26-Apr-2024 22:00:02 UTC] event.INFO: Executed action to delete expired clients password reminders  
[26-Apr-2024 22:00:02 UTC] event.INFO: Executed action to clear expired shopping carts from database  
[26-Apr-2024 22:05:01 UTC] event.INFO: Updated currency rates  
[26-Apr-2024 22:05:01 UTC] event.INFO: Executed action to send invoice payment reminders  
[26-Apr-2024 22:05:01 UTC] event.INFO: Executed action to suspend expired orders  
[26-Apr-2024 22:05:01 UTC] event.INFO: Executed action to delete expired clients password reminders  
[26-Apr-2024 22:05:01 UTC] event.INFO: Executed action to clear expired shopping carts from database  
[26-Apr-2024 22:10:01 UTC] event.INFO: Updated currency rates  
[26-Apr-2024 22:10:01 UTC] event.INFO: Executed action to send invoice payment reminders  
[26-Apr-2024 22:10:01 UTC] event.INFO: Executed action to suspend expired orders  
[26-Apr-2024 22:10:01 UTC] event.INFO: Executed action to delete expired clients password reminders  
[26-Apr-2024 22:10:01 UTC] event.INFO: Executed action to clear expired shopping carts from database  
[26-Apr-2024 22:15:02 UTC] event.INFO: Updated currency rates  
[26-Apr-2024 22:15:02 UTC] event.INFO: Executed action to send invoice payment reminders  
[26-Apr-2024 22:15:02 UTC] event.INFO: Executed action to suspend expired orders  
[26-Apr-2024 22:15:02 UTC] event.INFO: Executed action to delete expired clients password reminders  
[26-Apr-2024 22:15:02 UTC] event.INFO: Executed action to clear expired shopping carts from database  
[26-Apr-2024 22:20:01 UTC] event.INFO: Updated currency rates  
[26-Apr-2024 22:20:01 UTC] event.INFO: Executed action to send invoice payment reminders  
[26-Apr-2024 22:20:01 UTC] event.INFO: Executed action to suspend expired orders  
[26-Apr-2024 22:20:01 UTC] event.INFO: Executed action to delete expired clients password reminders  
[26-Apr-2024 22:20:01 UTC] event.INFO: Executed action to clear expired shopping carts from database  
[26-Apr-2024 22:25:02 UTC] event.INFO: Updated currency rates  
[26-Apr-2024 22:25:02 UTC] event.INFO: Executed action to send invoice payment reminders  
[26-Apr-2024 22:25:02 UTC] event.INFO: Executed action to suspend expired orders  
[26-Apr-2024 22:25:02 UTC] event.INFO: Executed action to delete expired clients password reminders  
[26-Apr-2024 22:25:02 UTC] event.INFO: Executed action to clear expired shopping carts from database  
[26-Apr-2024 22:30:02 UTC] event.INFO: Updated currency rates  
[26-Apr-2024 22:30:02 UTC] event.INFO: Executed action to send invoice payment reminders  
[26-Apr-2024 22:30:02 UTC] event.INFO: Executed action to suspend expired orders  
[26-Apr-2024 22:30:02 UTC] event.INFO: Executed action to delete expired clients password reminders  
[26-Apr-2024 22:30:02 UTC] event.INFO: Executed action to clear expired shopping carts from database  
[26-Apr-2024 22:35:01 UTC] event.INFO: Updated currency rates  
[26-Apr-2024 22:35:01 UTC] event.INFO: Executed action to send invoice payment reminders  
[26-Apr-2024 22:35:01 UTC] event.INFO: Executed action to suspend expired orders  
[26-Apr-2024 22:35:01 UTC] event.INFO: Executed action to delete expired clients password reminders  
[26-Apr-2024 22:35:01 UTC] event.INFO: Executed action to clear expired shopping carts from database  
[26-Apr-2024 22:40:02 UTC] event.INFO: Updated currency rates  
[26-Apr-2024 22:40:02 UTC] event.INFO: Executed action to send invoice payment reminders  
[26-Apr-2024 22:40:02 UTC] event.INFO: Executed action to suspend expired orders  
[26-Apr-2024 22:40:02 UTC] event.INFO: Executed action to delete expired clients password reminders  
[26-Apr-2024 22:40:02 UTC] event.INFO: Executed action to clear expired shopping carts from database  
[26-Apr-2024 22:45:01 UTC] event.INFO: Updated currency rates  
[26-Apr-2024 22:45:01 UTC] event.INFO: Executed action to send invoice payment reminders  
[26-Apr-2024 22:45:01 UTC] event.INFO: Executed action to suspend expired orders  
[26-Apr-2024 22:45:01 UTC] event.INFO: Executed action to delete expired clients password reminders  
[26-Apr-2024 22:45:01 UTC] event.INFO: Executed action to clear expired shopping carts from database  
[26-Apr-2024 22:50:01 UTC] event.INFO: Updated currency rates  
[26-Apr-2024 22:50:01 UTC] event.INFO: Executed action to send invoice payment reminders  
[26-Apr-2024 22:50:01 UTC] event.INFO: Executed action to suspend expired orders  
[26-Apr-2024 22:50:01 UTC] event.INFO: Executed action to delete expired clients password reminders  
[26-Apr-2024 22:50:01 UTC] event.INFO: Executed action to clear expired shopping carts from database  
[26-Apr-2024 22:55:02 UTC] event.INFO: Updated currency rates  
[26-Apr-2024 22:55:02 UTC] event.INFO: Executed action to send invoice payment reminders  
[26-Apr-2024 22:55:02 UTC] event.INFO: Executed action to suspend expired orders  
[26-Apr-2024 22:55:02 UTC] event.INFO: Executed action to delete expired clients password reminders  
[26-Apr-2024 22:55:02 UTC] event.INFO: Executed action to clear expired shopping carts from database  
[26-Apr-2024 23:00:01 UTC] event.INFO: Updated currency rates  
[26-Apr-2024 23:00:01 UTC] event.INFO: Executed action to send invoice payment reminders  
[26-Apr-2024 23:00:01 UTC] event.INFO: Executed action to suspend expired orders  
[26-Apr-2024 23:00:01 UTC] event.INFO: Executed action to delete expired clients password reminders  
[26-Apr-2024 23:00:01 UTC] event.INFO: Executed action to clear expired shopping carts from database  
[26-Apr-2024 23:05:02 UTC] event.INFO: Updated currency rates  
[26-Apr-2024 23:05:02 UTC] event.INFO: Executed action to send invoice payment reminders  
[26-Apr-2024 23:05:02 UTC] event.INFO: Executed action to suspend expired orders  
[26-Apr-2024 23:05:02 UTC] event.INFO: Executed action to delete expired clients password reminders  
[26-Apr-2024 23:05:02 UTC] event.INFO: Executed action to clear expired shopping carts from database  
[26-Apr-2024 23:10:02 UTC] event.INFO: Updated currency rates  
[26-Apr-2024 23:10:02 UTC] event.INFO: Executed action to send invoice payment reminders  
[26-Apr-2024 23:10:02 UTC] event.INFO: Executed action to suspend expired orders  
[26-Apr-2024 23:10:02 UTC] event.INFO: Executed action to delete expired clients password reminders  
[26-Apr-2024 23:10:02 UTC] event.INFO: Executed action to clear expired shopping carts from database  
[26-Apr-2024 23:15:01 UTC] event.INFO: Updated currency rates  
[26-Apr-2024 23:15:01 UTC] event.INFO: Executed action to send invoice payment reminders  
[26-Apr-2024 23:15:01 UTC] event.INFO: Executed action to suspend expired orders  
[26-Apr-2024 23:15:01 UTC] event.INFO: Executed action to delete expired clients password reminders  
[26-Apr-2024 23:15:01 UTC] event.INFO: Executed action to clear expired shopping carts from database  
[26-Apr-2024 23:20:02 UTC] event.INFO: Updated currency rates  
[26-Apr-2024 23:20:02 UTC] event.INFO: Executed action to send invoice payment reminders  
[26-Apr-2024 23:20:02 UTC] event.INFO: Executed action to suspend expired orders  
[26-Apr-2024 23:20:02 UTC] event.INFO: Executed action to delete expired clients password reminders  
[26-Apr-2024 23:20:02 UTC] event.INFO: Executed action to clear expired shopping carts from database  
[26-Apr-2024 23:25:01 UTC] event.INFO: Updated currency rates  
[26-Apr-2024 23:25:01 UTC] event.INFO: Executed action to send invoice payment reminders  
[26-Apr-2024 23:25:02 UTC] event.INFO: Executed action to suspend expired orders  
[26-Apr-2024 23:25:02 UTC] event.INFO: Executed action to delete expired clients password reminders  
[26-Apr-2024 23:25:02 UTC] event.INFO: Executed action to clear expired shopping carts from database  
[26-Apr-2024 23:30:01 UTC] event.INFO: Updated currency rates  
[26-Apr-2024 23:30:01 UTC] event.INFO: Executed action to send invoice payment reminders  
[26-Apr-2024 23:30:01 UTC] event.INFO: Executed action to suspend expired orders  
[26-Apr-2024 23:30:01 UTC] event.INFO: Executed action to delete expired clients password reminders  
[26-Apr-2024 23:30:01 UTC] event.INFO: Executed action to clear expired shopping carts from database  
[26-Apr-2024 23:35:02 UTC] event.INFO: Updated currency rates  
[26-Apr-2024 23:35:02 UTC] event.INFO: Executed action to send invoice payment reminders  
[26-Apr-2024 23:35:02 UTC] event.INFO: Executed action to suspend expired orders  
[26-Apr-2024 23:35:02 UTC] event.INFO: Executed action to delete expired clients password reminders  
[26-Apr-2024 23:35:02 UTC] event.INFO: Executed action to clear expired shopping carts from database  
[26-Apr-2024 23:40:01 UTC] event.INFO: Updated currency rates  
[26-Apr-2024 23:40:01 UTC] event.INFO: Executed action to send invoice payment reminders  
[26-Apr-2024 23:40:01 UTC] event.INFO: Executed action to suspend expired orders  
[26-Apr-2024 23:40:01 UTC] event.INFO: Executed action to delete expired clients password reminders  
[26-Apr-2024 23:40:01 UTC] event.INFO: Executed action to clear expired shopping carts from database  
[26-Apr-2024 23:45:02 UTC] event.INFO: Updated currency rates  
[26-Apr-2024 23:45:02 UTC] event.INFO: Executed action to send invoice payment reminders  
[26-Apr-2024 23:45:02 UTC] event.INFO: Executed action to suspend expired orders  
[26-Apr-2024 23:45:02 UTC] event.INFO: Executed action to delete expired clients password reminders  
[26-Apr-2024 23:45:02 UTC] event.INFO: Executed action to clear expired shopping carts from database  
[26-Apr-2024 23:50:02 UTC] event.INFO: Updated currency rates  
[26-Apr-2024 23:50:02 UTC] event.INFO: Executed action to send invoice payment reminders  
[26-Apr-2024 23:50:02 UTC] event.INFO: Executed action to suspend expired orders  
[26-Apr-2024 23:50:02 UTC] event.INFO: Executed action to delete expired clients password reminders  
[26-Apr-2024 23:50:02 UTC] event.INFO: Executed action to clear expired shopping carts from database  
[26-Apr-2024 23:55:01 UTC] event.INFO: Updated currency rates  
[26-Apr-2024 23:55:01 UTC] event.INFO: Executed action to send invoice payment reminders  
[26-Apr-2024 23:55:01 UTC] event.INFO: Executed action to suspend expired orders  
[26-Apr-2024 23:55:01 UTC] event.INFO: Executed action to delete expired clients password reminders  
[26-Apr-2024 23:55:01 UTC] event.INFO: Executed action to clear expired shopping carts from database  
