[26-Apr-2024 00:11:33 UTC] routing.INFO: Page /request_uri/ not found  
[26-Apr-2024 00:28:15 UTC] routing.INFO: Unable to find template "mod_page_favicon.ico" (looked into: /var/www/themes/tide/html_custom, /var/www/themes/tide/html, /var/www/modules/Page/html_client).  
[26-Apr-2024 00:28:15 UTC] routing.INFO: Page /favicon.ico not found  
[26-Apr-2024 00:37:01 UTC] routing.INFO: Page /request_uri/ not found  
[26-Apr-2024 00:56:00 UTC] routing.INFO: Page /request_uri/ not found  
[26-Apr-2024 01:22:39 UTC] routing.INFO: Page /request_uri/ not found  
[26-Apr-2024 01:23:16 UTC] routing.INFO: Unable to find template "mod_page_apple-touch-icon-precomposed.png" (looked into: /var/www/themes/tide/html_custom, /var/www/themes/tide/html, /var/www/modules/Page/html_client).  
[26-Apr-2024 01:23:16 UTC] routing.INFO: Page /apple-touch-icon-precomposed.png not found  
[26-Apr-2024 01:23:16 UTC] routing.INFO: Unable to find template "mod_page_apple-touch-icon.png" (looked into: /var/www/themes/tide/html_custom, /var/www/themes/tide/html, /var/www/modules/Page/html_client).  
[26-Apr-2024 01:23:16 UTC] routing.INFO: Page /apple-touch-icon.png not found  
[26-Apr-2024 02:48:15 UTC] routing.INFO: Page /pBt6 not found  
[26-Apr-2024 02:48:15 UTC] routing.INFO: Page /vGVJ not found  
[26-Apr-2024 02:48:16 UTC] routing.INFO: Unable to find template "mod_page_aab8.html.twig" (looked into: /var/www/themes/tide/html_custom, /var/www/themes/tide/html, /var/www/modules/Page/html_client).  
[26-Apr-2024 02:48:16 UTC] routing.INFO: Page /aab8 not found  
[26-Apr-2024 02:48:16 UTC] routing.INFO: Unable to find template "mod_page_jquery-3.3.1.slim.min.js" (looked into: /var/www/themes/tide/html_custom, /var/www/themes/tide/html, /var/www/modules/Page/html_client).  
[26-Apr-2024 02:48:16 UTC] routing.INFO: Page /jquery-3.3.1.slim.min.js not found  
[26-Apr-2024 02:48:17 UTC] routing.INFO: Unable to find template "mod_page_aab9.html.twig" (looked into: /var/www/themes/tide/html_custom, /var/www/themes/tide/html, /var/www/modules/Page/html_client).  
[26-Apr-2024 02:48:17 UTC] routing.INFO: Page /aab9 not found  
[26-Apr-2024 02:48:17 UTC] routing.INFO: Unable to find template "mod_page_jquery-3.3.2.slim.min.js" (looked into: /var/www/themes/tide/html_custom, /var/www/themes/tide/html, /var/www/modules/Page/html_client).  
[26-Apr-2024 02:48:17 UTC] routing.INFO: Page /jquery-3.3.2.slim.min.js not found  
[26-Apr-2024 03:37:34 UTC] routing.INFO: Page /request_uri not found  
[26-Apr-2024 04:36:20 UTC] routing.INFO: Page /request_uri not found  
[26-Apr-2024 04:41:27 UTC] routing.INFO: Unable to find template "mod_page_favicon.ico" (looked into: /var/www/themes/tide/html_custom, /var/www/themes/tide/html, /var/www/modules/Page/html_client).  
[26-Apr-2024 04:41:27 UTC] routing.INFO: Page /favicon.ico not found  
[26-Apr-2024 05:38:31 UTC] routing.INFO: Unable to find template "mod_page_favicon.ico" (looked into: /var/www/themes/tide/html_custom, /var/www/themes/tide/html, /var/www/modules/Page/html_client).  
[26-Apr-2024 05:38:31 UTC] routing.INFO: Page /favicon.ico not found  
[26-Apr-2024 05:41:57 UTC] routing.INFO: Page /request_uri/ not found  
[26-Apr-2024 06:54:08 UTC] routing.INFO: Page /request_uri/ not found  
[26-Apr-2024 07:42:38 UTC] routing.INFO: Page /request_uri/ not found  
[26-Apr-2024 08:50:06 UTC] routing.INFO: Unable to find template "mod_page_web.config" (looked into: /var/www/themes/tide/html_custom, /var/www/themes/tide/html, /var/www/modules/Page/html_client).  
[26-Apr-2024 08:50:06 UTC] routing.INFO: Page /web.config not found  
[26-Apr-2024 08:50:06 UTC] routing.INFO: Unable to find template "mod_page_feed.html.twig" (looked into: /var/www/themes/tide/html_custom, /var/www/themes/tide/html, /var/www/modules/Page/html_client).  
[26-Apr-2024 08:50:06 UTC] routing.INFO: Page /feed not found  
[26-Apr-2024 08:50:07 UTC] routing.INFO: Unable to find template "mod_page_backup.tar.gz" (looked into: /var/www/themes/tide/html_custom, /var/www/themes/tide/html, /var/www/modules/Page/html_client).  
[26-Apr-2024 08:50:07 UTC] routing.INFO: Page /backup.tar.gz not found  
[26-Apr-2024 08:50:07 UTC] routing.INFO: Unable to find template "mod_page_config.yml" (looked into: /var/www/themes/tide/html_custom, /var/www/themes/tide/html, /var/www/modules/Page/html_client).  
[26-Apr-2024 08:50:07 UTC] routing.INFO: Page /config.yml not found  
[26-Apr-2024 08:50:07 UTC] routing.INFO: Unable to find template "mod_page_backup.zip" (looked into: /var/www/themes/tide/html_custom, /var/www/themes/tide/html, /var/www/modules/Page/html_client).  
[26-Apr-2024 08:50:07 UTC] routing.INFO: Page /backup.zip not found  
[26-Apr-2024 08:50:08 UTC] routing.INFO: Unable to find template "mod_page_config.xml" (looked into: /var/www/themes/tide/html_custom, /var/www/themes/tide/html, /var/www/modules/Page/html_client).  
[26-Apr-2024 08:50:08 UTC] routing.INFO: Page /config.xml not found  
[26-Apr-2024 08:50:08 UTC] routing.INFO: Unable to find template "mod_page_config.yml" (looked into: /var/www/themes/tide/html_custom, /var/www/themes/tide/html, /var/www/modules/Page/html_client).  
[26-Apr-2024 08:50:08 UTC] routing.INFO: Page /config.yml not found  
[26-Apr-2024 08:58:45 UTC] routing.INFO: Page /request_uri/ not found  
[26-Apr-2024 08:58:59 UTC] routing.INFO: Unable to find template "mod_page_actuator_gateway_routes.html.twig" (looked into: /var/www/themes/tide/html_custom, /var/www/themes/tide/html, /var/www/modules/Page/html_client).  
[26-Apr-2024 08:58:59 UTC] routing.INFO: Page /actuator/gateway/routes not found  
[26-Apr-2024 10:06:31 UTC] routing.INFO: Unable to find template "mod_page_owa_auth_logon.aspx" (looked into: /var/www/themes/tide/html_custom, /var/www/themes/tide/html, /var/www/modules/Page/html_client).  
[26-Apr-2024 10:06:31 UTC] routing.INFO: Page /owa/auth/logon.aspx not found  
[26-Apr-2024 10:18:44 UTC] routing.INFO: Unable to find template "mod_page_favicon.ico" (looked into: /var/www/themes/tide/html_custom, /var/www/themes/tide/html, /var/www/modules/Page/html_client).  
[26-Apr-2024 10:18:44 UTC] routing.INFO: Page /favicon.ico not found  
[26-Apr-2024 10:48:56 UTC] routing.INFO: Page /request_uri/ not found  
[26-Apr-2024 12:24:33 UTC] routing.INFO: Page /request_uri/ not found  
[26-Apr-2024 12:34:38 UTC] routing.INFO: Page /request_uri/ not found  
[26-Apr-2024 13:56:11 UTC] routing.INFO: Page /request_uri/ not found  
[26-Apr-2024 13:57:41 UTC] routing.INFO: Unable to find template "mod_page_index.html" (looked into: /var/www/themes/tide/html_custom, /var/www/themes/tide/html, /var/www/modules/Page/html_client).  
[26-Apr-2024 13:57:41 UTC] routing.INFO: Page /index.html not found  
[26-Apr-2024 13:58:33 UTC] routing.INFO: Page /NoAuth/argus/arguscgi not found  
[26-Apr-2024 13:58:57 UTC] routing.INFO: Page /SelfService/0.Infobia-podpora.html not found  
[26-Apr-2024 14:03:31 UTC] routing.INFO: Page /request_uri/ not found  
[26-Apr-2024 14:03:55 UTC] routing.INFO: Page /request_uri not found  
[26-Apr-2024 14:58:30 UTC] routing.INFO: Page /jnK9 not found  
[26-Apr-2024 15:47:45 UTC] routing.INFO: Unable to find template "mod_page_c.html.twig" (looked into: /var/www/themes/tide/html_custom, /var/www/themes/tide/html, /var/www/modules/Page/html_client).  
[26-Apr-2024 15:47:45 UTC] routing.INFO: Page /c not found  
[26-Apr-2024 16:45:12 UTC] routing.INFO: Unable to find template "mod_page_autodiscover_autodiscover.json" (looked into: /var/www/themes/tide/html_custom, /var/www/themes/tide/html, /var/www/modules/Page/html_client).  
[26-Apr-2024 16:45:12 UTC] routing.INFO: Page /autodiscover/autodiscover.json not found  
[26-Apr-2024 18:54:38 UTC] routing.INFO: Page /Public/home/js/check.js not found  
[26-Apr-2024 18:54:39 UTC] routing.INFO: Unable to find template "mod_page_static_admin_javascript_hetong.js" (looked into: /var/www/themes/tide/html_custom, /var/www/themes/tide/html, /var/www/modules/Page/html_client).  
[26-Apr-2024 18:54:39 UTC] routing.INFO: Page /static/admin/javascript/hetong.js not found  
[26-Apr-2024 20:11:04 UTC] routing.INFO: Unable to find template "mod_page_favicon.ico" (looked into: /var/www/themes/tide/html_custom, /var/www/themes/tide/html, /var/www/modules/Page/html_client).  
[26-Apr-2024 20:11:04 UTC] routing.INFO: Page /favicon.ico not found  
[26-Apr-2024 20:12:02 UTC] routing.INFO: Unable to find template "mod_page_remote_login.html.twig" (looked into: /var/www/themes/tide/html_custom, /var/www/themes/tide/html, /var/www/modules/Page/html_client).  
[26-Apr-2024 20:12:02 UTC] routing.INFO: Page /remote/login not found  
[26-Apr-2024 20:59:33 UTC] routing.INFO: Page /Public/home/js/check.js not found  
[26-Apr-2024 20:59:35 UTC] routing.INFO: Unable to find template "mod_page_static_admin_javascript_hetong.js" (looked into: /var/www/themes/tide/html_custom, /var/www/themes/tide/html, /var/www/modules/Page/html_client).  
[26-Apr-2024 20:59:35 UTC] routing.INFO: Page /static/admin/javascript/hetong.js not found  
[26-Apr-2024 22:00:42 UTC] routing.INFO: Unable to find template "mod_page_favicon.ico" (looked into: /var/www/themes/tide/html_custom, /var/www/themes/tide/html, /var/www/modules/Page/html_client).  
[26-Apr-2024 22:00:42 UTC] routing.INFO: Page /favicon.ico not found  
