[27-Apr-2024 00:44:50 UTC] routing.INFO: Unable to find template "mod_page_webui_.html.twig" (looked into: /var/www/themes/tide/html_custom, /var/www/themes/tide/html, /var/www/modules/Page/html_client).  
[27-Apr-2024 00:44:50 UTC] routing.INFO: Page /webui/ not found  
[27-Apr-2024 00:57:44 UTC] routing.INFO: Unable to find template "mod_page_favicon.ico" (looked into: /var/www/themes/tide/html_custom, /var/www/themes/tide/html, /var/www/modules/Page/html_client).  
[27-Apr-2024 00:57:44 UTC] routing.INFO: Page /favicon.ico not found  
[27-Apr-2024 02:44:24 UTC] routing.INFO: Unable to find template "mod_page_namingo.slonic.net/themes/tide/assets/js/jquery-3.7.0.min.js" (looked into: /var/www/themes/tide/html_custom, /var/www/themes/tide/html, /var/www/modules/Page/html_client).  
[27-Apr-2024 02:44:24 UTC] routing.INFO: Page /namingo.slonic.net/themes/tide/assets/js/jquery-3.7.0.min.js not found  
[27-Apr-2024 02:44:25 UTC] routing.INFO: Unable to find template "mod_page_namingo.slonic.net/themes/tide/assets/js/bb-jquery.js" (looked into: /var/www/themes/tide/html_custom, /var/www/themes/tide/html, /var/www/modules/Page/html_client).  
[27-Apr-2024 02:44:25 UTC] routing.INFO: Page /namingo.slonic.net/themes/tide/assets/js/bb-jquery.js not found  
[27-Apr-2024 02:44:28 UTC] routing.INFO: Unable to find template "mod_page_namingo.slonic.net/themes/tide/assets/js/tabler.min.js" (looked into: /var/www/themes/tide/html_custom, /var/www/themes/tide/html, /var/www/modules/Page/html_client).  
[27-Apr-2024 02:44:28 UTC] routing.INFO: Page /namingo.slonic.net/themes/tide/assets/js/tabler.min.js not found  
[27-Apr-2024 03:18:12 UTC] routing.INFO: Unable to find template "mod_page_favicon.ico" (looked into: /var/www/themes/tide/html_custom, /var/www/themes/tide/html, /var/www/modules/Page/html_client).  
[27-Apr-2024 03:18:12 UTC] routing.INFO: Page /favicon.ico not found  
[27-Apr-2024 05:20:27 UTC] routing.INFO: Unable to find template "mod_page_dns-query.html.twig" (looked into: /var/www/themes/tide/html_custom, /var/www/themes/tide/html, /var/www/modules/Page/html_client).  
[27-Apr-2024 05:20:27 UTC] routing.INFO: Page /dns-query not found  
[27-Apr-2024 05:20:27 UTC] routing.INFO: Unable to find template "mod_page_dns-query.html.twig" (looked into: /var/www/themes/tide/html_custom, /var/www/themes/tide/html, /var/www/modules/Page/html_client).  
[27-Apr-2024 05:20:27 UTC] routing.INFO: Page /dns-query not found  
[27-Apr-2024 05:20:29 UTC] routing.INFO: Unable to find template "mod_page_dns-query.html.twig" (looked into: /var/www/themes/tide/html_custom, /var/www/themes/tide/html, /var/www/modules/Page/html_client).  
[27-Apr-2024 05:20:29 UTC] routing.INFO: Page /dns-query not found  
[27-Apr-2024 05:20:30 UTC] routing.INFO: Unable to find template "mod_page_dns-query.html.twig" (looked into: /var/www/themes/tide/html_custom, /var/www/themes/tide/html, /var/www/modules/Page/html_client).  
[27-Apr-2024 05:20:30 UTC] routing.INFO: Page /dns-query not found  
[27-Apr-2024 05:20:30 UTC] routing.INFO: Unable to find template "mod_page_dns-query.html.twig" (looked into: /var/www/themes/tide/html_custom, /var/www/themes/tide/html, /var/www/modules/Page/html_client).  
[27-Apr-2024 05:20:30 UTC] routing.INFO: Page /dns-query not found  
[27-Apr-2024 05:20:30 UTC] routing.INFO: Unable to find template "mod_page_dns-query.html.twig" (looked into: /var/www/themes/tide/html_custom, /var/www/themes/tide/html, /var/www/modules/Page/html_client).  
[27-Apr-2024 05:20:30 UTC] routing.INFO: Page /dns-query not found  
[27-Apr-2024 05:20:32 UTC] routing.INFO: Unable to find template "mod_page_query.html.twig" (looked into: /var/www/themes/tide/html_custom, /var/www/themes/tide/html, /var/www/modules/Page/html_client).  
[27-Apr-2024 05:20:32 UTC] routing.INFO: Page /query not found  
[27-Apr-2024 05:20:33 UTC] routing.INFO: Unable to find template "mod_page_query.html.twig" (looked into: /var/www/themes/tide/html_custom, /var/www/themes/tide/html, /var/www/modules/Page/html_client).  
[27-Apr-2024 05:20:33 UTC] routing.INFO: Page /query not found  
[27-Apr-2024 05:20:34 UTC] routing.INFO: Unable to find template "mod_page_query.html.twig" (looked into: /var/www/themes/tide/html_custom, /var/www/themes/tide/html, /var/www/modules/Page/html_client).  
[27-Apr-2024 05:20:34 UTC] routing.INFO: Page /query not found  
[27-Apr-2024 05:20:34 UTC] routing.INFO: Unable to find template "mod_page_query.html.twig" (looked into: /var/www/themes/tide/html_custom, /var/www/themes/tide/html, /var/www/modules/Page/html_client).  
[27-Apr-2024 05:20:34 UTC] routing.INFO: Page /query not found  
[27-Apr-2024 05:20:36 UTC] routing.INFO: Unable to find template "mod_page_query.html.twig" (looked into: /var/www/themes/tide/html_custom, /var/www/themes/tide/html, /var/www/modules/Page/html_client).  
[27-Apr-2024 05:20:36 UTC] routing.INFO: Page /query not found  
[27-Apr-2024 05:20:36 UTC] routing.INFO: Unable to find template "mod_page_query.html.twig" (looked into: /var/www/themes/tide/html_custom, /var/www/themes/tide/html, /var/www/modules/Page/html_client).  
[27-Apr-2024 05:20:36 UTC] routing.INFO: Page /query not found  
[27-Apr-2024 05:20:38 UTC] routing.INFO: Unable to find template "mod_page_resolve.html.twig" (looked into: /var/www/themes/tide/html_custom, /var/www/themes/tide/html, /var/www/modules/Page/html_client).  
[27-Apr-2024 05:20:38 UTC] routing.INFO: Page /resolve not found  
[27-Apr-2024 05:20:38 UTC] routing.INFO: Unable to find template "mod_page_resolve.html.twig" (looked into: /var/www/themes/tide/html_custom, /var/www/themes/tide/html, /var/www/modules/Page/html_client).  
[27-Apr-2024 05:20:38 UTC] routing.INFO: Page /resolve not found  
[27-Apr-2024 05:20:40 UTC] routing.INFO: Unable to find template "mod_page_resolve.html.twig" (looked into: /var/www/themes/tide/html_custom, /var/www/themes/tide/html, /var/www/modules/Page/html_client).  
[27-Apr-2024 05:20:40 UTC] routing.INFO: Page /resolve not found  
[27-Apr-2024 05:20:40 UTC] routing.INFO: Unable to find template "mod_page_resolve.html.twig" (looked into: /var/www/themes/tide/html_custom, /var/www/themes/tide/html, /var/www/modules/Page/html_client).  
[27-Apr-2024 05:20:40 UTC] routing.INFO: Page /resolve not found  
[27-Apr-2024 05:20:41 UTC] routing.INFO: Unable to find template "mod_page_resolve.html.twig" (looked into: /var/www/themes/tide/html_custom, /var/www/themes/tide/html, /var/www/modules/Page/html_client).  
[27-Apr-2024 05:20:41 UTC] routing.INFO: Page /resolve not found  
[27-Apr-2024 05:20:42 UTC] routing.INFO: Unable to find template "mod_page_resolve.html.twig" (looked into: /var/www/themes/tide/html_custom, /var/www/themes/tide/html, /var/www/modules/Page/html_client).  
[27-Apr-2024 05:20:42 UTC] routing.INFO: Page /resolve not found  
[27-Apr-2024 05:20:47 UTC] routing.INFO: Page  not found  
[27-Apr-2024 05:20:54 UTC] routing.INFO: Page  not found  
[27-Apr-2024 07:51:56 UTC] routing.INFO: Unable to find template "mod_page_namingo.slonic.net/themes/tide/assets/js/tabler.min.js" (looked into: /var/www/themes/tide/html_custom, /var/www/themes/tide/html, /var/www/modules/Page/html_client).  
[27-Apr-2024 07:51:56 UTC] routing.INFO: Page /namingo.slonic.net/themes/tide/assets/js/tabler.min.js not found  
[27-Apr-2024 07:51:57 UTC] routing.INFO: Unable to find template "mod_page_namingo.slonic.net/themes/tide/assets/js/bb-jquery.js" (looked into: /var/www/themes/tide/html_custom, /var/www/themes/tide/html, /var/www/modules/Page/html_client).  
[27-Apr-2024 07:51:57 UTC] routing.INFO: Page /namingo.slonic.net/themes/tide/assets/js/bb-jquery.js not found  
[27-Apr-2024 07:51:57 UTC] routing.INFO: Unable to find template "mod_page_namingo.slonic.net/themes/tide/assets/js/jquery-3.7.0.min.js" (looked into: /var/www/themes/tide/html_custom, /var/www/themes/tide/html, /var/www/modules/Page/html_client).  
[27-Apr-2024 07:51:57 UTC] routing.INFO: Page /namingo.slonic.net/themes/tide/assets/js/jquery-3.7.0.min.js not found  
[27-Apr-2024 07:51:57 UTC] routing.INFO: Page /namingo.slonic.net/library/Api/API.js not found  
[27-Apr-2024 07:52:12 UTC] routing.INFO: Unable to find template "mod_page_namingo.slonic.net/themes/tide/assets/js/tabler.min.js" (looked into: /var/www/themes/tide/html_custom, /var/www/themes/tide/html, /var/www/modules/Page/html_client).  
[27-Apr-2024 07:52:12 UTC] routing.INFO: Page /namingo.slonic.net/themes/tide/assets/js/tabler.min.js not found  
[27-Apr-2024 07:52:12 UTC] routing.INFO: Unable to find template "mod_page_namingo.slonic.net/themes/tide/assets/js/jquery-3.7.0.min.js" (looked into: /var/www/themes/tide/html_custom, /var/www/themes/tide/html, /var/www/modules/Page/html_client).  
[27-Apr-2024 07:52:12 UTC] routing.INFO: Page /namingo.slonic.net/themes/tide/assets/js/jquery-3.7.0.min.js not found  
[27-Apr-2024 07:52:13 UTC] routing.INFO: Page /namingo.slonic.net/library/Api/API.js not found  
[27-Apr-2024 07:52:14 UTC] routing.INFO: Unable to find template "mod_page_namingo.slonic.net/themes/tide/assets/js/bb-jquery.js" (looked into: /var/www/themes/tide/html_custom, /var/www/themes/tide/html, /var/www/modules/Page/html_client).  
[27-Apr-2024 07:52:14 UTC] routing.INFO: Page /namingo.slonic.net/themes/tide/assets/js/bb-jquery.js not found  
[27-Apr-2024 07:52:25 UTC] routing.INFO: Unable to find template "mod_page_namingo.slonic.net/themes/tide/assets/js/tabler.min.js" (looked into: /var/www/themes/tide/html_custom, /var/www/themes/tide/html, /var/www/modules/Page/html_client).  
[27-Apr-2024 07:52:25 UTC] routing.INFO: Page /namingo.slonic.net/themes/tide/assets/js/tabler.min.js not found  
[27-Apr-2024 07:52:26 UTC] routing.INFO: Page /namingo.slonic.net/library/Api/API.js not found  
[27-Apr-2024 07:52:26 UTC] routing.INFO: Unable to find template "mod_page_namingo.slonic.net/themes/tide/assets/js/bb-jquery.js" (looked into: /var/www/themes/tide/html_custom, /var/www/themes/tide/html, /var/www/modules/Page/html_client).  
[27-Apr-2024 07:52:26 UTC] routing.INFO: Page /namingo.slonic.net/themes/tide/assets/js/bb-jquery.js not found  
[27-Apr-2024 07:52:27 UTC] routing.INFO: Unable to find template "mod_page_namingo.slonic.net/themes/tide/assets/js/jquery-3.7.0.min.js" (looked into: /var/www/themes/tide/html_custom, /var/www/themes/tide/html, /var/www/modules/Page/html_client).  
[27-Apr-2024 07:52:27 UTC] routing.INFO: Page /namingo.slonic.net/themes/tide/assets/js/jquery-3.7.0.min.js not found  
[27-Apr-2024 07:52:39 UTC] routing.INFO: Unable to find template "mod_page_namingo.slonic.net/themes/tide/assets/js/tabler.min.js" (looked into: /var/www/themes/tide/html_custom, /var/www/themes/tide/html, /var/www/modules/Page/html_client).  
[27-Apr-2024 07:52:39 UTC] routing.INFO: Page /namingo.slonic.net/themes/tide/assets/js/tabler.min.js not found  
[27-Apr-2024 07:52:40 UTC] routing.INFO: Unable to find template "mod_page_namingo.slonic.net/themes/tide/assets/js/bb-jquery.js" (looked into: /var/www/themes/tide/html_custom, /var/www/themes/tide/html, /var/www/modules/Page/html_client).  
[27-Apr-2024 07:52:40 UTC] routing.INFO: Page /namingo.slonic.net/themes/tide/assets/js/bb-jquery.js not found  
[27-Apr-2024 07:52:41 UTC] routing.INFO: Page /namingo.slonic.net/library/Api/API.js not found  
[27-Apr-2024 07:52:42 UTC] routing.INFO: Unable to find template "mod_page_namingo.slonic.net/themes/tide/assets/js/jquery-3.7.0.min.js" (looked into: /var/www/themes/tide/html_custom, /var/www/themes/tide/html, /var/www/modules/Page/html_client).  
[27-Apr-2024 07:52:42 UTC] routing.INFO: Page /namingo.slonic.net/themes/tide/assets/js/jquery-3.7.0.min.js not found  
[27-Apr-2024 10:36:52 UTC] routing.INFO: Unable to find template "mod_page_owa_auth_x.js" (looked into: /var/www/themes/tide/html_custom, /var/www/themes/tide/html, /var/www/modules/Page/html_client).  
[27-Apr-2024 10:36:52 UTC] routing.INFO: Page /owa/auth/x.js not found  
[27-Apr-2024 12:20:47 UTC] routing.INFO: Page /cf_scripts/scripts/ajax/ckeditor/ckeditor.js not found  
[27-Apr-2024 13:03:42 UTC] routing.INFO: Unable to find template "mod_page_favicon.ico" (looked into: /var/www/themes/tide/html_custom, /var/www/themes/tide/html, /var/www/modules/Page/html_client).  
[27-Apr-2024 13:03:42 UTC] routing.INFO: Page /favicon.ico not found  
[27-Apr-2024 13:14:41 UTC] routing.INFO: Unable to find template "mod_page_favicon.ico" (looked into: /var/www/themes/tide/html_custom, /var/www/themes/tide/html, /var/www/modules/Page/html_client).  
[27-Apr-2024 13:14:41 UTC] routing.INFO: Page /favicon.ico not found  
[27-Apr-2024 13:33:11 UTC] routing.INFO: Unable to find template "mod_page_actuator_gateway_routes.html.twig" (looked into: /var/www/themes/tide/html_custom, /var/www/themes/tide/html, /var/www/modules/Page/html_client).  
[27-Apr-2024 13:33:11 UTC] routing.INFO: Page /actuator/gateway/routes not found  
[27-Apr-2024 13:44:03 UTC] routing.INFO: Unable to find template "mod_page_favicon.ico" (looked into: /var/www/themes/tide/html_custom, /var/www/themes/tide/html, /var/www/modules/Page/html_client).  
[27-Apr-2024 13:44:03 UTC] routing.INFO: Page /favicon.ico not found  
[27-Apr-2024 19:54:30 UTC] routing.INFO: Unable to find template "mod_page_nmaplowercheck1714247670.html.twig" (looked into: /var/www/themes/infobia/html_custom, /var/www/themes/infobia/html, /var/www/modules/Page/html_client).  
[27-Apr-2024 19:54:30 UTC] routing.INFO: Unable to find template "mod_page_sdk.html.twig" (looked into: /var/www/themes/infobia/html_custom, /var/www/themes/infobia/html, /var/www/modules/Page/html_client).  
[27-Apr-2024 19:54:30 UTC] routing.INFO: Page /nmaplowercheck1714247670 not found  
[27-Apr-2024 19:54:30 UTC] routing.INFO: Page /sdk not found  
[27-Apr-2024 19:54:30 UTC] routing.INFO: Unable to find template "mod_page_evox_about.html.twig" (looked into: /var/www/themes/infobia/html_custom, /var/www/themes/infobia/html, /var/www/modules/Page/html_client).  
[27-Apr-2024 19:54:30 UTC] routing.INFO: Page /evox/about not found  
[27-Apr-2024 19:54:30 UTC] routing.INFO: Page /HNAP1 not found  
[27-Apr-2024 19:54:31 UTC] routing.INFO: Page  not found  
[27-Apr-2024 19:57:06 UTC] routing.INFO: Unable to find template "mod_page_favicon.ico" (looked into: /var/www/themes/infobia/html_custom, /var/www/themes/infobia/html, /var/www/modules/Page/html_client).  
[27-Apr-2024 19:57:06 UTC] routing.INFO: Page /favicon.ico not found  
[27-Apr-2024 20:04:15 UTC] routing.INFO: Unable to find template "mod_page_favicon.ico" (looked into: /var/www/themes/infobia/html_custom, /var/www/themes/infobia/html, /var/www/modules/Page/html_client).  
[27-Apr-2024 20:04:15 UTC] routing.INFO: Page /favicon.ico not found  
[27-Apr-2024 20:12:27 UTC] routing.INFO: Page /WebInterface/ not found  
[27-Apr-2024 20:17:38 UTC] routing.INFO: Page /themes/admin_default/images/icons/dark/signal.png not found  
[27-Apr-2024 20:17:38 UTC] routing.INFO: Page /themes/admin_default/images/icons/dark/cog.png not found  
[27-Apr-2024 20:17:38 UTC] routing.INFO: Page /themes/admin_default/images/icons/dark/pencil.png not found  
[27-Apr-2024 20:17:38 UTC] routing.INFO: Page /themes/admin_default/images/icons/dark/trash.png not found  
[27-Apr-2024 20:35:04 UTC] routing.INFO: Page /themes/admin_default/images/icons/dark/signal.png not found  
[27-Apr-2024 20:35:04 UTC] routing.INFO: Page /themes/admin_default/images/icons/dark/pencil.png not found  
[27-Apr-2024 20:35:04 UTC] routing.INFO: Page /themes/admin_default/images/icons/dark/cog.png not found  
[27-Apr-2024 20:35:04 UTC] routing.INFO: Page /themes/admin_default/images/icons/dark/trash.png not found  
[27-Apr-2024 20:38:41 UTC] routing.INFO: Page /themes/admin_default/images/icons/dark/cog.png not found  
[27-Apr-2024 20:38:41 UTC] routing.INFO: Page /themes/admin_default/images/icons/dark/pencil.png not found  
[27-Apr-2024 20:38:41 UTC] routing.INFO: Page /themes/admin_default/images/icons/dark/signal.png not found  
[27-Apr-2024 20:38:41 UTC] routing.INFO: Page /themes/admin_default/images/icons/dark/trash.png not found  
[27-Apr-2024 20:38:43 UTC] routing.INFO: Page /serviceproxmox/server/ not found  
[27-Apr-2024 20:38:45 UTC] routing.INFO: Page /themes/admin_default/images/icons/dark/signal.png not found  
[27-Apr-2024 20:38:45 UTC] routing.INFO: Page /themes/admin_default/images/icons/dark/cog.png not found  
[27-Apr-2024 20:38:45 UTC] routing.INFO: Page /themes/admin_default/images/icons/dark/pencil.png not found  
[27-Apr-2024 20:38:45 UTC] routing.INFO: Page /themes/admin_default/images/icons/dark/trash.png not found  
[27-Apr-2024 20:39:42 UTC] routing.INFO: Page /themes/admin_default/images/icons/dark/signal.png not found  
[27-Apr-2024 20:39:42 UTC] routing.INFO: Page /themes/admin_default/images/icons/dark/cog.png not found  
[27-Apr-2024 20:39:42 UTC] routing.INFO: Page /themes/admin_default/images/icons/dark/pencil.png not found  
[27-Apr-2024 20:39:42 UTC] routing.INFO: Page /themes/admin_default/images/icons/dark/trash.png not found  
[27-Apr-2024 20:39:52 UTC] routing.INFO: Page /themes/admin_default/images/icons/dark/cog.png not found  
[27-Apr-2024 20:39:52 UTC] routing.INFO: Page /themes/admin_default/images/icons/dark/signal.png not found  
[27-Apr-2024 20:39:52 UTC] routing.INFO: Page /themes/admin_default/images/icons/dark/pencil.png not found  
[27-Apr-2024 20:39:52 UTC] routing.INFO: Page /themes/admin_default/images/icons/dark/trash.png not found  
[27-Apr-2024 20:40:00 UTC] routing.INFO: Page /themes/admin_default/images/icons/dark/cog.png not found  
[27-Apr-2024 20:40:00 UTC] routing.INFO: Page /themes/admin_default/images/icons/dark/signal.png not found  
[27-Apr-2024 20:40:00 UTC] routing.INFO: Page /themes/admin_default/images/icons/dark/pencil.png not found  
[27-Apr-2024 20:40:00 UTC] routing.INFO: Page /themes/admin_default/images/icons/dark/trash.png not found  
[27-Apr-2024 20:42:20 UTC] routing.INFO: Page /themes/admin_default/images/icons/dark/signal.png not found  
[27-Apr-2024 20:42:20 UTC] routing.INFO: Page /themes/admin_default/images/icons/dark/cog.png not found  
[27-Apr-2024 20:42:20 UTC] routing.INFO: Page /themes/admin_default/images/icons/dark/pencil.png not found  
[27-Apr-2024 20:42:20 UTC] routing.INFO: Page /themes/admin_default/images/icons/dark/trash.png not found  
[27-Apr-2024 20:42:21 UTC] routing.INFO: Page /themes/admin_default/images/icons/dark/signal.png not found  
[27-Apr-2024 20:42:21 UTC] routing.INFO: Page /themes/admin_default/images/icons/dark/cog.png not found  
[27-Apr-2024 20:42:21 UTC] routing.INFO: Page /themes/admin_default/images/icons/dark/pencil.png not found  
[27-Apr-2024 20:42:21 UTC] routing.INFO: Page /themes/admin_default/images/icons/dark/trash.png not found  
[27-Apr-2024 20:42:22 UTC] routing.INFO: Page /themes/admin_default/images/icons/dark/signal.png not found  
[27-Apr-2024 20:42:22 UTC] routing.INFO: Page /themes/admin_default/images/icons/dark/cog.png not found  
[27-Apr-2024 20:42:22 UTC] routing.INFO: Page /themes/admin_default/images/icons/dark/pencil.png not found  
[27-Apr-2024 20:42:22 UTC] routing.INFO: Page /themes/admin_default/images/icons/dark/trash.png not found  
[27-Apr-2024 20:42:40 UTC] routing.INFO: Page /themes/admin_default/images/icons/dark/cog.png not found  
[27-Apr-2024 20:42:40 UTC] routing.INFO: Page /themes/admin_default/images/icons/dark/signal.png not found  
[27-Apr-2024 20:42:40 UTC] routing.INFO: Page /themes/admin_default/images/icons/dark/pencil.png not found  
[27-Apr-2024 20:42:40 UTC] routing.INFO: Page /themes/admin_default/images/icons/dark/trash.png not found  
[27-Apr-2024 20:44:12 UTC] routing.INFO: Page /themes/admin_default/images/icons/dark/signal.png not found  
[27-Apr-2024 20:44:12 UTC] routing.INFO: Page /themes/admin_default/images/icons/dark/cog.png not found  
[27-Apr-2024 20:44:12 UTC] routing.INFO: Page /themes/admin_default/images/icons/dark/pencil.png not found  
[27-Apr-2024 20:44:12 UTC] routing.INFO: Page /themes/admin_default/images/icons/dark/trash.png not found  
[27-Apr-2024 20:44:35 UTC] routing.INFO: Page /themes/admin_default/images/icons/dark/cog.png not found  
[27-Apr-2024 20:44:35 UTC] routing.INFO: Page /themes/admin_default/images/icons/dark/signal.png not found  
[27-Apr-2024 20:44:35 UTC] routing.INFO: Page /themes/admin_default/images/icons/dark/pencil.png not found  
[27-Apr-2024 20:44:35 UTC] routing.INFO: Page /themes/admin_default/images/icons/dark/trash.png not found  
[27-Apr-2024 20:46:00 UTC] routing.INFO: Page /themes/admin_default/images/icons/dark/cog.png not found  
[27-Apr-2024 20:46:00 UTC] routing.INFO: Page /themes/admin_default/images/icons/dark/signal.png not found  
[27-Apr-2024 20:46:00 UTC] routing.INFO: Page /themes/admin_default/images/icons/dark/pencil.png not found  
[27-Apr-2024 20:46:00 UTC] routing.INFO: Page /themes/admin_default/images/icons/dark/trash.png not found  
[27-Apr-2024 20:47:43 UTC] routing.INFO: Page /themes/admin_default/images/icons/dark/cog.png not found  
[27-Apr-2024 20:47:43 UTC] routing.INFO: Page /themes/admin_default/images/icons/dark/signal.png not found  
[27-Apr-2024 20:47:43 UTC] routing.INFO: Page /themes/admin_default/images/icons/dark/pencil.png not found  
[27-Apr-2024 20:47:43 UTC] routing.INFO: Page /themes/admin_default/images/icons/dark/trash.png not found  
[27-Apr-2024 20:47:45 UTC] routing.INFO: Page /themes/admin_default/images/icons/dark/signal.png not found  
[27-Apr-2024 20:47:45 UTC] routing.INFO: Page /themes/admin_default/images/icons/dark/cog.png not found  
[27-Apr-2024 20:47:45 UTC] routing.INFO: Page /themes/admin_default/images/icons/dark/pencil.png not found  
[27-Apr-2024 20:47:45 UTC] routing.INFO: Page /themes/admin_default/images/icons/dark/trash.png not found  
[27-Apr-2024 20:48:30 UTC] routing.INFO: Page /themes/admin_default/images/icons/dark/signal.png not found  
[27-Apr-2024 20:48:30 UTC] routing.INFO: Page /themes/admin_default/images/icons/dark/cog.png not found  
[27-Apr-2024 20:48:30 UTC] routing.INFO: Page /themes/admin_default/images/icons/dark/pencil.png not found  
[27-Apr-2024 20:48:30 UTC] routing.INFO: Page /themes/admin_default/images/icons/dark/trash.png not found  
[27-Apr-2024 20:52:21 UTC] routing.INFO: Page /themes/admin_default/images/icons/dark/signal.png not found  
[27-Apr-2024 20:52:21 UTC] routing.INFO: Page /themes/admin_default/images/icons/dark/cog.png not found  
[27-Apr-2024 20:52:21 UTC] routing.INFO: Page /themes/admin_default/images/icons/dark/pencil.png not found  
[27-Apr-2024 20:52:21 UTC] routing.INFO: Page /themes/admin_default/images/icons/dark/trash.png not found  
[27-Apr-2024 20:52:22 UTC] routing.INFO: Page /themes/admin_default/images/icons/dark/cog.png not found  
[27-Apr-2024 20:52:22 UTC] routing.INFO: Page /themes/admin_default/images/icons/dark/signal.png not found  
[27-Apr-2024 20:52:22 UTC] routing.INFO: Page /themes/admin_default/images/icons/dark/pencil.png not found  
[27-Apr-2024 20:52:22 UTC] routing.INFO: Page /themes/admin_default/images/icons/dark/trash.png not found  
[27-Apr-2024 20:52:24 UTC] routing.INFO: Page /themes/admin_default/images/icons/dark/signal.png not found  
[27-Apr-2024 20:52:24 UTC] routing.INFO: Page /themes/admin_default/images/icons/dark/cog.png not found  
[27-Apr-2024 20:52:24 UTC] routing.INFO: Page /themes/admin_default/images/icons/dark/pencil.png not found  
[27-Apr-2024 20:52:24 UTC] routing.INFO: Page /themes/admin_default/images/icons/dark/trash.png not found  
[27-Apr-2024 20:52:35 UTC] routing.INFO: Page /themes/admin_default/images/icons/dark/cog.png not found  
[27-Apr-2024 20:52:35 UTC] routing.INFO: Page /themes/admin_default/images/icons/dark/signal.png not found  
[27-Apr-2024 20:52:35 UTC] routing.INFO: Page /themes/admin_default/images/icons/dark/pencil.png not found  
[27-Apr-2024 20:52:35 UTC] routing.INFO: Page /themes/admin_default/images/icons/dark/trash.png not found  
[27-Apr-2024 20:53:49 UTC] routing.INFO: Page /themes/admin_default/images/icons/dark/signal.png not found  
[27-Apr-2024 20:53:49 UTC] routing.INFO: Page /themes/admin_default/images/icons/dark/cog.png not found  
[27-Apr-2024 20:53:49 UTC] routing.INFO: Page /themes/admin_default/images/icons/dark/pencil.png not found  
[27-Apr-2024 20:53:49 UTC] routing.INFO: Page /themes/admin_default/images/icons/dark/trash.png not found  
[27-Apr-2024 20:53:51 UTC] routing.INFO: Page /themes/admin_default/images/icons/dark/cog.png not found  
[27-Apr-2024 20:53:51 UTC] routing.INFO: Page /themes/admin_default/images/icons/dark/signal.png not found  
[27-Apr-2024 20:53:51 UTC] routing.INFO: Page /themes/admin_default/images/icons/dark/pencil.png not found  
[27-Apr-2024 20:53:51 UTC] routing.INFO: Page /themes/admin_default/images/icons/dark/trash.png not found  
[27-Apr-2024 20:53:53 UTC] routing.INFO: Page /themes/admin_default/images/icons/dark/signal.png not found  
[27-Apr-2024 20:53:53 UTC] routing.INFO: Page /themes/admin_default/images/icons/dark/cog.png not found  
[27-Apr-2024 20:53:53 UTC] routing.INFO: Page /themes/admin_default/images/icons/dark/pencil.png not found  
[27-Apr-2024 20:53:53 UTC] routing.INFO: Page /themes/admin_default/images/icons/dark/trash.png not found  
[27-Apr-2024 20:54:43 UTC] routing.INFO: Page /themes/admin_default/images/icons/dark/signal.png not found  
[27-Apr-2024 20:54:43 UTC] routing.INFO: Page /themes/admin_default/images/icons/dark/cog.png not found  
[27-Apr-2024 20:54:43 UTC] routing.INFO: Page /themes/admin_default/images/icons/dark/pencil.png not found  
[27-Apr-2024 20:54:43 UTC] routing.INFO: Page /themes/admin_default/images/icons/dark/trash.png not found  
[27-Apr-2024 20:56:51 UTC] routing.INFO: Page /themes/admin_default/images/icons/dark/signal.png not found  
[27-Apr-2024 20:56:51 UTC] routing.INFO: Page /themes/admin_default/images/icons/dark/cog.png not found  
[27-Apr-2024 20:56:51 UTC] routing.INFO: Page /themes/admin_default/images/icons/dark/pencil.png not found  
[27-Apr-2024 20:56:51 UTC] routing.INFO: Page /themes/admin_default/images/icons/dark/trash.png not found  
[27-Apr-2024 20:57:00 UTC] routing.INFO: Page /themes/admin_default/images/icons/dark/cog.png not found  
[27-Apr-2024 20:57:00 UTC] routing.INFO: Page /themes/admin_default/images/icons/dark/signal.png not found  
[27-Apr-2024 20:57:00 UTC] routing.INFO: Page /themes/admin_default/images/icons/dark/pencil.png not found  
[27-Apr-2024 20:57:00 UTC] routing.INFO: Page /themes/admin_default/images/icons/dark/trash.png not found  
[27-Apr-2024 20:58:00 UTC] routing.INFO: Page /themes/admin_default/images/icons/dark/cog.png not found  
[27-Apr-2024 20:58:00 UTC] routing.INFO: Page /themes/admin_default/images/icons/dark/signal.png not found  
[27-Apr-2024 20:58:00 UTC] routing.INFO: Page /themes/admin_default/images/icons/dark/pencil.png not found  
[27-Apr-2024 20:58:00 UTC] routing.INFO: Page /themes/admin_default/images/icons/dark/trash.png not found  
[27-Apr-2024 20:58:06 UTC] routing.INFO: Page /themes/admin_default/images/icons/dark/signal.png not found  
[27-Apr-2024 20:58:06 UTC] routing.INFO: Page /themes/admin_default/images/icons/dark/cog.png not found  
[27-Apr-2024 20:58:06 UTC] routing.INFO: Page /themes/admin_default/images/icons/dark/pencil.png not found  
[27-Apr-2024 20:58:06 UTC] routing.INFO: Page /themes/admin_default/images/icons/dark/trash.png not found  
[27-Apr-2024 20:58:15 UTC] routing.INFO: Page /themes/admin_default/images/icons/dark/cog.png not found  
[27-Apr-2024 20:58:15 UTC] routing.INFO: Page /themes/admin_default/images/icons/dark/signal.png not found  
[27-Apr-2024 20:58:15 UTC] routing.INFO: Page /themes/admin_default/images/icons/dark/pencil.png not found  
[27-Apr-2024 20:58:15 UTC] routing.INFO: Page /themes/admin_default/images/icons/dark/trash.png not found  
[27-Apr-2024 20:59:09 UTC] routing.INFO: Page /themes/admin_default/images/icons/dark/signal.png not found  
[27-Apr-2024 20:59:09 UTC] routing.INFO: Page /themes/admin_default/images/icons/dark/cog.png not found  
[27-Apr-2024 20:59:09 UTC] routing.INFO: Page /themes/admin_default/images/icons/dark/pencil.png not found  
[27-Apr-2024 20:59:09 UTC] routing.INFO: Page /themes/admin_default/images/icons/dark/trash.png not found  
[27-Apr-2024 21:01:07 UTC] routing.INFO: Page /themes/admin_default/images/icons/dark/signal.png not found  
[27-Apr-2024 21:01:07 UTC] routing.INFO: Page /themes/admin_default/images/icons/dark/cog.png not found  
[27-Apr-2024 21:01:07 UTC] routing.INFO: Page /themes/admin_default/images/icons/dark/pencil.png not found  
[27-Apr-2024 21:01:07 UTC] routing.INFO: Page /themes/admin_default/images/icons/dark/trash.png not found  
[27-Apr-2024 21:01:19 UTC] routing.INFO: Page /themes/admin_default/images/icons/dark/signal.png not found  
[27-Apr-2024 21:01:19 UTC] routing.INFO: Page /themes/admin_default/images/icons/dark/cog.png not found  
[27-Apr-2024 21:01:19 UTC] routing.INFO: Page /themes/admin_default/images/icons/dark/pencil.png not found  
[27-Apr-2024 21:01:19 UTC] routing.INFO: Page /themes/admin_default/images/icons/dark/trash.png not found  
[27-Apr-2024 21:02:30 UTC] routing.INFO: Page /themes/admin_default/images/icons/dark/signal.png not found  
[27-Apr-2024 21:02:30 UTC] routing.INFO: Page /themes/admin_default/images/icons/dark/cog.png not found  
[27-Apr-2024 21:02:30 UTC] routing.INFO: Page /themes/admin_default/images/icons/dark/pencil.png not found  
[27-Apr-2024 21:02:30 UTC] routing.INFO: Page /themes/admin_default/images/icons/dark/trash.png not found  
[27-Apr-2024 21:03:15 UTC] routing.INFO: Page /themes/admin_default/images/icons/dark/cog.png not found  
[27-Apr-2024 21:03:15 UTC] routing.INFO: Page /themes/admin_default/images/icons/dark/signal.png not found  
[27-Apr-2024 21:03:15 UTC] routing.INFO: Page /themes/admin_default/images/icons/dark/pencil.png not found  
[27-Apr-2024 21:03:15 UTC] routing.INFO: Page /themes/admin_default/images/icons/dark/trash.png not found  
[27-Apr-2024 21:04:02 UTC] routing.INFO: Page /themes/admin_default/images/icons/dark/signal.png not found  
[27-Apr-2024 21:04:02 UTC] routing.INFO: Page /themes/admin_default/images/icons/dark/cog.png not found  
[27-Apr-2024 21:04:02 UTC] routing.INFO: Page /themes/admin_default/images/icons/dark/pencil.png not found  
[27-Apr-2024 21:04:02 UTC] routing.INFO: Page /themes/admin_default/images/icons/dark/trash.png not found  
[27-Apr-2024 21:07:02 UTC] routing.INFO: Page /themes/admin_default/images/icons/dark/signal.png not found  
[27-Apr-2024 21:07:02 UTC] routing.INFO: Page /themes/admin_default/images/icons/dark/cog.png not found  
[27-Apr-2024 21:07:02 UTC] routing.INFO: Page /themes/admin_default/images/icons/dark/pencil.png not found  
[27-Apr-2024 21:07:02 UTC] routing.INFO: Page /themes/admin_default/images/icons/dark/trash.png not found  
[27-Apr-2024 21:07:03 UTC] routing.INFO: Page /themes/admin_default/images/icons/dark/signal.png not found  
[27-Apr-2024 21:07:03 UTC] routing.INFO: Page /themes/admin_default/images/icons/dark/cog.png not found  
[27-Apr-2024 21:07:03 UTC] routing.INFO: Page /themes/admin_default/images/icons/dark/pencil.png not found  
[27-Apr-2024 21:07:03 UTC] routing.INFO: Page /themes/admin_default/images/icons/dark/trash.png not found  
[27-Apr-2024 21:09:19 UTC] routing.INFO: Page /themes/admin_default/images/icons/dark/signal.png not found  
[27-Apr-2024 21:09:19 UTC] routing.INFO: Page /themes/admin_default/images/icons/dark/cog.png not found  
[27-Apr-2024 21:09:19 UTC] routing.INFO: Page /themes/admin_default/images/icons/dark/pencil.png not found  
[27-Apr-2024 21:09:19 UTC] routing.INFO: Page /themes/admin_default/images/icons/dark/trash.png not found  
[27-Apr-2024 21:10:06 UTC] routing.INFO: Page /themes/admin_default/images/icons/dark/cog.png not found  
[27-Apr-2024 21:10:06 UTC] routing.INFO: Page /themes/admin_default/images/icons/dark/signal.png not found  
[27-Apr-2024 21:10:06 UTC] routing.INFO: Page /themes/admin_default/images/icons/dark/pencil.png not found  
[27-Apr-2024 21:10:06 UTC] routing.INFO: Page /themes/admin_default/images/icons/dark/trash.png not found  
[27-Apr-2024 21:15:33 UTC] routing.INFO: Page /themes/admin_default/images/icons/dark/cog.png not found  
[27-Apr-2024 21:15:33 UTC] routing.INFO: Page /themes/admin_default/images/icons/dark/signal.png not found  
[27-Apr-2024 21:15:33 UTC] routing.INFO: Page /themes/admin_default/images/icons/dark/pencil.png not found  
[27-Apr-2024 21:15:33 UTC] routing.INFO: Page /themes/admin_default/images/icons/dark/trash.png not found  
[27-Apr-2024 21:16:18 UTC] routing.INFO: Page /themes/admin_default/images/icons/dark/cog.png not found  
[27-Apr-2024 21:16:18 UTC] routing.INFO: Page /themes/admin_default/images/icons/dark/pencil.png not found  
[27-Apr-2024 21:16:18 UTC] routing.INFO: Page /themes/admin_default/images/icons/dark/signal.png not found  
[27-Apr-2024 21:16:18 UTC] routing.INFO: Page /themes/admin_default/images/icons/dark/trash.png not found  
[27-Apr-2024 21:16:32 UTC] routing.INFO: Page /themes/admin_default/images/icons/dark/signal.png not found  
[27-Apr-2024 21:16:32 UTC] routing.INFO: Page /themes/admin_default/images/icons/dark/cog.png not found  
[27-Apr-2024 21:16:32 UTC] routing.INFO: Page /themes/admin_default/images/icons/dark/pencil.png not found  
[27-Apr-2024 21:16:32 UTC] routing.INFO: Page /themes/admin_default/images/icons/dark/trash.png not found  
[27-Apr-2024 21:16:50 UTC] routing.INFO: Page /themes/admin_default/images/icons/dark/signal.png not found  
[27-Apr-2024 21:16:50 UTC] routing.INFO: Page /themes/admin_default/images/icons/dark/cog.png not found  
[27-Apr-2024 21:16:50 UTC] routing.INFO: Page /themes/admin_default/images/icons/dark/pencil.png not found  
[27-Apr-2024 21:16:50 UTC] routing.INFO: Page /themes/admin_default/images/icons/dark/trash.png not found  
[27-Apr-2024 21:17:30 UTC] routing.INFO: Page /themes/admin_default/images/icons/dark/signal.png not found  
[27-Apr-2024 21:17:30 UTC] routing.INFO: Page /themes/admin_default/images/icons/dark/cog.png not found  
[27-Apr-2024 21:17:30 UTC] routing.INFO: Page /themes/admin_default/images/icons/dark/pencil.png not found  
[27-Apr-2024 21:17:30 UTC] routing.INFO: Page /themes/admin_default/images/icons/dark/trash.png not found  
[27-Apr-2024 21:50:38 UTC] routing.INFO: Page /themes/admin_default/images/icons/dark/signal.png not found  
[27-Apr-2024 21:50:38 UTC] routing.INFO: Page /themes/admin_default/images/icons/dark/cog.png not found  
[27-Apr-2024 21:50:38 UTC] routing.INFO: Page /themes/admin_default/images/icons/dark/pencil.png not found  
[27-Apr-2024 21:50:38 UTC] routing.INFO: Page /themes/admin_default/images/icons/dark/trash.png not found  
[27-Apr-2024 21:54:29 UTC] routing.INFO: Page /themes/admin_default/images/icons/dark/cog.png not found  
[27-Apr-2024 21:54:29 UTC] routing.INFO: Page /themes/admin_default/images/icons/dark/signal.png not found  
[27-Apr-2024 21:54:29 UTC] routing.INFO: Page /themes/admin_default/images/icons/dark/pencil.png not found  
[27-Apr-2024 21:54:29 UTC] routing.INFO: Page /themes/admin_default/images/icons/dark/trash.png not found  
[27-Apr-2024 21:55:07 UTC] routing.INFO: Page /themes/admin_default/images/icons/dark/cog.png not found  
[27-Apr-2024 21:55:07 UTC] routing.INFO: Page /themes/admin_default/images/icons/dark/signal.png not found  
[27-Apr-2024 21:55:07 UTC] routing.INFO: Page /themes/admin_default/images/icons/dark/pencil.png not found  
[27-Apr-2024 21:55:07 UTC] routing.INFO: Page /themes/admin_default/images/icons/dark/trash.png not found  
[27-Apr-2024 21:55:12 UTC] routing.INFO: Page /themes/admin_default/images/icons/dark/cog.png not found  
[27-Apr-2024 21:55:12 UTC] routing.INFO: Page /themes/admin_default/images/icons/dark/signal.png not found  
[27-Apr-2024 21:55:12 UTC] routing.INFO: Page /themes/admin_default/images/icons/dark/trash.png not found  
[27-Apr-2024 21:55:12 UTC] routing.INFO: Page /themes/admin_default/images/icons/dark/pencil.png not found  
[27-Apr-2024 21:55:38 UTC] routing.INFO: Page /themes/admin_default/images/icons/dark/cog.png not found  
[27-Apr-2024 21:55:38 UTC] routing.INFO: Page /themes/admin_default/images/icons/dark/signal.png not found  
[27-Apr-2024 21:55:38 UTC] routing.INFO: Page /themes/admin_default/images/icons/dark/pencil.png not found  
[27-Apr-2024 21:55:38 UTC] routing.INFO: Page /themes/admin_default/images/icons/dark/trash.png not found  
[27-Apr-2024 22:37:41 UTC] routing.INFO: Page /ecp/Current/exporttool/microsoft.exchange.ediscovery.exporttool.application not found  
[27-Apr-2024 22:48:21 UTC] routing.INFO: Unable to find template "mod_page_favicon.ico" (looked into: /var/www/themes/infobia/html_custom, /var/www/themes/infobia/html, /var/www/modules/Page/html_client).  
[27-Apr-2024 22:48:21 UTC] routing.INFO: Page /favicon.ico not found  
[27-Apr-2024 23:37:00 UTC] routing.INFO: Page /api not found  
