[28-Apr-2024 00:20:18 UTC] routing.INFO: Page /namingo.slonic.net/library/Api/API.js not found  
[28-Apr-2024 00:20:18 UTC] routing.INFO: Unable to find template "mod_page_namingo.slonic.net/themes/infobia/assets/js/bb-jquery.js" (looked into: /var/www/themes/infobia/html_custom, /var/www/themes/infobia/html, /var/www/modules/Page/html_client).  
[28-Apr-2024 00:20:18 UTC] routing.INFO: Page /namingo.slonic.net/themes/infobia/assets/js/bb-jquery.js not found  
[28-Apr-2024 00:20:18 UTC] routing.INFO: Unable to find template "mod_page_namingo.slonic.net/themes/infobia/assets/js/tabler.min.js" (looked into: /var/www/themes/infobia/html_custom, /var/www/themes/infobia/html, /var/www/modules/Page/html_client).  
[28-Apr-2024 00:20:18 UTC] routing.INFO: Page /namingo.slonic.net/themes/infobia/assets/js/tabler.min.js not found  
[28-Apr-2024 00:20:20 UTC] routing.INFO: Unable to find template "mod_page_namingo.slonic.net/themes/infobia/assets/js/jquery-3.7.0.min.js" (looked into: /var/www/themes/infobia/html_custom, /var/www/themes/infobia/html, /var/www/modules/Page/html_client).  
[28-Apr-2024 00:20:20 UTC] routing.INFO: Page /namingo.slonic.net/themes/infobia/assets/js/jquery-3.7.0.min.js not found  
[28-Apr-2024 00:20:32 UTC] routing.INFO: Unable to find template "mod_page_namingo.slonic.net/themes/infobia/assets/js/bb-jquery.js" (looked into: /var/www/themes/infobia/html_custom, /var/www/themes/infobia/html, /var/www/modules/Page/html_client).  
[28-Apr-2024 00:20:32 UTC] routing.INFO: Page /namingo.slonic.net/themes/infobia/assets/js/bb-jquery.js not found  
[28-Apr-2024 00:20:32 UTC] routing.INFO: Unable to find template "mod_page_namingo.slonic.net/themes/infobia/assets/js/tabler.min.js" (looked into: /var/www/themes/infobia/html_custom, /var/www/themes/infobia/html, /var/www/modules/Page/html_client).  
[28-Apr-2024 00:20:32 UTC] routing.INFO: Page /namingo.slonic.net/themes/infobia/assets/js/tabler.min.js not found  
[28-Apr-2024 00:20:32 UTC] routing.INFO: Unable to find template "mod_page_namingo.slonic.net/themes/infobia/assets/js/jquery-3.7.0.min.js" (looked into: /var/www/themes/infobia/html_custom, /var/www/themes/infobia/html, /var/www/modules/Page/html_client).  
[28-Apr-2024 00:20:32 UTC] routing.INFO: Page /namingo.slonic.net/themes/infobia/assets/js/jquery-3.7.0.min.js not found  
[28-Apr-2024 00:20:33 UTC] routing.INFO: Page /namingo.slonic.net/library/Api/API.js not found  
[28-Apr-2024 00:27:46 UTC] routing.INFO: Unable to find template "mod_page_favicon.ico" (looked into: /var/www/themes/infobia/html_custom, /var/www/themes/infobia/html, /var/www/modules/Page/html_client).  
[28-Apr-2024 00:27:46 UTC] routing.INFO: Page /favicon.ico not found  
[28-Apr-2024 02:21:10 UTC] routing.INFO: Unable to find template "mod_page_webui_.html.twig" (looked into: /var/www/themes/infobia/html_custom, /var/www/themes/infobia/html, /var/www/modules/Page/html_client).  
[28-Apr-2024 02:21:10 UTC] routing.INFO: Page /webui/ not found  
[28-Apr-2024 02:24:32 UTC] routing.INFO: Unable to find template "mod_page_favicon.ico" (looked into: /var/www/themes/infobia/html_custom, /var/www/themes/infobia/html, /var/www/modules/Page/html_client).  
[28-Apr-2024 02:24:32 UTC] routing.INFO: Page /favicon.ico not found  
[28-Apr-2024 02:29:34 UTC] routing.INFO: Unable to find template "mod_page_geoserver_web_.html.twig" (looked into: /var/www/themes/infobia/html_custom, /var/www/themes/infobia/html, /var/www/modules/Page/html_client).  
[28-Apr-2024 02:29:34 UTC] routing.INFO: Page /geoserver/web/ not found  
[28-Apr-2024 02:48:58 UTC] routing.INFO: Unable to find template "mod_page_namingo.slonic.net/themes/infobia/assets/js/jquery-3.7.0.min.js" (looked into: /var/www/themes/infobia/html_custom, /var/www/themes/infobia/html, /var/www/modules/Page/html_client).  
[28-Apr-2024 02:48:58 UTC] routing.INFO: Page /namingo.slonic.net/themes/infobia/assets/js/jquery-3.7.0.min.js not found  
[28-Apr-2024 02:48:59 UTC] routing.INFO: Unable to find template "mod_page_namingo.slonic.net/themes/infobia/assets/js/tabler.min.js" (looked into: /var/www/themes/infobia/html_custom, /var/www/themes/infobia/html, /var/www/modules/Page/html_client).  
[28-Apr-2024 02:48:59 UTC] routing.INFO: Page /namingo.slonic.net/themes/infobia/assets/js/tabler.min.js not found  
[28-Apr-2024 02:49:00 UTC] routing.INFO: Page /namingo.slonic.net/library/Api/API.js not found  
[28-Apr-2024 02:50:01 UTC] routing.INFO: Unable to find template "mod_page_namingo.slonic.net/themes/infobia/assets/js/jquery-3.7.0.min.js" (looked into: /var/www/themes/infobia/html_custom, /var/www/themes/infobia/html, /var/www/modules/Page/html_client).  
[28-Apr-2024 02:50:01 UTC] routing.INFO: Page /namingo.slonic.net/themes/infobia/assets/js/jquery-3.7.0.min.js not found  
[28-Apr-2024 02:50:01 UTC] routing.INFO: Page /namingo.slonic.net/library/Api/API.js not found  
[28-Apr-2024 02:50:02 UTC] routing.INFO: Unable to find template "mod_page_namingo.slonic.net/themes/infobia/assets/js/bb-jquery.js" (looked into: /var/www/themes/infobia/html_custom, /var/www/themes/infobia/html, /var/www/modules/Page/html_client).  
[28-Apr-2024 02:50:02 UTC] routing.INFO: Page /namingo.slonic.net/themes/infobia/assets/js/bb-jquery.js not found  
[28-Apr-2024 02:50:04 UTC] routing.INFO: Unable to find template "mod_page_namingo.slonic.net/themes/infobia/assets/js/tabler.min.js" (looked into: /var/www/themes/infobia/html_custom, /var/www/themes/infobia/html, /var/www/modules/Page/html_client).  
[28-Apr-2024 02:50:04 UTC] routing.INFO: Page /namingo.slonic.net/themes/infobia/assets/js/tabler.min.js not found  
[28-Apr-2024 06:35:03 UTC] routing.INFO: Unable to find template "mod_page_namingo.slonic.net/themes/infobia/assets/js/tabler.min.js" (looked into: /var/www/themes/infobia/html_custom, /var/www/themes/infobia/html, /var/www/modules/Page/html_client).  
[28-Apr-2024 06:35:03 UTC] routing.INFO: Page /namingo.slonic.net/themes/infobia/assets/js/tabler.min.js not found  
[28-Apr-2024 06:35:03 UTC] routing.INFO: Page /namingo.slonic.net/library/Api/API.js not found  
[28-Apr-2024 06:35:03 UTC] routing.INFO: Unable to find template "mod_page_namingo.slonic.net/themes/infobia/assets/js/bb-jquery.js" (looked into: /var/www/themes/infobia/html_custom, /var/www/themes/infobia/html, /var/www/modules/Page/html_client).  
[28-Apr-2024 06:35:03 UTC] routing.INFO: Page /namingo.slonic.net/themes/infobia/assets/js/bb-jquery.js not found  
[28-Apr-2024 06:35:05 UTC] routing.INFO: Unable to find template "mod_page_namingo.slonic.net/themes/infobia/assets/js/jquery-3.7.0.min.js" (looked into: /var/www/themes/infobia/html_custom, /var/www/themes/infobia/html, /var/www/modules/Page/html_client).  
[28-Apr-2024 06:35:05 UTC] routing.INFO: Page /namingo.slonic.net/themes/infobia/assets/js/jquery-3.7.0.min.js not found  
[28-Apr-2024 06:35:21 UTC] routing.INFO: Unable to find template "mod_page_namingo.slonic.net/themes/infobia/assets/js/bb-jquery.js" (looked into: /var/www/themes/infobia/html_custom, /var/www/themes/infobia/html, /var/www/modules/Page/html_client).  
[28-Apr-2024 06:35:21 UTC] routing.INFO: Page /namingo.slonic.net/themes/infobia/assets/js/bb-jquery.js not found  
[28-Apr-2024 06:35:21 UTC] routing.INFO: Unable to find template "mod_page_namingo.slonic.net/themes/infobia/assets/js/tabler.min.js" (looked into: /var/www/themes/infobia/html_custom, /var/www/themes/infobia/html, /var/www/modules/Page/html_client).  
[28-Apr-2024 06:35:21 UTC] routing.INFO: Page /namingo.slonic.net/themes/infobia/assets/js/tabler.min.js not found  
[28-Apr-2024 06:35:21 UTC] routing.INFO: Page /namingo.slonic.net/library/Api/API.js not found  
[28-Apr-2024 06:35:23 UTC] routing.INFO: Unable to find template "mod_page_namingo.slonic.net/themes/infobia/assets/js/jquery-3.7.0.min.js" (looked into: /var/www/themes/infobia/html_custom, /var/www/themes/infobia/html, /var/www/modules/Page/html_client).  
[28-Apr-2024 06:35:23 UTC] routing.INFO: Page /namingo.slonic.net/themes/infobia/assets/js/jquery-3.7.0.min.js not found  
[28-Apr-2024 06:35:39 UTC] routing.INFO: Unable to find template "mod_page_namingo.slonic.net/themes/infobia/assets/js/jquery-3.7.0.min.js" (looked into: /var/www/themes/infobia/html_custom, /var/www/themes/infobia/html, /var/www/modules/Page/html_client).  
[28-Apr-2024 06:35:39 UTC] routing.INFO: Page /namingo.slonic.net/themes/infobia/assets/js/jquery-3.7.0.min.js not found  
[28-Apr-2024 06:35:39 UTC] routing.INFO: Page /namingo.slonic.net/library/Api/API.js not found  
[28-Apr-2024 06:35:40 UTC] routing.INFO: Unable to find template "mod_page_namingo.slonic.net/themes/infobia/assets/js/tabler.min.js" (looked into: /var/www/themes/infobia/html_custom, /var/www/themes/infobia/html, /var/www/modules/Page/html_client).  
[28-Apr-2024 06:35:40 UTC] routing.INFO: Page /namingo.slonic.net/themes/infobia/assets/js/tabler.min.js not found  
[28-Apr-2024 06:35:40 UTC] routing.INFO: Unable to find template "mod_page_namingo.slonic.net/themes/infobia/assets/js/bb-jquery.js" (looked into: /var/www/themes/infobia/html_custom, /var/www/themes/infobia/html, /var/www/modules/Page/html_client).  
[28-Apr-2024 06:35:40 UTC] routing.INFO: Page /namingo.slonic.net/themes/infobia/assets/js/bb-jquery.js not found  
[28-Apr-2024 06:35:57 UTC] routing.INFO: Page /namingo.slonic.net/library/Api/API.js not found  
[28-Apr-2024 06:35:57 UTC] routing.INFO: Unable to find template "mod_page_namingo.slonic.net/themes/infobia/assets/js/bb-jquery.js" (looked into: /var/www/themes/infobia/html_custom, /var/www/themes/infobia/html, /var/www/modules/Page/html_client).  
[28-Apr-2024 06:35:57 UTC] routing.INFO: Page /namingo.slonic.net/themes/infobia/assets/js/bb-jquery.js not found  
[28-Apr-2024 06:35:57 UTC] routing.INFO: Unable to find template "mod_page_namingo.slonic.net/themes/infobia/assets/js/tabler.min.js" (looked into: /var/www/themes/infobia/html_custom, /var/www/themes/infobia/html, /var/www/modules/Page/html_client).  
[28-Apr-2024 06:35:57 UTC] routing.INFO: Page /namingo.slonic.net/themes/infobia/assets/js/tabler.min.js not found  
[28-Apr-2024 06:35:58 UTC] routing.INFO: Unable to find template "mod_page_namingo.slonic.net/themes/infobia/assets/js/jquery-3.7.0.min.js" (looked into: /var/www/themes/infobia/html_custom, /var/www/themes/infobia/html, /var/www/modules/Page/html_client).  
[28-Apr-2024 06:35:58 UTC] routing.INFO: Page /namingo.slonic.net/themes/infobia/assets/js/jquery-3.7.0.min.js not found  
[28-Apr-2024 07:09:30 UTC] routing.INFO: Unable to find template "mod_page_favicon.ico" (looked into: /var/www/themes/infobia/html_custom, /var/www/themes/infobia/html, /var/www/modules/Page/html_client).  
[28-Apr-2024 07:09:30 UTC] routing.INFO: Page /favicon.ico not found  
[28-Apr-2024 08:00:35 UTC] routing.INFO: Unable to find template "mod_page_favicon.ico" (looked into: /var/www/themes/infobia/html_custom, /var/www/themes/infobia/html, /var/www/modules/Page/html_client).  
[28-Apr-2024 08:00:35 UTC] routing.INFO: Page /favicon.ico not found  
[28-Apr-2024 13:18:45 UTC] routing.INFO: Unable to find template "mod_page_favicon.ico" (looked into: /var/www/themes/infobia/html_custom, /var/www/themes/infobia/html, /var/www/modules/Page/html_client).  
[28-Apr-2024 13:18:45 UTC] routing.INFO: Page /favicon.ico not found  
[28-Apr-2024 17:39:30 UTC] routing.INFO: Unable to find template "mod_page_favicon.ico" (looked into: /var/www/themes/infobia/html_custom, /var/www/themes/infobia/html, /var/www/modules/Page/html_client).  
[28-Apr-2024 17:39:30 UTC] routing.INFO: Page /favicon.ico not found  
[28-Apr-2024 18:03:07 UTC] routing.INFO: Unable to find template "mod_page_dns-query.html.twig" (looked into: /var/www/themes/infobia/html_custom, /var/www/themes/infobia/html, /var/www/modules/Page/html_client).  
[28-Apr-2024 18:03:07 UTC] routing.INFO: Page /dns-query not found  
[28-Apr-2024 18:03:09 UTC] routing.INFO: Unable to find template "mod_page_dns-query.html.twig" (looked into: /var/www/themes/infobia/html_custom, /var/www/themes/infobia/html, /var/www/modules/Page/html_client).  
[28-Apr-2024 18:03:09 UTC] routing.INFO: Page /dns-query not found  
[28-Apr-2024 18:03:10 UTC] routing.INFO: Unable to find template "mod_page_dns-query.html.twig" (looked into: /var/www/themes/infobia/html_custom, /var/www/themes/infobia/html, /var/www/modules/Page/html_client).  
[28-Apr-2024 18:03:10 UTC] routing.INFO: Page /dns-query not found  
[28-Apr-2024 18:03:14 UTC] routing.INFO: Unable to find template "mod_page_dns-query.html.twig" (looked into: /var/www/themes/infobia/html_custom, /var/www/themes/infobia/html, /var/www/modules/Page/html_client).  
[28-Apr-2024 18:03:14 UTC] routing.INFO: Page /dns-query not found  
[28-Apr-2024 18:03:14 UTC] routing.INFO: Unable to find template "mod_page_dns-query.html.twig" (looked into: /var/www/themes/infobia/html_custom, /var/www/themes/infobia/html, /var/www/modules/Page/html_client).  
[28-Apr-2024 18:03:14 UTC] routing.INFO: Page /dns-query not found  
[28-Apr-2024 18:03:17 UTC] routing.INFO: Unable to find template "mod_page_dns-query.html.twig" (looked into: /var/www/themes/infobia/html_custom, /var/www/themes/infobia/html, /var/www/modules/Page/html_client).  
[28-Apr-2024 18:03:17 UTC] routing.INFO: Page /dns-query not found  
[28-Apr-2024 18:03:23 UTC] routing.INFO: Unable to find template "mod_page_query.html.twig" (looked into: /var/www/themes/infobia/html_custom, /var/www/themes/infobia/html, /var/www/modules/Page/html_client).  
[28-Apr-2024 18:03:23 UTC] routing.INFO: Page /query not found  
[28-Apr-2024 18:03:26 UTC] routing.INFO: Unable to find template "mod_page_query.html.twig" (looked into: /var/www/themes/infobia/html_custom, /var/www/themes/infobia/html, /var/www/modules/Page/html_client).  
[28-Apr-2024 18:03:26 UTC] routing.INFO: Page /query not found  
[28-Apr-2024 18:03:30 UTC] routing.INFO: Unable to find template "mod_page_query.html.twig" (looked into: /var/www/themes/infobia/html_custom, /var/www/themes/infobia/html, /var/www/modules/Page/html_client).  
[28-Apr-2024 18:03:30 UTC] routing.INFO: Page /query not found  
[28-Apr-2024 18:03:34 UTC] routing.INFO: Unable to find template "mod_page_query.html.twig" (looked into: /var/www/themes/infobia/html_custom, /var/www/themes/infobia/html, /var/www/modules/Page/html_client).  
[28-Apr-2024 18:03:34 UTC] routing.INFO: Page /query not found  
[28-Apr-2024 18:03:40 UTC] routing.INFO: Unable to find template "mod_page_query.html.twig" (looked into: /var/www/themes/infobia/html_custom, /var/www/themes/infobia/html, /var/www/modules/Page/html_client).  
[28-Apr-2024 18:03:40 UTC] routing.INFO: Page /query not found  
[28-Apr-2024 18:03:43 UTC] routing.INFO: Unable to find template "mod_page_query.html.twig" (looked into: /var/www/themes/infobia/html_custom, /var/www/themes/infobia/html, /var/www/modules/Page/html_client).  
[28-Apr-2024 18:03:43 UTC] routing.INFO: Page /query not found  
[28-Apr-2024 18:03:44 UTC] routing.INFO: Unable to find template "mod_page_resolve.html.twig" (looked into: /var/www/themes/infobia/html_custom, /var/www/themes/infobia/html, /var/www/modules/Page/html_client).  
[28-Apr-2024 18:03:44 UTC] routing.INFO: Page /resolve not found  
[28-Apr-2024 18:03:45 UTC] routing.INFO: Unable to find template "mod_page_resolve.html.twig" (looked into: /var/www/themes/infobia/html_custom, /var/www/themes/infobia/html, /var/www/modules/Page/html_client).  
[28-Apr-2024 18:03:45 UTC] routing.INFO: Page /resolve not found  
[28-Apr-2024 18:03:49 UTC] routing.INFO: Unable to find template "mod_page_resolve.html.twig" (looked into: /var/www/themes/infobia/html_custom, /var/www/themes/infobia/html, /var/www/modules/Page/html_client).  
[28-Apr-2024 18:03:49 UTC] routing.INFO: Page /resolve not found  
[28-Apr-2024 18:03:52 UTC] routing.INFO: Unable to find template "mod_page_resolve.html.twig" (looked into: /var/www/themes/infobia/html_custom, /var/www/themes/infobia/html, /var/www/modules/Page/html_client).  
[28-Apr-2024 18:03:52 UTC] routing.INFO: Page /resolve not found  
[28-Apr-2024 18:04:02 UTC] routing.INFO: Unable to find template "mod_page_resolve.html.twig" (looked into: /var/www/themes/infobia/html_custom, /var/www/themes/infobia/html, /var/www/modules/Page/html_client).  
[28-Apr-2024 18:04:02 UTC] routing.INFO: Page /resolve not found  
[28-Apr-2024 18:04:03 UTC] routing.INFO: Unable to find template "mod_page_resolve.html.twig" (looked into: /var/www/themes/infobia/html_custom, /var/www/themes/infobia/html, /var/www/modules/Page/html_client).  
[28-Apr-2024 18:04:03 UTC] routing.INFO: Page /resolve not found  
[28-Apr-2024 18:04:10 UTC] routing.INFO: Page  not found  
[28-Apr-2024 18:04:40 UTC] routing.INFO: Page  not found  
[28-Apr-2024 20:11:06 UTC] routing.INFO: Page /namingo.slonic.net/library/Api/API.js not found  
[28-Apr-2024 20:11:06 UTC] routing.INFO: Unable to find template "mod_page_namingo.slonic.net/themes/infobia/assets/js/tabler.min.js" (looked into: /var/www/themes/infobia/html_custom, /var/www/themes/infobia/html, /var/www/modules/Page/html_client).  
[28-Apr-2024 20:11:06 UTC] routing.INFO: Page /namingo.slonic.net/themes/infobia/assets/js/tabler.min.js not found  
[28-Apr-2024 20:11:06 UTC] routing.INFO: Unable to find template "mod_page_namingo.slonic.net/themes/infobia/assets/js/bb-jquery.js" (looked into: /var/www/themes/infobia/html_custom, /var/www/themes/infobia/html, /var/www/modules/Page/html_client).  
[28-Apr-2024 20:11:06 UTC] routing.INFO: Page /namingo.slonic.net/themes/infobia/assets/js/bb-jquery.js not found  
[28-Apr-2024 20:11:08 UTC] routing.INFO: Unable to find template "mod_page_namingo.slonic.net/themes/infobia/assets/js/jquery-3.7.0.min.js" (looked into: /var/www/themes/infobia/html_custom, /var/www/themes/infobia/html, /var/www/modules/Page/html_client).  
[28-Apr-2024 20:11:08 UTC] routing.INFO: Page /namingo.slonic.net/themes/infobia/assets/js/jquery-3.7.0.min.js not found  
[28-Apr-2024 20:11:32 UTC] routing.INFO: Unable to find template "mod_page_namingo.slonic.net/themes/infobia/assets/js/bb-jquery.js" (looked into: /var/www/themes/infobia/html_custom, /var/www/themes/infobia/html, /var/www/modules/Page/html_client).  
[28-Apr-2024 20:11:32 UTC] routing.INFO: Page /namingo.slonic.net/themes/infobia/assets/js/bb-jquery.js not found  
[28-Apr-2024 20:11:32 UTC] routing.INFO: Unable to find template "mod_page_namingo.slonic.net/themes/infobia/assets/js/tabler.min.js" (looked into: /var/www/themes/infobia/html_custom, /var/www/themes/infobia/html, /var/www/modules/Page/html_client).  
[28-Apr-2024 20:11:32 UTC] routing.INFO: Page /namingo.slonic.net/themes/infobia/assets/js/tabler.min.js not found  
[28-Apr-2024 20:11:34 UTC] routing.INFO: Page /namingo.slonic.net/library/Api/API.js not found  
[28-Apr-2024 20:11:34 UTC] routing.INFO: Unable to find template "mod_page_namingo.slonic.net/themes/infobia/assets/js/jquery-3.7.0.min.js" (looked into: /var/www/themes/infobia/html_custom, /var/www/themes/infobia/html, /var/www/modules/Page/html_client).  
[28-Apr-2024 20:11:34 UTC] routing.INFO: Page /namingo.slonic.net/themes/infobia/assets/js/jquery-3.7.0.min.js not found  
[28-Apr-2024 20:37:21 UTC] routing.INFO: Unable to find template "mod_page_actuator_gateway_routes.html.twig" (looked into: /var/www/themes/infobia/html_custom, /var/www/themes/infobia/html, /var/www/modules/Page/html_client).  
[28-Apr-2024 20:37:21 UTC] routing.INFO: Page /actuator/gateway/routes not found  
[28-Apr-2024 21:39:11 UTC] routing.INFO: Unable to find template "mod_page_favicon.ico" (looked into: /var/www/themes/infobia/html_custom, /var/www/themes/infobia/html, /var/www/modules/Page/html_client).  
[28-Apr-2024 21:39:11 UTC] routing.INFO: Page /favicon.ico not found  
[28-Apr-2024 22:01:48 UTC] routing.INFO: Unable to find template "mod_page_favicon.ico" (looked into: /var/www/themes/infobia/html_custom, /var/www/themes/infobia/html, /var/www/modules/Page/html_client).  
[28-Apr-2024 22:01:48 UTC] routing.INFO: Page /favicon.ico not found  
